{
  "stats": {
    "suites": 6,
    "tests": 46,
    "passes": 25,
    "pending": 0,
    "failures": 21,
    "testsRegistered": 46,
    "passPercent": 54.34782608695652,
    "pendingPercent": 0,
    "other": 0,
    "hasOther": false,
    "skipped": 0,
    "hasSkipped": false,
    "start": "2024-04-14T16:44:00.362Z",
    "end": "2024-04-14T16:44:56.049Z",
    "duration": 55687
  },
  "results": [
    {
      "uuid": "97005075-072b-4d84-ac84-b3c09f6c8118",
      "title": "",
      "fullFile": "cypress\\e2e\\frontend\\add-product.cy.js",
      "file": "cypress\\e2e\\frontend\\add-product.cy.js",
      "beforeHooks": [],
      "afterHooks": [],
      "tests": [],
      "suites": [
        {
          "uuid": "c77cc2dd-ca13-410f-a389-d0001adb999b",
          "title": "Page /products/add",
          "fullFile": "",
          "file": "",
          "beforeHooks": [],
          "afterHooks": [],
          "tests": [
            {
              "title": "post product",
              "fullTitle": "Page /products/add post product",
              "timedOut": null,
              "duration": 967,
              "state": "passed",
              "speed": "fast",
              "pass": true,
              "fail": false,
              "pending": false,
              "context": null,
              "code": "// Note : Test le scénario d'un ajout de produit réussi\ncy.visit(url, {\n  onBeforeLoad: function (window) {\n    window.localStorage.setItem(\"token\", _tokens.aliceToken);\n  }\n});\n(0, _orm.createProduct)().then(({\n  originalProduct,\n  product\n}) => {\n  cy.get(\"[data-test-product-name]\").type(product.name);\n  cy.get(\"[data-test-product-description]\").type(product.description);\n  cy.get(\"[data-test-product-category]\").type(product.category);\n  cy.get(\"[data-test-product-price]\").type(product.originalPrice);\n  cy.get(\"[data-test-product-picture]\").type(\"{selectAll}{del}\");\n  cy.get(\"[data-test-product-picture]\").type(product.pictureUrl);\n  cy.get(\"[data-test-product-end-date]\").type((0, _automate.prepareDateToType)(originalProduct.endDate));\n  cy.intercept(\"POST\", \"http://localhost:3000/api/products\").as(\"postProduct\");\n  cy.get(\"[data-test-submit]\").click();\n  cy.wait(\"@postProduct\").then(interception => {\n    expect(interception.response.statusCode).to.eq(201);\n    const id = interception.response.body.id;\n    cy.url().should(\"contain\", `/products/${id}`);\n  });\n});",
              "err": {},
              "uuid": "6ea91f04-b95a-4155-8833-add11d30e439",
              "parentUUID": "c77cc2dd-ca13-410f-a389-d0001adb999b",
              "isHook": false,
              "skipped": false
            },
            {
              "title": "display spinner",
              "fullTitle": "Page /products/add display spinner",
              "timedOut": null,
              "duration": 206,
              "state": "passed",
              "speed": "fast",
              "pass": true,
              "fail": false,
              "pending": false,
              "context": null,
              "code": "// Note : Test la présence d'un spinner lors de l'envoi de la requête\ncy.visit(url, {\n  onBeforeLoad: function (window) {\n    window.localStorage.setItem(\"token\", _tokens.aliceToken);\n  }\n});\n(0, _orm.createProduct)().then(({\n  originalProduct,\n  product\n}) => {\n  cy.get(\"[data-test-product-name]\").type(product.name);\n  cy.get(\"[data-test-product-description]\").type(product.description);\n  cy.get(\"[data-test-product-category]\").type(product.category);\n  cy.get(\"[data-test-product-price]\").type(product.originalPrice);\n  cy.get(\"[data-test-product-picture]\").type(\"{selectAll}{del}\");\n  cy.get(\"[data-test-product-picture]\").type(product.pictureUrl);\n  cy.get(\"[data-test-product-end-date]\").type((0, _automate.prepareDateToType)(originalProduct.endDate));\n  cy.intercept(\"POST\", \"http://localhost:3000/api/products\", {\n    delay: 2000\n  }).as(\"postProduct\");\n  cy.get(\"[data-test-submit]\").click();\n  cy.get(\"[data-test-submit]\").should(\"have.attr\", \"disabled\");\n  cy.get(\"[data-test-spinner]\").should(\"exist\");\n});",
              "err": {},
              "uuid": "8e09a49e-504f-4936-a2b9-904bd7b5fca7",
              "parentUUID": "c77cc2dd-ca13-410f-a389-d0001adb999b",
              "isHook": false,
              "skipped": false
            },
            {
              "title": "display error",
              "fullTitle": "Page /products/add display error",
              "timedOut": null,
              "duration": 194,
              "state": "passed",
              "speed": "fast",
              "pass": true,
              "fail": false,
              "pending": false,
              "context": null,
              "code": "// Note : Test le scénario d'un ajout de produit avec un échec\ncy.visit(url, {\n  onBeforeLoad: function (window) {\n    window.localStorage.setItem(\"token\", _tokens.aliceToken);\n  }\n});\ncy.get(\"[data-test-error]\").should(\"not.exist\");\n(0, _orm.createProduct)().then(({\n  originalProduct,\n  product\n}) => {\n  cy.get(\"[data-test-product-name]\").type(product.name);\n  cy.get(\"[data-test-product-description]\").type(product.description);\n  cy.get(\"[data-test-product-category]\").type(product.category);\n  cy.get(\"[data-test-product-price]\").type(product.originalPrice);\n  cy.get(\"[data-test-product-picture]\").type(\"{selectAll}{del}\");\n  cy.get(\"[data-test-product-picture]\").type(product.pictureUrl);\n  cy.get(\"[data-test-product-end-date]\").type((0, _automate.prepareDateToType)(originalProduct.endDate));\n  cy.intercept(\"POST\", \"http://localhost:3000/api/products\", {\n    statusCode: 500\n  }).as(\"postProduct\");\n  cy.get(\"[data-test-submit]\").click();\n  cy.get(\"[data-test-error]\").should(\"exist\");\n});",
              "err": {},
              "uuid": "0329eb0f-c956-4c59-a552-ed3e641e1116",
              "parentUUID": "c77cc2dd-ca13-410f-a389-d0001adb999b",
              "isHook": false,
              "skipped": false
            }
          ],
          "suites": [],
          "passes": [
            "6ea91f04-b95a-4155-8833-add11d30e439",
            "8e09a49e-504f-4936-a2b9-904bd7b5fca7",
            "0329eb0f-c956-4c59-a552-ed3e641e1116"
          ],
          "failures": [],
          "pending": [],
          "skipped": [],
          "duration": 1367,
          "root": false,
          "rootEmpty": false,
          "_timeout": 2000
        }
      ],
      "passes": [],
      "failures": [],
      "pending": [],
      "skipped": [],
      "duration": 0,
      "root": true,
      "rootEmpty": true,
      "_timeout": 2000
    },
    {
      "uuid": "45aa5440-f755-4823-9d57-4217b829d471",
      "title": "",
      "fullFile": "cypress\\e2e\\frontend\\edit-product.cy.js",
      "file": "cypress\\e2e\\frontend\\edit-product.cy.js",
      "beforeHooks": [],
      "afterHooks": [],
      "tests": [],
      "suites": [
        {
          "uuid": "68c6176e-bbbe-4ff3-9e3b-d84232f8da4e",
          "title": "Page /products/:productId/edit",
          "fullFile": "",
          "file": "",
          "beforeHooks": [],
          "afterHooks": [],
          "tests": [
            {
              "title": "post product",
              "fullTitle": "Page /products/:productId/edit post product",
              "timedOut": null,
              "duration": 209,
              "state": "passed",
              "speed": "fast",
              "pass": true,
              "fail": false,
              "pending": false,
              "context": null,
              "code": "(0, _orm.createProduct)().then(({\n  product\n}) => {\n  // Note : Test le scénario de modification de produit réussi\n  cy.visit(`http://localhost:5173/products/${product.id}/edit`, {\n    onBeforeLoad: function (window) {\n      window.localStorage.setItem(\"token\", _tokens.aliceToken);\n    }\n  });\n  const newProduct = (0, _orm.buildProduct)();\n  cy.get(\"[data-test-product-name]\").type(\"{selectAll}{del}\");\n  cy.get(\"[data-test-product-name]\").type(newProduct.name);\n  cy.get(\"[data-test-product-description]\").type(\"{selectAll}{del}\");\n  cy.get(\"[data-test-product-description]\").type(newProduct.description);\n  cy.get(\"[data-test-product-category]\").type(\"{selectAll}{del}\");\n  cy.get(\"[data-test-product-category]\").type(newProduct.category);\n  cy.get(\"[data-test-product-price]\").type(\"{selectAll}{del}\");\n  cy.get(\"[data-test-product-price]\").type(newProduct.originalPrice);\n  cy.get(\"[data-test-product-picture]\").type(\"{selectAll}{del}\");\n  cy.get(\"[data-test-product-picture]\").type(newProduct.pictureUrl);\n  cy.get(\"[data-test-product-end-date]\").type(\"{selectAll}{del}\");\n  cy.get(\"[data-test-product-end-date]\").type((0, _automate.prepareDateToType)(newProduct.endDate));\n  cy.intercept(\"PUT\", \"http://localhost:3000/api/products/\" + product.id).as(\"putProduct\");\n  cy.get(\"[data-test-submit]\").click();\n  cy.wait(\"@putProduct\").then(interception => {\n    expect(interception.response.statusCode).to.eq(200);\n    const id = interception.response.body.id;\n    cy.url().should(\"contain\", `/products/${id}`);\n  });\n});",
              "err": {},
              "uuid": "e86ebf60-08a4-4825-9c4e-133fa905ed37",
              "parentUUID": "68c6176e-bbbe-4ff3-9e3b-d84232f8da4e",
              "isHook": false,
              "skipped": false
            },
            {
              "title": "display spinner",
              "fullTitle": "Page /products/:productId/edit display spinner",
              "timedOut": null,
              "duration": 88,
              "state": "passed",
              "speed": "fast",
              "pass": true,
              "fail": false,
              "pending": false,
              "context": null,
              "code": "// Note : Test la présence d'un spinner lors de l'envoi de la requête\n(0, _orm.createProduct)().then(({\n  product\n}) => {\n  cy.visit(`http://localhost:5173/products/${product.id}/edit`, {\n    onBeforeLoad: function (window) {\n      window.localStorage.setItem(\"token\", _tokens.aliceToken);\n    }\n  });\n  const newProduct = (0, _orm.buildProduct)();\n  cy.get(\"[data-test-product-name]\").type(\"{selectAll}{del}\");\n  cy.get(\"[data-test-product-name]\").type(newProduct.name);\n  cy.get(\"[data-test-product-description]\").type(\"{selectAll}{del}\");\n  cy.get(\"[data-test-product-description]\").type(newProduct.description);\n  cy.get(\"[data-test-product-category]\").type(\"{selectAll}{del}\");\n  cy.get(\"[data-test-product-category]\").type(newProduct.category);\n  cy.get(\"[data-test-product-price]\").type(\"{selectAll}{del}\");\n  cy.get(\"[data-test-product-price]\").type(newProduct.originalPrice);\n  cy.get(\"[data-test-product-picture]\").type(\"{selectAll}{del}\");\n  cy.get(\"[data-test-product-picture]\").type(newProduct.pictureUrl);\n  cy.get(\"[data-test-product-end-date]\").type(\"{selectAll}{del}\");\n  cy.get(\"[data-test-product-end-date]\").type((0, _automate.prepareDateToType)(newProduct.endDate));\n  cy.intercept(\"PUT\", \"http://localhost:3000/api/products/\" + product.id, {\n    delay: 2000\n  }).as(\"putProduct\");\n  cy.get(\"[data-test-submit]\").click();\n  cy.get(\"[data-test-submit]\").should(\"have.attr\", \"disabled\");\n  cy.get(\"[data-test-spinner]\").should(\"exist\");\n});",
              "err": {},
              "uuid": "ea90e8cd-cd8e-464f-839d-63195451422e",
              "parentUUID": "68c6176e-bbbe-4ff3-9e3b-d84232f8da4e",
              "isHook": false,
              "skipped": false
            },
            {
              "title": "display error",
              "fullTitle": "Page /products/:productId/edit display error",
              "timedOut": null,
              "duration": 79,
              "state": "passed",
              "speed": "fast",
              "pass": true,
              "fail": false,
              "pending": false,
              "context": null,
              "code": "// Note : Test le scénario d'un ajout de produit avec un échec\n(0, _orm.createProduct)().then(({\n  product\n}) => {\n  cy.visit(`http://localhost:5173/products/${product.id}/edit`, {\n    onBeforeLoad: function (window) {\n      window.localStorage.setItem(\"token\", _tokens.aliceToken);\n    }\n  });\n  cy.get(\"[data-test-error]\").should(\"not.exist\");\n  const newProduct = (0, _orm.buildProduct)();\n  cy.get(\"[data-test-product-name]\").type(\"{selectAll}{del}\");\n  cy.get(\"[data-test-product-name]\").type(newProduct.name);\n  cy.get(\"[data-test-product-description]\").type(\"{selectAll}{del}\");\n  cy.get(\"[data-test-product-description]\").type(newProduct.description);\n  cy.get(\"[data-test-product-category]\").type(\"{selectAll}{del}\");\n  cy.get(\"[data-test-product-category]\").type(newProduct.category);\n  cy.get(\"[data-test-product-price]\").type(\"{selectAll}{del}\");\n  cy.get(\"[data-test-product-price]\").type(newProduct.originalPrice);\n  cy.get(\"[data-test-product-picture]\").type(\"{selectAll}{del}\");\n  cy.get(\"[data-test-product-picture]\").type(newProduct.pictureUrl);\n  cy.get(\"[data-test-product-end-date]\").type(\"{selectAll}{del}\");\n  cy.get(\"[data-test-product-end-date]\").type((0, _automate.prepareDateToType)(newProduct.endDate));\n  cy.intercept(\"PUT\", \"http://localhost:3000/api/products/\" + product.id, {\n    statusCode: 500\n  }).as(\"putProduct\");\n  cy.get(\"[data-test-submit]\").click();\n  cy.get(\"[data-test-error]\").should(\"exist\");\n});",
              "err": {},
              "uuid": "a4602e0b-5632-4cde-a117-bfc96050124e",
              "parentUUID": "68c6176e-bbbe-4ff3-9e3b-d84232f8da4e",
              "isHook": false,
              "skipped": false
            }
          ],
          "suites": [],
          "passes": [
            "e86ebf60-08a4-4825-9c4e-133fa905ed37",
            "ea90e8cd-cd8e-464f-839d-63195451422e",
            "a4602e0b-5632-4cde-a117-bfc96050124e"
          ],
          "failures": [],
          "pending": [],
          "skipped": [],
          "duration": 376,
          "root": false,
          "rootEmpty": false,
          "_timeout": 2000
        }
      ],
      "passes": [],
      "failures": [],
      "pending": [],
      "skipped": [],
      "duration": 0,
      "root": true,
      "rootEmpty": true,
      "_timeout": 2000
    },
    {
      "uuid": "5448c703-e6a2-4b0e-8cea-6aaaf5d9e73d",
      "title": "",
      "fullFile": "cypress\\e2e\\frontend\\home.cy.js",
      "file": "cypress\\e2e\\frontend\\home.cy.js",
      "beforeHooks": [],
      "afterHooks": [],
      "tests": [],
      "suites": [
        {
          "uuid": "427959c5-56c3-4764-8aea-b255c78d132b",
          "title": "Page /",
          "fullFile": "",
          "file": "",
          "beforeHooks": [],
          "afterHooks": [],
          "tests": [
            {
              "title": "fetch products",
              "fullTitle": "Page / fetch products",
              "timedOut": null,
              "duration": 632,
              "state": "passed",
              "speed": "fast",
              "pass": true,
              "fail": false,
              "pending": false,
              "context": null,
              "code": "// Note : Test le scénario de récupération et d'affichage de tous les produits\ncy.visit(url);\ncy.get(\"[data-test-product]\").should(\"have.length\", 17);",
              "err": {},
              "uuid": "43d53c7a-4c52-4dd7-b14f-71bc411b7248",
              "parentUUID": "427959c5-56c3-4764-8aea-b255c78d132b",
              "isHook": false,
              "skipped": false
            },
            {
              "title": "display product with past end date and last bid price",
              "fullTitle": "Page / display product with past end date and last bid price",
              "timedOut": null,
              "duration": 93,
              "state": "passed",
              "speed": "fast",
              "pass": true,
              "fail": false,
              "pending": false,
              "context": null,
              "code": "// Note : Vérifie que tous les éléments d'un produit sont bien affichés\n// Note : Si la date de fin est passée, afficher \"Terminé\"\n// Note : Si une offre existe pour le produit, afficher \"Prix actuel : <montant de l'offre>\"\n(0, _orm.createProduct)(\"past\").then(({\n  product\n}) => {\n  (0, _orm.createBid)(product.id, product.originalPrice, _tokens.bobToken).then(({\n    bid\n  }) => {\n    cy.visit(url);\n    cy.get(\"[data-test-product]\").should(\"have.length\", 18);\n    cy.get(`[data-test-product-name]:contains(\"${name}\")`).should(\"exist\").first().closest(\"[data-test-product]\").then(el => {\n      cy.wrap(el).find(\"[data-test-product-name]\").invoke(\"attr\", \"href\").should(\"include\", product.id);\n      cy.wrap(el).find(\"[data-test-product-description]\").should(\"have.text\", product.description);\n      cy.wrap(el).find(\"[data-test-product-seller]\").should(\"have.text\", \"alice\").invoke(\"attr\", \"href\").should(\"include\", _tokens.aliceId);\n      cy.wrap(el).find(\"[data-test-product-date]\").should(\"contain.text\", \"Terminé\");\n      cy.wrap(el).find(\"[data-test-product-price]\").should(\"contain.text\", \"Prix actuel\").should(\"contain.text\", \" \" + bid.price + \" €\");\n    });\n  }).catch(() => {\n    expect.fail(\"Bid creation fail\");\n  });\n});",
              "err": {},
              "uuid": "baa643f6-a0d0-464e-b664-7e1c9a8686ee",
              "parentUUID": "427959c5-56c3-4764-8aea-b255c78d132b",
              "isHook": false,
              "skipped": false
            },
            {
              "title": "display product with futur end date and original price (cause there not yet any bid)",
              "fullTitle": "Page / display product with futur end date and original price (cause there not yet any bid)",
              "timedOut": null,
              "duration": 112,
              "state": "passed",
              "speed": "fast",
              "pass": true,
              "fail": false,
              "pending": false,
              "context": null,
              "code": "// Note : Vérifie que tous les éléments d'un produit sont bien affichés\n// Note : Si la date de fin n'est pas passée, afficher \"En cours jusqu'au <date de fin>\"\n// Note : Si aucune une offre n'existe pour le produit, afficher \"Prix de départ : <prix de départ>\"\n(0, _orm.createProduct)().then(({\n  product\n}) => {\n  cy.visit(url);\n  cy.get(\"[data-test-product]\").should(\"have.length\", 18);\n  cy.get(`[data-test-product-name]:contains(\"${name}\")`).should(\"exist\").first().closest(\"[data-test-product]\").then(el => {\n    cy.wrap(el).find(\"[data-test-product-description]\").should(\"have.text\", product.description);\n    cy.wrap(el).find(\"[data-test-product-seller]\").should(\"have.text\", \"alice\").invoke(\"attr\", \"href\").should(\"include\", _tokens.aliceId);\n    cy.wrap(el).find(\"[data-test-product-date]\").should(\"contain.text\", \"En cours jusqu'au\");\n    cy.wrap(el).find(\"[data-test-product-price]\").should(\"contain.text\", \"Prix de départ\").should(\"contain.text\", \" \" + product.originalPrice + \" €\");\n  });\n});",
              "err": {},
              "uuid": "553f5d86-96e7-4a4a-9e12-7ca2d4cca937",
              "parentUUID": "427959c5-56c3-4764-8aea-b255c78d132b",
              "isHook": false,
              "skipped": false
            },
            {
              "title": "filter by name",
              "fullTitle": "Page / filter by name",
              "timedOut": null,
              "duration": 899,
              "state": "passed",
              "speed": "fast",
              "pass": true,
              "fail": false,
              "pending": false,
              "context": null,
              "code": "// Note : Vérifie le filtrage par nom, insensible à la casse\ncy.visit(url);\ncy.get(\"[data-test-product]\").should(\"have.length\", 17);\ncy.get(\"[data-test-filter\").type(\"Lot\");\ncy.get(\"[data-test-product]\").should(\"have.length\", 3);\ncy.get(\"[data-test-filter\").type(\"{selectAll}{del}\");\ncy.get(\"[data-test-filter\").type(\"lot\");\ncy.get(\"[data-test-product]\").should(\"have.length\", 3);\ncy.get(\"[data-test-filter\").type(\"{selectAll}{del}\");\ncy.get(\"[data-test-filter\").type(\"lot de tasses\");\ncy.get(\"[data-test-product]\").should(\"have.length\", 1);",
              "err": {},
              "uuid": "37133edb-7101-4193-876f-a73b6b4aa451",
              "parentUUID": "427959c5-56c3-4764-8aea-b255c78d132b",
              "isHook": false,
              "skipped": false
            },
            {
              "title": "sort by name",
              "fullTitle": "Page / sort by name",
              "timedOut": null,
              "duration": 353,
              "state": "passed",
              "speed": "fast",
              "pass": true,
              "fail": false,
              "pending": false,
              "context": null,
              "code": "// Note : Vérifie le tri par nom, alphabétique de A à Z\ncy.visit(url);\ncy.get(\"[data-test-sorter]\").should(\"contain.text\", \"Trier par nom\");\ncy.get(\"[data-test-product]\").first().find(\"[data-test-product-name]\").should(\"have.text\", \"Ampli de guitare\");\ncy.get(\"[data-test-product]\").last().find(\"[data-test-product-name]\").should(\"have.text\", \"Théière design\");",
              "err": {},
              "uuid": "e8d563a9-7b59-466f-b9db-355fb6bb456e",
              "parentUUID": "427959c5-56c3-4764-8aea-b255c78d132b",
              "isHook": false,
              "skipped": false
            },
            {
              "title": "sort by price",
              "fullTitle": "Page / sort by price",
              "timedOut": null,
              "duration": 403,
              "state": "passed",
              "speed": "fast",
              "pass": true,
              "fail": false,
              "pending": false,
              "context": null,
              "code": "// Note : Vérifie le tri par prix, numérique croissant\ncy.visit(url);\ncy.get(\"[data-test-sorter]\").click();\ncy.get(\"[data-test-sorter-price]\").click();\ncy.get(\"[data-test-sorter]\").should(\"contain.text\", \"Trier par prix\");\ncy.get(\"[data-test-product]\").first().find(\"[data-test-product-name]\").should(\"have.text\", \"Ananas\");\ncy.get(\"[data-test-product]\").last().find(\"[data-test-product-name]\").should(\"have.text\", \"Chaussures volantes\");",
              "err": {},
              "uuid": "b757f133-b4e4-4849-9e7d-b7463bc4a513",
              "parentUUID": "427959c5-56c3-4764-8aea-b255c78d132b",
              "isHook": false,
              "skipped": false
            },
            {
              "title": "loading",
              "fullTitle": "Page / loading",
              "timedOut": null,
              "duration": 227,
              "state": "passed",
              "speed": "fast",
              "pass": true,
              "fail": false,
              "pending": false,
              "context": null,
              "code": "// Note : Test la présence d'un spinner lors du chargement\ncy.intercept(\"http://localhost:3000/api/products\", {\n  delay: 10000\n});\ncy.visit(url);\ncy.get(\"[data-test-loading]\").should(\"exist\");\ncy.get(\"[data-test-error]\").should(\"not.exist\");\ncy.get(\"[data-test-product]\").should(\"not.exist\");",
              "err": {},
              "uuid": "aed656e7-d523-4ece-a462-314925d0317c",
              "parentUUID": "427959c5-56c3-4764-8aea-b255c78d132b",
              "isHook": false,
              "skipped": false
            },
            {
              "title": "error message",
              "fullTitle": "Page / error message",
              "timedOut": null,
              "duration": 491,
              "state": "passed",
              "speed": "fast",
              "pass": true,
              "fail": false,
              "pending": false,
              "context": null,
              "code": "// Note : Test la présence d'un message d'erreur en cas d'échec au chargement\ncy.intercept(\"http://localhost:3000/api/products\", {\n  status: 500,\n  response: {}\n});\ncy.visit(url);\ncy.get(\"[data-test-loading]\").should(\"not.exist\");\ncy.get(\"[data-test-error]\").should(\"exist\");\ncy.get(\"[data-test-product]\").should(\"not.exist\");",
              "err": {},
              "uuid": "2c5ecfb3-8bdc-4f03-80a7-0fb513ff2b40",
              "parentUUID": "427959c5-56c3-4764-8aea-b255c78d132b",
              "isHook": false,
              "skipped": false
            },
            {
              "title": "ready",
              "fullTitle": "Page / ready",
              "timedOut": null,
              "duration": 176,
              "state": "passed",
              "speed": "fast",
              "pass": true,
              "fail": false,
              "pending": false,
              "context": null,
              "code": "// Note : Test la présence du contenu après que tout est bien chargé\ncy.intercept(\"http://localhost:3000/api/products\");\ncy.visit(url);\ncy.get(\"[data-test-loading]\").should(\"not.exist\");\ncy.get(\"[data-test-error]\").should(\"not.exist\");\ncy.get(\"[data-test-product]\").should(\"exist\");",
              "err": {},
              "uuid": "51f1c333-3d22-4a82-92ce-04019b01cc96",
              "parentUUID": "427959c5-56c3-4764-8aea-b255c78d132b",
              "isHook": false,
              "skipped": false
            }
          ],
          "suites": [],
          "passes": [
            "43d53c7a-4c52-4dd7-b14f-71bc411b7248",
            "baa643f6-a0d0-464e-b664-7e1c9a8686ee",
            "553f5d86-96e7-4a4a-9e12-7ca2d4cca937",
            "37133edb-7101-4193-876f-a73b6b4aa451",
            "e8d563a9-7b59-466f-b9db-355fb6bb456e",
            "b757f133-b4e4-4849-9e7d-b7463bc4a513",
            "aed656e7-d523-4ece-a462-314925d0317c",
            "2c5ecfb3-8bdc-4f03-80a7-0fb513ff2b40",
            "51f1c333-3d22-4a82-92ce-04019b01cc96"
          ],
          "failures": [],
          "pending": [],
          "skipped": [],
          "duration": 3386,
          "root": false,
          "rootEmpty": false,
          "_timeout": 2000
        }
      ],
      "passes": [],
      "failures": [],
      "pending": [],
      "skipped": [],
      "duration": 0,
      "root": true,
      "rootEmpty": true,
      "_timeout": 2000
    },
    {
      "uuid": "2c20098e-f33b-4353-b77f-052ee34d55a2",
      "title": "",
      "fullFile": "cypress\\e2e\\frontend\\user.cy.js",
      "file": "cypress\\e2e\\frontend\\user.cy.js",
      "beforeHooks": [],
      "afterHooks": [],
      "tests": [],
      "suites": [
        {
          "uuid": "15fa93ba-8e4e-48c8-9880-31d7a3ba2e6f",
          "title": "Page /users/:userId",
          "fullFile": "",
          "file": "",
          "beforeHooks": [],
          "afterHooks": [],
          "tests": [
            {
              "title": "display products",
              "fullTitle": "Page /users/:userId display products",
              "timedOut": null,
              "duration": 121,
              "state": "passed",
              "speed": "fast",
              "pass": true,
              "fail": false,
              "pending": false,
              "context": null,
              "code": "// Note : Test le scénario de récupération et d'affichage des produits\n(0, _orm.createProduct)().then(({\n  product\n}) => {\n  cy.visit(`http://localhost:5173/users/${_tokens.aliceId}`);\n  cy.get(\"[data-test-product]\").should(\"have.length\", 8);\n  cy.get(\"[data-test-product]\").last().find(\"[data-test-product-name]\").should(\"have.text\", product.name).invoke(\"attr\", \"href\").should(\"contain\", product.id);\n  cy.get(\"[data-test-product]\").last().find(\"[data-test-product-description]\").should(\"have.text\", product.description);\n  cy.get(\"[data-test-product]\").last().find(\"[data-test-product-price]\").should(\"contain.text\", product.originalPrice + \" €\");\n  cy.get(\"[data-test-product]\").last().find(\"[data-test-product-picture]\").invoke(\"attr\", \"src\").should(\"eq\", product.pictureUrl);\n});",
              "err": {},
              "uuid": "ce287d19-10f5-4c5f-9c4b-54853ea7143b",
              "parentUUID": "15fa93ba-8e4e-48c8-9880-31d7a3ba2e6f",
              "isHook": false,
              "skipped": false
            },
            {
              "title": "display bids",
              "fullTitle": "Page /users/:userId display bids",
              "timedOut": null,
              "duration": 88,
              "state": "passed",
              "speed": "fast",
              "pass": true,
              "fail": false,
              "pending": false,
              "context": null,
              "code": "// Note : Test le scénario de récupération et d'affichage des offres\n(0, _orm.createProduct)(\"futur\", _tokens.bobToken).then(({\n  product\n}) => {\n  (0, _orm.createBid)(product.id, product.originalPrice, _tokens.aliceToken).then(({\n    bid\n  }) => {\n    cy.visit(`http://localhost:5173/users/${_tokens.aliceId}`);\n    cy.get(\"[data-test-bid]\").should(\"exist\");\n    cy.get(`[data-test-bid-product][href$=\"${product.id}\"]`).should(\"exist\").first().closest(\"[data-test-bid]\").then(el => {\n      cy.wrap(el).find(\"[data-test-bid-product]\").should(\"have.text\", product.name);\n      cy.wrap(el).find(\"[data-test-bid-price]\").should(\"have.text\", bid.price + \" €\");\n      cy.wrap(el).find(\"[data-test-bid-date]\").should(\"contain.text\", new Date().getDate()).should(\"contain.text\", new Date().getMonth() + 1).should(\"contain.text\", new Date().getFullYear());\n    });\n  });\n});",
              "err": {},
              "uuid": "c6d54636-5df4-4587-8151-98c4bf2562cb",
              "parentUUID": "15fa93ba-8e4e-48c8-9880-31d7a3ba2e6f",
              "isHook": false,
              "skipped": false
            },
            {
              "title": "no admin badge",
              "fullTitle": "Page /users/:userId no admin badge",
              "timedOut": null,
              "duration": 5036,
              "state": "failed",
              "speed": null,
              "pass": false,
              "fail": true,
              "pending": false,
              "context": null,
              "code": "// Note : Vérifie qu'un utilisateur a un badge admin si et seulement si il est admin\ncy.visit(`http://localhost:5173/users/${_tokens.aliceId}`);\ncy.get(\"[data-test-admin]\").should(\"not.exist\");\ncy.visit(`http://localhost:5173/users/${_tokens.adminId}`);\ncy.get(\"[data-test-admin]\").should(\"exist\");",
              "err": {
                "message": "AssertionError: Timed out retrying after 4000ms: Expected <span.badge.rounded-pill.bg-primary> not to exist in the DOM, but it was continuously found.",
                "estack": "AssertionError: Timed out retrying after 4000ms: Expected <span.badge.rounded-pill.bg-primary> not to exist in the DOM, but it was continuously found.\n    at Context.eval (webpack://frontend/./cypress/e2e/frontend/user.cy.js:88:32)\n    at runnable.fn (http://localhost:5173/__cypress/runner/cypress_runner.js:138654:19)\n    at callFn (http://localhost:5173/__cypress/runner/cypress_runner.js:157261:21)\n    at Runnable.run (http://localhost:5173/__cypress/runner/cypress_runner.js:157248:7)\n    at <unknown> (http://localhost:5173/__cypress/runner/cypress_runner.js:163172:30)\n    at PassThroughHandlerContext.finallyHandler (http://localhost:5173/__cypress/runner/cypress_runner.js:4072:23)\n    at PassThroughHandlerContext.tryCatcher (http://localhost:5173/__cypress/runner/cypress_runner.js:1807:23)\n    at Promise._settlePromiseFromHandler (http://localhost:5173/__cypress/runner/cypress_runner.js:1519:31)",
                "diff": null
              },
              "uuid": "2afce7d8-fa1f-4cfa-968c-7355922455cd",
              "parentUUID": "15fa93ba-8e4e-48c8-9880-31d7a3ba2e6f",
              "isHook": false,
              "skipped": false
            },
            {
              "title": "loading",
              "fullTitle": "Page /users/:userId loading",
              "timedOut": null,
              "duration": 4565,
              "state": "failed",
              "speed": null,
              "pass": false,
              "fail": true,
              "pending": false,
              "context": null,
              "code": "// Note : Vérifie la présence d'un spinner au chargement\ncy.intercept(`http://localhost:3000/api/users/${_tokens.aliceId}`, {\n  delay: 10000\n});\ncy.visit(`http://localhost:5173/users/${_tokens.aliceId}`);\ncy.get(\"[data-test-loading]\").should(\"exist\");\ncy.get(\"[data-test-view]\").should(\"not.exist\");\ncy.get(\"[data-test-error]\").should(\"not.exist\");",
              "err": {
                "message": "AssertionError: Timed out retrying after 4000ms: Expected <div> not to exist in the DOM, but it was continuously found.",
                "estack": "AssertionError: Timed out retrying after 4000ms: Expected <div> not to exist in the DOM, but it was continuously found.\n    at Context.eval (webpack://frontend/./cypress/e2e/frontend/user.cy.js:105:31)\n    at runnable.fn (http://localhost:5173/__cypress/runner/cypress_runner.js:138654:19)\n    at callFn (http://localhost:5173/__cypress/runner/cypress_runner.js:157261:21)\n    at Runnable.run (http://localhost:5173/__cypress/runner/cypress_runner.js:157248:7)\n    at <unknown> (http://localhost:5173/__cypress/runner/cypress_runner.js:163172:30)\n    at PassThroughHandlerContext.finallyHandler (http://localhost:5173/__cypress/runner/cypress_runner.js:4072:23)\n    at PassThroughHandlerContext.tryCatcher (http://localhost:5173/__cypress/runner/cypress_runner.js:1807:23)\n    at Promise._settlePromiseFromHandler (http://localhost:5173/__cypress/runner/cypress_runner.js:1519:31)",
                "diff": null
              },
              "uuid": "f2a57e74-06a1-4e0c-b909-3688884ac07d",
              "parentUUID": "15fa93ba-8e4e-48c8-9880-31d7a3ba2e6f",
              "isHook": false,
              "skipped": false
            },
            {
              "title": "error",
              "fullTitle": "Page /users/:userId error",
              "timedOut": null,
              "duration": 4332,
              "state": "failed",
              "speed": null,
              "pass": false,
              "fail": true,
              "pending": false,
              "context": null,
              "code": "// Note : Vérifie la présence d'une erreur en cas d'échec de chargement\ncy.intercept(`http://localhost:3000/api/users/${_tokens.aliceId}`, {\n  statusCode: 500\n});\ncy.visit(`http://localhost:5173/users/${_tokens.aliceId}`);\ncy.get(\"[data-test-error]\").should(\"exist\");\ncy.get(\"[data-test-loading]\").should(\"not.exist\");\ncy.get(\"[data-test-view]\").should(\"not.exist\");",
              "err": {
                "message": "AssertionError: Timed out retrying after 4000ms: Expected <div.text-center> not to exist in the DOM, but it was continuously found.",
                "estack": "AssertionError: Timed out retrying after 4000ms: Expected <div.text-center> not to exist in the DOM, but it was continuously found.\n    at Context.eval (webpack://frontend/./cypress/e2e/frontend/user.cy.js:119:34)\n    at runnable.fn (http://localhost:5173/__cypress/runner/cypress_runner.js:138654:19)\n    at callFn (http://localhost:5173/__cypress/runner/cypress_runner.js:157261:21)\n    at Runnable.run (http://localhost:5173/__cypress/runner/cypress_runner.js:157248:7)\n    at <unknown> (http://localhost:5173/__cypress/runner/cypress_runner.js:163172:30)\n    at PassThroughHandlerContext.finallyHandler (http://localhost:5173/__cypress/runner/cypress_runner.js:4072:23)\n    at PassThroughHandlerContext.tryCatcher (http://localhost:5173/__cypress/runner/cypress_runner.js:1807:23)\n    at Promise._settlePromiseFromHandler (http://localhost:5173/__cypress/runner/cypress_runner.js:1519:31)",
                "diff": null
              },
              "uuid": "e80752cb-10fc-427a-90a2-6185a3b82d01",
              "parentUUID": "15fa93ba-8e4e-48c8-9880-31d7a3ba2e6f",
              "isHook": false,
              "skipped": false
            },
            {
              "title": "ready",
              "fullTitle": "Page /users/:userId ready",
              "timedOut": null,
              "duration": 4322,
              "state": "failed",
              "speed": null,
              "pass": false,
              "fail": true,
              "pending": false,
              "context": null,
              "code": "// Note : Vérifie la présence du contenu quand tout s'est bien chargé\ncy.visit(`http://localhost:5173/users/${_tokens.aliceId}`);\ncy.get(\"[data-test-error]\").should(\"not.exist\");\ncy.get(\"[data-test-loading]\").should(\"not.exist\");\ncy.get(\"[data-test-view]\").should(\"exist\");",
              "err": {
                "message": "AssertionError: Timed out retrying after 4000ms: Expected <div.alert.alert-danger.mt-3> not to exist in the DOM, but it was continuously found.",
                "estack": "AssertionError: Timed out retrying after 4000ms: Expected <div.alert.alert-danger.mt-3> not to exist in the DOM, but it was continuously found.\n    at Context.eval (webpack://frontend/./cypress/e2e/frontend/user.cy.js:128:32)\n    at runnable.fn (http://localhost:5173/__cypress/runner/cypress_runner.js:138654:19)\n    at callFn (http://localhost:5173/__cypress/runner/cypress_runner.js:157261:21)\n    at Runnable.run (http://localhost:5173/__cypress/runner/cypress_runner.js:157248:7)\n    at <unknown> (http://localhost:5173/__cypress/runner/cypress_runner.js:163172:30)\n    at PassThroughHandlerContext.finallyHandler (http://localhost:5173/__cypress/runner/cypress_runner.js:4072:23)\n    at PassThroughHandlerContext.tryCatcher (http://localhost:5173/__cypress/runner/cypress_runner.js:1807:23)\n    at Promise._settlePromiseFromHandler (http://localhost:5173/__cypress/runner/cypress_runner.js:1519:31)",
                "diff": null
              },
              "uuid": "c29b25f9-23a8-432e-b013-76726230cec6",
              "parentUUID": "15fa93ba-8e4e-48c8-9880-31d7a3ba2e6f",
              "isHook": false,
              "skipped": false
            }
          ],
          "suites": [],
          "passes": [
            "ce287d19-10f5-4c5f-9c4b-54853ea7143b",
            "c6d54636-5df4-4587-8151-98c4bf2562cb"
          ],
          "failures": [
            "2afce7d8-fa1f-4cfa-968c-7355922455cd",
            "f2a57e74-06a1-4e0c-b909-3688884ac07d",
            "e80752cb-10fc-427a-90a2-6185a3b82d01",
            "c29b25f9-23a8-432e-b013-76726230cec6"
          ],
          "pending": [],
          "skipped": [],
          "duration": 18464,
          "root": false,
          "rootEmpty": false,
          "_timeout": 2000
        },
        {
          "uuid": "90978653-3b45-43aa-82ff-7f10059949ed",
          "title": "Page /users/me",
          "fullFile": "",
          "file": "",
          "beforeHooks": [],
          "afterHooks": [],
          "tests": [
            {
              "title": "me as alice",
              "fullTitle": "Page /users/me me as alice",
              "timedOut": null,
              "duration": 4296,
              "state": "failed",
              "speed": null,
              "pass": false,
              "fail": true,
              "pending": false,
              "context": null,
              "code": "// Note : Vérifie que le contenu de la page est bien celui de l'utilisateur courant\ncy.visit(`http://localhost:5173/users/me`, {\n  onBeforeLoad: function (window) {\n    window.localStorage.setItem(\"token\", _tokens.aliceToken);\n  }\n});\ncy.get(\"[data-test-username]\").should(\"contain.text\", \"alice\");\ncy.get(\"[data-test-product]\").should(\"have.length\", 7);",
              "err": {
                "message": "AssertionError: Timed out retrying after 4000ms: expected '<h1.text-center>' to contain text 'alice', but the text was ' Utilisateur charly Admin'",
                "estack": "AssertionError: Timed out retrying after 4000ms: expected '<h1.text-center>' to contain text 'alice', but the text was ' Utilisateur charly Admin'\n    at Context.eval (webpack://frontend/./cypress/e2e/frontend/user.cy.js:144:35)\n    at runnable.fn (http://localhost:5173/__cypress/runner/cypress_runner.js:138654:19)\n    at callFn (http://localhost:5173/__cypress/runner/cypress_runner.js:157261:21)\n    at Runnable.run (http://localhost:5173/__cypress/runner/cypress_runner.js:157248:7)\n    at <unknown> (http://localhost:5173/__cypress/runner/cypress_runner.js:163172:30)\n    at PassThroughHandlerContext.finallyHandler (http://localhost:5173/__cypress/runner/cypress_runner.js:4072:23)\n    at PassThroughHandlerContext.tryCatcher (http://localhost:5173/__cypress/runner/cypress_runner.js:1807:23)\n    at Promise._settlePromiseFromHandler (http://localhost:5173/__cypress/runner/cypress_runner.js:1519:31)",
                "diff": "- ' Utilisateur charly Admin'\n+ 'alice'\n"
              },
              "uuid": "7b90296a-866e-46c0-8f69-5112699a772e",
              "parentUUID": "90978653-3b45-43aa-82ff-7f10059949ed",
              "isHook": false,
              "skipped": false
            },
            {
              "title": "me as bob",
              "fullTitle": "Page /users/me me as bob",
              "timedOut": null,
              "duration": 4336,
              "state": "failed",
              "speed": null,
              "pass": false,
              "fail": true,
              "pending": false,
              "context": null,
              "code": "// Note : Vérifie que le contenu de la page est bien celui de l'utilisateur courant\ncy.visit(`http://localhost:5173/users/me`, {\n  onBeforeLoad: function (window) {\n    window.localStorage.setItem(\"token\", _tokens.bobToken);\n  }\n});\ncy.get(\"[data-test-username]\").should(\"contain.text\", \"bob\");\ncy.get(\"[data-test-product]\").should(\"have.length\", 3);",
              "err": {
                "message": "AssertionError: Timed out retrying after 4000ms: expected '<h1.text-center>' to contain text 'bob', but the text was ' Utilisateur charly Admin'",
                "estack": "AssertionError: Timed out retrying after 4000ms: expected '<h1.text-center>' to contain text 'bob', but the text was ' Utilisateur charly Admin'\n    at Context.eval (webpack://frontend/./cypress/e2e/frontend/user.cy.js:157:35)\n    at runnable.fn (http://localhost:5173/__cypress/runner/cypress_runner.js:138654:19)\n    at callFn (http://localhost:5173/__cypress/runner/cypress_runner.js:157261:21)\n    at Runnable.run (http://localhost:5173/__cypress/runner/cypress_runner.js:157248:7)\n    at <unknown> (http://localhost:5173/__cypress/runner/cypress_runner.js:163172:30)\n    at PassThroughHandlerContext.finallyHandler (http://localhost:5173/__cypress/runner/cypress_runner.js:4072:23)\n    at PassThroughHandlerContext.tryCatcher (http://localhost:5173/__cypress/runner/cypress_runner.js:1807:23)\n    at Promise._settlePromiseFromHandler (http://localhost:5173/__cypress/runner/cypress_runner.js:1519:31)",
                "diff": "- ' Utilisateur charly Admin'\n+ 'bob'\n"
              },
              "uuid": "2a0765a0-3ce6-4e9c-ac7c-79feadaccb9e",
              "parentUUID": "90978653-3b45-43aa-82ff-7f10059949ed",
              "isHook": false,
              "skipped": false
            },
            {
              "title": "me as admin",
              "fullTitle": "Page /users/me me as admin",
              "timedOut": null,
              "duration": 4362,
              "state": "failed",
              "speed": null,
              "pass": false,
              "fail": true,
              "pending": false,
              "context": null,
              "code": "// Note : Vérifie que le contenu de la page est bien celui de l'utilisateur courant\ncy.visit(`http://localhost:5173/users/me`, {\n  onBeforeLoad: function (window) {\n    window.localStorage.setItem(\"token\", _tokens.adminToken);\n  }\n});\ncy.get(\"[data-test-username]\").should(\"contain.text\", \"admin\");",
              "err": {
                "message": "AssertionError: Timed out retrying after 4000ms: expected '<h1.text-center>' to contain text 'admin', but the text was ' Utilisateur charly Admin'",
                "estack": "AssertionError: Timed out retrying after 4000ms: expected '<h1.text-center>' to contain text 'admin', but the text was ' Utilisateur charly Admin'\n    at Context.eval (webpack://frontend/./cypress/e2e/frontend/user.cy.js:170:35)\n    at runnable.fn (http://localhost:5173/__cypress/runner/cypress_runner.js:138654:19)\n    at callFn (http://localhost:5173/__cypress/runner/cypress_runner.js:157261:21)\n    at Runnable.run (http://localhost:5173/__cypress/runner/cypress_runner.js:157248:7)\n    at <unknown> (http://localhost:5173/__cypress/runner/cypress_runner.js:163172:30)\n    at PassThroughHandlerContext.finallyHandler (http://localhost:5173/__cypress/runner/cypress_runner.js:4072:23)\n    at PassThroughHandlerContext.tryCatcher (http://localhost:5173/__cypress/runner/cypress_runner.js:1807:23)\n    at Promise._settlePromiseFromHandler (http://localhost:5173/__cypress/runner/cypress_runner.js:1519:31)",
                "diff": "- ' Utilisateur charly Admin'\n+ 'admin'\n"
              },
              "uuid": "9cc72472-7ba7-432d-8e20-4961724d917b",
              "parentUUID": "90978653-3b45-43aa-82ff-7f10059949ed",
              "isHook": false,
              "skipped": false
            }
          ],
          "suites": [],
          "passes": [],
          "failures": [
            "7b90296a-866e-46c0-8f69-5112699a772e",
            "2a0765a0-3ce6-4e9c-ac7c-79feadaccb9e",
            "9cc72472-7ba7-432d-8e20-4961724d917b"
          ],
          "pending": [],
          "skipped": [],
          "duration": 12994,
          "root": false,
          "rootEmpty": false,
          "_timeout": 2000
        }
      ],
      "passes": [],
      "failures": [],
      "pending": [],
      "skipped": [],
      "duration": 0,
      "root": true,
      "rootEmpty": true,
      "_timeout": 2000
    },
    {
      "uuid": "01074845-f657-4ed8-a21c-144370bacdb9",
      "title": "",
      "fullFile": "cypress\\e2e\\frontend\\view-product.cy.js",
      "file": "cypress\\e2e\\frontend\\view-product.cy.js",
      "beforeHooks": [],
      "afterHooks": [],
      "tests": [],
      "suites": [
        {
          "uuid": "0f9f47a4-494e-4566-bc33-e84208f1a27b",
          "title": "Page /products/:productId",
          "fullFile": "",
          "file": "",
          "beforeHooks": [],
          "afterHooks": [],
          "tests": [
            {
              "title": "display product",
              "fullTitle": "Page /products/:productId display product",
              "timedOut": null,
              "duration": 428,
              "state": "passed",
              "speed": "fast",
              "pass": true,
              "fail": false,
              "pending": false,
              "context": null,
              "code": "// Note : Vérifie que tous les éléments du produit sont bien affichés\n(0, _orm.createProduct)().then(({\n  originalProduct,\n  product\n}) => {\n  cy.visit(`http://localhost:5173/products/${product.id}`);\n  cy.get(\"[data-test-product-name]\").should(\"have.text\", product.name);\n  cy.get(\"[data-test-product-description]\").should(\"have.text\", product.description);\n  cy.get(\"[data-test-product-picture]\").invoke(\"attr\", \"src\").should(\"eq\", product.pictureUrl);\n  cy.get(\"[data-test-product-price]\").should(\"contain.text\", product.originalPrice + \" €\");\n  cy.get(\"[data-test-product-end-date]\").should(\"contain.text\", originalProduct.endDate.toLocaleDateString(\"fr-FR\", {\n    year: \"numeric\",\n    month: \"long\",\n    day: \"numeric\"\n  }));\n  cy.get(\"[data-test-product-seller]\").should(\"have.text\", \"alice\").invoke(\"attr\", \"href\").should(\"contain\", _tokens.aliceId);\n});",
              "err": {},
              "uuid": "c9dfbe5c-f9bb-4f3f-bf6d-11c001eb475b",
              "parentUUID": "0f9f47a4-494e-4566-bc33-e84208f1a27b",
              "isHook": false,
              "skipped": false
            },
            {
              "title": "finished countdown",
              "fullTitle": "Page /products/:productId finished countdown",
              "timedOut": null,
              "duration": 103,
              "state": "passed",
              "speed": "fast",
              "pass": true,
              "fail": false,
              "pending": false,
              "context": null,
              "code": "// Note : Si la date de fin de vente est passée, on affiche \"Terminé\"\n(0, _orm.createProduct)(\"past\").then(({\n  product\n}) => {\n  cy.visit(`http://localhost:5173/products/${product.id}`);\n  cy.get(\"[data-test-countdown]\").should(\"contain.text\", \"Terminé\");\n});",
              "err": {},
              "uuid": "c5c4a9d4-8430-45de-9b28-c78f2420f071",
              "parentUUID": "0f9f47a4-494e-4566-bc33-e84208f1a27b",
              "isHook": false,
              "skipped": false
            },
            {
              "title": "not finished countdown",
              "fullTitle": "Page /products/:productId not finished countdown",
              "timedOut": null,
              "duration": 105,
              "state": "passed",
              "speed": "fast",
              "pass": true,
              "fail": false,
              "pending": false,
              "context": null,
              "code": "// Note : Si la date de fin de vente est passée, on n'affiche pas \"Terminé\"\n(0, _orm.createProduct)(\"futur\").then(({\n  product\n}) => {\n  cy.visit(`http://localhost:5173/products/${product.id}`);\n  cy.get(\"[data-test-countdown]\").should(\"not.contain.text\", \"Terminé\");\n});",
              "err": {},
              "uuid": "b9da4e14-419f-423d-9f0c-0278ad90aaa9",
              "parentUUID": "0f9f47a4-494e-4566-bc33-e84208f1a27b",
              "isHook": false,
              "skipped": false
            },
            {
              "title": "display bids",
              "fullTitle": "Page /products/:productId display bids",
              "timedOut": null,
              "duration": 108,
              "state": "passed",
              "speed": "fast",
              "pass": true,
              "fail": false,
              "pending": false,
              "context": null,
              "code": "// Note : Vérifie que tous les éléments des offres du produit sont bien affichés\n(0, _orm.createBid)(_tokens.casserolesId, 200, _tokens.bobToken).then(({\n  bid\n}) => {\n  cy.visit(`http://localhost:5173/products/${_tokens.casserolesId}`);\n  cy.get(\"[data-test-bid]\").should(\"have.length\", 4);\n  cy.get(\"[data-test-bid]\").first().find(\"[data-test-bid-bidder]\").should(\"have.text\", \"charly\").invoke(\"attr\", \"href\").should(\"contain\", _tokens.charlyId);\n  cy.get(\"[data-test-bid]\").first().find(\"[data-test-bid-price]\").should(\"contain.text\", \"65 €\");\n  cy.get(\"[data-test-bid]\").last().find(\"[data-test-bid-bidder]\").should(\"have.text\", \"bob\").invoke(\"attr\", \"href\").should(\"contain\", _tokens.bobId);\n  cy.get(\"[data-test-bid]\").last().find(\"[data-test-bid-price]\").should(\"contain.text\", bid.price + \" €\");\n  cy.get(\"[data-test-bid]\").last().find(\"[data-test-bid-date]\").should(\"contain.text\", new Date().toLocaleDateString(\"fr-FR\", {\n    year: \"numeric\",\n    month: \"long\",\n    day: \"numeric\"\n  }));\n});",
              "err": {},
              "uuid": "d9b6ff1b-89b0-48b4-a03c-1d0b682f95fe",
              "parentUUID": "0f9f47a4-494e-4566-bc33-e84208f1a27b",
              "isHook": false,
              "skipped": false
            },
            {
              "title": "some bids",
              "fullTitle": "Page /products/:productId some bids",
              "timedOut": null,
              "duration": 669,
              "state": "failed",
              "speed": null,
              "pass": false,
              "fail": true,
              "pending": false,
              "context": null,
              "code": "// Note : Si au moins une offre existe, on affiche le tableau\ncy.visit(`http://localhost:5173/products/${_tokens.casserolesId}`);\ncy.get(\"[data-test-bids]\").should(\"exist\");\ncy.get(\"[data-test-no-bids]\").should(\"not.exist\");",
              "err": {
                "message": "Error: The following error originated from your application code, not from Cypress. It was caused by an unhandled promise rejection.\n\n  > Missing required param \"userId\"\n\nWhen Cypress detects uncaught errors originating from your application it will automatically fail the current test.\n\nThis behavior is configurable, and you can choose to turn this off by listening to the `uncaught:exception` event.\n\nhttps://on.cypress.io/uncaught-exception-from-application",
                "estack": "Error: The following error originated from your application code, not from Cypress. It was caused by an unhandled promise rejection.\n\n  > Missing required param \"userId\"\n\nWhen Cypress detects uncaught errors originating from your application it will automatically fail the current test.\n\nThis behavior is configurable, and you can choose to turn this off by listening to the `uncaught:exception` event.\n\nhttps://on.cypress.io/uncaught-exception-from-application\n    at Object.stringify (http://localhost:5173/node_modules/.vite/deps/chunk-H4GK5U4X.js?v=224a6404:890:21)\n    at Object.resolve (http://localhost:5173/node_modules/.vite/deps/chunk-H4GK5U4X.js?v=224a6404:1224:22)\n    at Object.resolve (http://localhost:5173/node_modules/.vite/deps/chunk-H4GK5U4X.js?v=224a6404:2320:34)\n    at <unknown> (http://localhost:5173/node_modules/.vite/deps/chunk-H4GK5U4X.js?v=224a6404:1597:39)\n    at ReactiveEffect.fn (http://localhost:5173/node_modules/.vite/deps/chunk-2FDUVFJ5.js?v=224a6404:1237:13)\n    at ReactiveEffect.run (http://localhost:5173/node_modules/.vite/deps/chunk-2FDUVFJ5.js?v=224a6404:430:19)\n    at get value (http://localhost:5173/node_modules/.vite/deps/chunk-2FDUVFJ5.js?v=224a6404:1249:107)\n    at useLink (http://localhost:5173/node_modules/.vite/deps/chunk-H4GK5U4X.js?v=224a6404:1633:22)\n    at setup (http://localhost:5173/node_modules/.vite/deps/chunk-H4GK5U4X.js?v=224a6404:1674:27)\n    at callWithErrorHandling (http://localhost:5173/node_modules/.vite/deps/chunk-2FDUVFJ5.js?v=224a6404:1660:19)",
                "diff": null
              },
              "uuid": "248e4097-27c0-46ec-a82c-e81a520c0dc1",
              "parentUUID": "0f9f47a4-494e-4566-bc33-e84208f1a27b",
              "isHook": false,
              "skipped": false
            },
            {
              "title": "no bids",
              "fullTitle": "Page /products/:productId no bids",
              "timedOut": null,
              "duration": 116,
              "state": "passed",
              "speed": "fast",
              "pass": true,
              "fail": false,
              "pending": false,
              "context": null,
              "code": "(0, _orm.createProduct)().then(({\n  product\n}) => {\n  // Note : Si aucune une offre ,'existe, on masque le tableau\n  cy.visit(`http://localhost:5173/products/${product.id}`);\n  cy.get(\"[data-test-bids]\").should(\"not.exist\");\n  cy.get(\"[data-test-no-bids]\").should(\"exist\");\n});",
              "err": {},
              "uuid": "d4d491dc-55f2-43ad-8ae9-354c858536dd",
              "parentUUID": "0f9f47a4-494e-4566-bc33-e84208f1a27b",
              "isHook": false,
              "skipped": false
            },
            {
              "title": "only seller and admin can edit or delete product",
              "fullTitle": "Page /products/:productId only seller and admin can edit or delete product",
              "timedOut": null,
              "duration": 344,
              "state": "failed",
              "speed": null,
              "pass": false,
              "fail": true,
              "pending": false,
              "context": null,
              "code": "// Note : Vérifie que l'admin a accès aux boutons d'édition et de suppression\n// Note : Vérifie que l'utilisateur vendeur du produit a accès aux boutons d'édition et de suppression\n// Note : Vérifie qu'un utilisateur non vendeur du produit n'a pas accès aux boutons d'édition et de suppression\ncy.visit(`http://localhost:5173/products/${_tokens.casserolesId}`, {\n  onBeforeLoad: function (window) {\n    window.localStorage.setItem(\"token\", _tokens.adminToken);\n  }\n});\ncy.get(\"[data-test-edit-product]\").should(\"exist\");\ncy.get(\"[data-test-delete-product]\").should(\"exist\");\ncy.visit(`http://localhost:5173/products/${_tokens.casserolesId}`, {\n  onBeforeLoad: function (window) {\n    window.localStorage.setItem(\"token\", _tokens.aliceToken);\n  }\n});\ncy.get(\"[data-test-edit-product]\").should(\"exist\");\ncy.get(\"[data-test-delete-product]\").should(\"exist\");\ncy.visit(`http://localhost:5173/products/${_tokens.casserolesId}`, {\n  onBeforeLoad: function (window) {\n    window.localStorage.setItem(\"token\", _tokens.bobToken);\n  }\n});\ncy.get(\"[data-test-edit-product]\").should(\"not.exist\");\ncy.get(\"[data-test-delete-product]\").should(\"not.exist\");",
              "err": {
                "message": "Error: The following error originated from your application code, not from Cypress. It was caused by an unhandled promise rejection.\n\n  > Missing required param \"productId\"\n\nWhen Cypress detects uncaught errors originating from your application it will automatically fail the current test.\n\nThis behavior is configurable, and you can choose to turn this off by listening to the `uncaught:exception` event.\n\nhttps://on.cypress.io/uncaught-exception-from-application",
                "estack": "Error: The following error originated from your application code, not from Cypress. It was caused by an unhandled promise rejection.\n\n  > Missing required param \"productId\"\n\nWhen Cypress detects uncaught errors originating from your application it will automatically fail the current test.\n\nThis behavior is configurable, and you can choose to turn this off by listening to the `uncaught:exception` event.\n\nhttps://on.cypress.io/uncaught-exception-from-application\n    at Object.stringify (http://localhost:5173/node_modules/.vite/deps/chunk-H4GK5U4X.js?v=224a6404:890:21)\n    at Object.resolve (http://localhost:5173/node_modules/.vite/deps/chunk-H4GK5U4X.js?v=224a6404:1224:22)\n    at Object.resolve (http://localhost:5173/node_modules/.vite/deps/chunk-H4GK5U4X.js?v=224a6404:2320:34)\n    at <unknown> (http://localhost:5173/node_modules/.vite/deps/chunk-H4GK5U4X.js?v=224a6404:1597:39)\n    at ReactiveEffect.fn (http://localhost:5173/node_modules/.vite/deps/chunk-2FDUVFJ5.js?v=224a6404:1237:13)\n    at ReactiveEffect.run (http://localhost:5173/node_modules/.vite/deps/chunk-2FDUVFJ5.js?v=224a6404:430:19)\n    at get value (http://localhost:5173/node_modules/.vite/deps/chunk-2FDUVFJ5.js?v=224a6404:1249:107)\n    at useLink (http://localhost:5173/node_modules/.vite/deps/chunk-H4GK5U4X.js?v=224a6404:1633:22)\n    at setup (http://localhost:5173/node_modules/.vite/deps/chunk-H4GK5U4X.js?v=224a6404:1674:27)\n    at callWithErrorHandling (http://localhost:5173/node_modules/.vite/deps/chunk-2FDUVFJ5.js?v=224a6404:1660:19)",
                "diff": null
              },
              "uuid": "f6eb59e5-cb92-46ed-9128-7a45ece9ef76",
              "parentUUID": "0f9f47a4-494e-4566-bc33-e84208f1a27b",
              "isHook": false,
              "skipped": false
            },
            {
              "title": "product edition button",
              "fullTitle": "Page /products/:productId product edition button",
              "timedOut": null,
              "duration": 289,
              "state": "failed",
              "speed": null,
              "pass": false,
              "fail": true,
              "pending": false,
              "context": null,
              "code": "// Note : Vérifie que bouton d'édition d'un produit cible le bon endroit\ncy.visit(`http://localhost:5173/products/${_tokens.casserolesId}`, {\n  onBeforeLoad: function (window) {\n    window.localStorage.setItem(\"token\", _tokens.aliceToken);\n  }\n});\ncy.get(\"[data-test-edit-product]\").should(\"exist\").invoke(\"attr\", \"href\").should(\"contain\", _tokens.casserolesId).should(\"contain\", \"/edit\");",
              "err": {
                "message": "Error: The following error originated from your application code, not from Cypress. It was caused by an unhandled promise rejection.\n\n  > Missing required param \"userId\"\n\nWhen Cypress detects uncaught errors originating from your application it will automatically fail the current test.\n\nThis behavior is configurable, and you can choose to turn this off by listening to the `uncaught:exception` event.\n\nhttps://on.cypress.io/uncaught-exception-from-application",
                "estack": "Error: The following error originated from your application code, not from Cypress. It was caused by an unhandled promise rejection.\n\n  > Missing required param \"userId\"\n\nWhen Cypress detects uncaught errors originating from your application it will automatically fail the current test.\n\nThis behavior is configurable, and you can choose to turn this off by listening to the `uncaught:exception` event.\n\nhttps://on.cypress.io/uncaught-exception-from-application\n    at Object.stringify (http://localhost:5173/node_modules/.vite/deps/chunk-H4GK5U4X.js?v=224a6404:890:21)\n    at Object.resolve (http://localhost:5173/node_modules/.vite/deps/chunk-H4GK5U4X.js?v=224a6404:1224:22)\n    at Object.resolve (http://localhost:5173/node_modules/.vite/deps/chunk-H4GK5U4X.js?v=224a6404:2320:34)\n    at <unknown> (http://localhost:5173/node_modules/.vite/deps/chunk-H4GK5U4X.js?v=224a6404:1597:39)\n    at ReactiveEffect.fn (http://localhost:5173/node_modules/.vite/deps/chunk-2FDUVFJ5.js?v=224a6404:1237:13)\n    at ReactiveEffect.run (http://localhost:5173/node_modules/.vite/deps/chunk-2FDUVFJ5.js?v=224a6404:430:19)\n    at get value (http://localhost:5173/node_modules/.vite/deps/chunk-2FDUVFJ5.js?v=224a6404:1249:107)\n    at useLink (http://localhost:5173/node_modules/.vite/deps/chunk-H4GK5U4X.js?v=224a6404:1633:22)\n    at setup (http://localhost:5173/node_modules/.vite/deps/chunk-H4GK5U4X.js?v=224a6404:1674:27)\n    at callWithErrorHandling (http://localhost:5173/node_modules/.vite/deps/chunk-2FDUVFJ5.js?v=224a6404:1660:19)",
                "diff": null
              },
              "uuid": "591ced13-ab45-41ce-b132-3d30eecddd40",
              "parentUUID": "0f9f47a4-494e-4566-bc33-e84208f1a27b",
              "isHook": false,
              "skipped": false
            },
            {
              "title": "product deletion button",
              "fullTitle": "Page /products/:productId product deletion button",
              "timedOut": null,
              "duration": 322,
              "state": "failed",
              "speed": null,
              "pass": false,
              "fail": true,
              "pending": false,
              "context": null,
              "code": "// Note : Vérifie que bouton de suppression d'un produit supprime bien le produit\ncy.visit(`http://localhost:5173/products/${_tokens.casserolesId}`, {\n  onBeforeLoad: function (window) {\n    window.localStorage.setItem(\"token\", _tokens.aliceToken);\n  }\n});\n(0, _orm.getProducts)().then(({\n  products: productsBeforeDeletion\n}) => {\n  cy.get(\"[data-test-delete-product]\").click();\n  (0, _orm.getProducts)().then(({\n    products: productsAfterDeletion\n  }) => {\n    expect(productsBeforeDeletion.length).to.be.greaterThan(productsAfterDeletion.length);\n  });\n});",
              "err": {
                "message": "Error: The following error originated from your application code, not from Cypress. It was caused by an unhandled promise rejection.\n\n  > Missing required param \"userId\"\n\nWhen Cypress detects uncaught errors originating from your application it will automatically fail the current test.\n\nThis behavior is configurable, and you can choose to turn this off by listening to the `uncaught:exception` event.\n\nhttps://on.cypress.io/uncaught-exception-from-application",
                "estack": "Error: The following error originated from your application code, not from Cypress. It was caused by an unhandled promise rejection.\n\n  > Missing required param \"userId\"\n\nWhen Cypress detects uncaught errors originating from your application it will automatically fail the current test.\n\nThis behavior is configurable, and you can choose to turn this off by listening to the `uncaught:exception` event.\n\nhttps://on.cypress.io/uncaught-exception-from-application\n    at Object.stringify (http://localhost:5173/node_modules/.vite/deps/chunk-H4GK5U4X.js?v=224a6404:890:21)\n    at Object.resolve (http://localhost:5173/node_modules/.vite/deps/chunk-H4GK5U4X.js?v=224a6404:1224:22)\n    at Object.resolve (http://localhost:5173/node_modules/.vite/deps/chunk-H4GK5U4X.js?v=224a6404:2320:34)\n    at <unknown> (http://localhost:5173/node_modules/.vite/deps/chunk-H4GK5U4X.js?v=224a6404:1597:39)\n    at ReactiveEffect.fn (http://localhost:5173/node_modules/.vite/deps/chunk-2FDUVFJ5.js?v=224a6404:1237:13)\n    at ReactiveEffect.run (http://localhost:5173/node_modules/.vite/deps/chunk-2FDUVFJ5.js?v=224a6404:430:19)\n    at get value (http://localhost:5173/node_modules/.vite/deps/chunk-2FDUVFJ5.js?v=224a6404:1249:107)\n    at useLink (http://localhost:5173/node_modules/.vite/deps/chunk-H4GK5U4X.js?v=224a6404:1633:22)\n    at setup (http://localhost:5173/node_modules/.vite/deps/chunk-H4GK5U4X.js?v=224a6404:1674:27)\n    at callWithErrorHandling (http://localhost:5173/node_modules/.vite/deps/chunk-2FDUVFJ5.js?v=224a6404:1660:19)",
                "diff": null
              },
              "uuid": "58946e06-5b2c-4acc-9fe1-cda800ff04f9",
              "parentUUID": "0f9f47a4-494e-4566-bc33-e84208f1a27b",
              "isHook": false,
              "skipped": false
            },
            {
              "title": "admin can delete bid",
              "fullTitle": "Page /products/:productId admin can delete bid",
              "timedOut": null,
              "duration": 300,
              "state": "failed",
              "speed": null,
              "pass": false,
              "fail": true,
              "pending": false,
              "context": null,
              "code": "// Note : Vérifie que l'admin peut supprimer n'importe quel offre\ncy.visit(`http://localhost:5173/products/${_tokens.casserolesId}`, {\n  onBeforeLoad: function (window) {\n    window.localStorage.setItem(\"token\", _tokens.adminToken);\n  }\n});\ncy.get(\"[data-test-delete-bid]\").should(\"have.length\", 3);",
              "err": {
                "message": "Error: The following error originated from your application code, not from Cypress. It was caused by an unhandled promise rejection.\n\n  > Missing required param \"productId\"\n\nWhen Cypress detects uncaught errors originating from your application it will automatically fail the current test.\n\nThis behavior is configurable, and you can choose to turn this off by listening to the `uncaught:exception` event.\n\nhttps://on.cypress.io/uncaught-exception-from-application",
                "estack": "Error: The following error originated from your application code, not from Cypress. It was caused by an unhandled promise rejection.\n\n  > Missing required param \"productId\"\n\nWhen Cypress detects uncaught errors originating from your application it will automatically fail the current test.\n\nThis behavior is configurable, and you can choose to turn this off by listening to the `uncaught:exception` event.\n\nhttps://on.cypress.io/uncaught-exception-from-application\n    at Object.stringify (http://localhost:5173/node_modules/.vite/deps/chunk-H4GK5U4X.js?v=224a6404:890:21)\n    at Object.resolve (http://localhost:5173/node_modules/.vite/deps/chunk-H4GK5U4X.js?v=224a6404:1224:22)\n    at Object.resolve (http://localhost:5173/node_modules/.vite/deps/chunk-H4GK5U4X.js?v=224a6404:2320:34)\n    at <unknown> (http://localhost:5173/node_modules/.vite/deps/chunk-H4GK5U4X.js?v=224a6404:1597:39)\n    at ReactiveEffect.fn (http://localhost:5173/node_modules/.vite/deps/chunk-2FDUVFJ5.js?v=224a6404:1237:13)\n    at ReactiveEffect.run (http://localhost:5173/node_modules/.vite/deps/chunk-2FDUVFJ5.js?v=224a6404:430:19)\n    at get value (http://localhost:5173/node_modules/.vite/deps/chunk-2FDUVFJ5.js?v=224a6404:1249:107)\n    at useLink (http://localhost:5173/node_modules/.vite/deps/chunk-H4GK5U4X.js?v=224a6404:1633:22)\n    at setup (http://localhost:5173/node_modules/.vite/deps/chunk-H4GK5U4X.js?v=224a6404:1674:27)\n    at callWithErrorHandling (http://localhost:5173/node_modules/.vite/deps/chunk-2FDUVFJ5.js?v=224a6404:1660:19)",
                "diff": null
              },
              "uuid": "403a630b-b6ac-494e-8d6f-2c727594efc7",
              "parentUUID": "0f9f47a4-494e-4566-bc33-e84208f1a27b",
              "isHook": false,
              "skipped": false
            },
            {
              "title": "bidder can delete bid",
              "fullTitle": "Page /products/:productId bidder can delete bid",
              "timedOut": null,
              "duration": 336,
              "state": "failed",
              "speed": null,
              "pass": false,
              "fail": true,
              "pending": false,
              "context": null,
              "code": "// Note : Vérifie qu'une offre est supprimable par l'utilisateur l'ayant fait\ncy.visit(`http://localhost:5173/products/${_tokens.casserolesId}`, {\n  onBeforeLoad: function (window) {\n    window.localStorage.setItem(\"token\", _tokens.bobToken);\n  }\n});\ncy.get(\"[data-test-delete-bid]\").should(\"have.length\", 1);\ncy.visit(`http://localhost:5173/products/${_tokens.casserolesId}`, {\n  onBeforeLoad: function (window) {\n    window.localStorage.setItem(\"token\", _tokens.charlyToken);\n  }\n});\ncy.get(\"[data-test-delete-bid]\").should(\"have.length\", 2);",
              "err": {
                "message": "Error: The following error originated from your application code, not from Cypress. It was caused by an unhandled promise rejection.\n\n  > Missing required param \"userId\"\n\nWhen Cypress detects uncaught errors originating from your application it will automatically fail the current test.\n\nThis behavior is configurable, and you can choose to turn this off by listening to the `uncaught:exception` event.\n\nhttps://on.cypress.io/uncaught-exception-from-application",
                "estack": "Error: The following error originated from your application code, not from Cypress. It was caused by an unhandled promise rejection.\n\n  > Missing required param \"userId\"\n\nWhen Cypress detects uncaught errors originating from your application it will automatically fail the current test.\n\nThis behavior is configurable, and you can choose to turn this off by listening to the `uncaught:exception` event.\n\nhttps://on.cypress.io/uncaught-exception-from-application\n    at Object.stringify (http://localhost:5173/node_modules/.vite/deps/chunk-H4GK5U4X.js?v=224a6404:890:21)\n    at Object.resolve (http://localhost:5173/node_modules/.vite/deps/chunk-H4GK5U4X.js?v=224a6404:1224:22)\n    at Object.resolve (http://localhost:5173/node_modules/.vite/deps/chunk-H4GK5U4X.js?v=224a6404:2320:34)\n    at <unknown> (http://localhost:5173/node_modules/.vite/deps/chunk-H4GK5U4X.js?v=224a6404:1597:39)\n    at ReactiveEffect.fn (http://localhost:5173/node_modules/.vite/deps/chunk-2FDUVFJ5.js?v=224a6404:1237:13)\n    at ReactiveEffect.run (http://localhost:5173/node_modules/.vite/deps/chunk-2FDUVFJ5.js?v=224a6404:430:19)\n    at get value (http://localhost:5173/node_modules/.vite/deps/chunk-2FDUVFJ5.js?v=224a6404:1249:107)\n    at useLink (http://localhost:5173/node_modules/.vite/deps/chunk-H4GK5U4X.js?v=224a6404:1633:22)\n    at setup (http://localhost:5173/node_modules/.vite/deps/chunk-H4GK5U4X.js?v=224a6404:1674:27)\n    at callWithErrorHandling (http://localhost:5173/node_modules/.vite/deps/chunk-2FDUVFJ5.js?v=224a6404:1660:19)",
                "diff": null
              },
              "uuid": "e8e60b89-8883-4261-82fb-0beed81613f7",
              "parentUUID": "0f9f47a4-494e-4566-bc33-e84208f1a27b",
              "isHook": false,
              "skipped": false
            },
            {
              "title": "not bidder cannot delete bid",
              "fullTitle": "Page /products/:productId not bidder cannot delete bid",
              "timedOut": null,
              "duration": 301,
              "state": "failed",
              "speed": null,
              "pass": false,
              "fail": true,
              "pending": false,
              "context": null,
              "code": "// Note : Vérifie qu'une offre n'est supprimable par un utilisateur ne l'ayant pas fait\ncy.visit(`http://localhost:5173/products/${_tokens.casserolesId}`, {\n  onBeforeLoad: function (window) {\n    window.localStorage.setItem(\"token\", _tokens.aliceToken);\n  }\n});\ncy.get(\"[data-test-delete-bid]\").should(\"have.length\", 0);",
              "err": {
                "message": "Error: The following error originated from your application code, not from Cypress. It was caused by an unhandled promise rejection.\n\n  > Missing required param \"userId\"\n\nWhen Cypress detects uncaught errors originating from your application it will automatically fail the current test.\n\nThis behavior is configurable, and you can choose to turn this off by listening to the `uncaught:exception` event.\n\nhttps://on.cypress.io/uncaught-exception-from-application",
                "estack": "Error: The following error originated from your application code, not from Cypress. It was caused by an unhandled promise rejection.\n\n  > Missing required param \"userId\"\n\nWhen Cypress detects uncaught errors originating from your application it will automatically fail the current test.\n\nThis behavior is configurable, and you can choose to turn this off by listening to the `uncaught:exception` event.\n\nhttps://on.cypress.io/uncaught-exception-from-application\n    at Object.stringify (http://localhost:5173/node_modules/.vite/deps/chunk-H4GK5U4X.js?v=224a6404:890:21)\n    at Object.resolve (http://localhost:5173/node_modules/.vite/deps/chunk-H4GK5U4X.js?v=224a6404:1224:22)\n    at Object.resolve (http://localhost:5173/node_modules/.vite/deps/chunk-H4GK5U4X.js?v=224a6404:2320:34)\n    at <unknown> (http://localhost:5173/node_modules/.vite/deps/chunk-H4GK5U4X.js?v=224a6404:1597:39)\n    at ReactiveEffect.fn (http://localhost:5173/node_modules/.vite/deps/chunk-2FDUVFJ5.js?v=224a6404:1237:13)\n    at ReactiveEffect.run (http://localhost:5173/node_modules/.vite/deps/chunk-2FDUVFJ5.js?v=224a6404:430:19)\n    at get value (http://localhost:5173/node_modules/.vite/deps/chunk-2FDUVFJ5.js?v=224a6404:1249:107)\n    at useLink (http://localhost:5173/node_modules/.vite/deps/chunk-H4GK5U4X.js?v=224a6404:1633:22)\n    at setup (http://localhost:5173/node_modules/.vite/deps/chunk-H4GK5U4X.js?v=224a6404:1674:27)\n    at callWithErrorHandling (http://localhost:5173/node_modules/.vite/deps/chunk-2FDUVFJ5.js?v=224a6404:1660:19)",
                "diff": null
              },
              "uuid": "12c14650-b67b-40b0-940d-ee5d37d5f7a6",
              "parentUUID": "0f9f47a4-494e-4566-bc33-e84208f1a27b",
              "isHook": false,
              "skipped": false
            },
            {
              "title": "bid deletion button",
              "fullTitle": "Page /products/:productId bid deletion button",
              "timedOut": null,
              "duration": 332,
              "state": "failed",
              "speed": null,
              "pass": false,
              "fail": true,
              "pending": false,
              "context": null,
              "code": "// Note : Vérifie que le bouton de suppression d'une offre fonctionne bien\ncy.visit(`http://localhost:5173/products/${_tokens.casserolesId}`, {\n  onBeforeLoad: function (window) {\n    window.localStorage.setItem(\"token\", _tokens.bobToken);\n  }\n});\ncy.get(\"[data-test-delete-bid]\").should(\"have.length\", 1);\n(0, _orm.getProduct)(_tokens.casserolesId).then(({\n  product: productBeforeBidDeletion\n}) => {\n  cy.get(\"[data-test-delete-bid]\").click();\n  cy.get(\"[data-test-delete-bid]\").should(\"have.length\", 0);\n  (0, _orm.getProduct)(_tokens.casserolesId).then(({\n    product: productAfterBidDeletion\n  }) => {\n    expect(productBeforeBidDeletion.bids.length).to.be.greaterThan(productAfterBidDeletion.bids.length);\n  });\n});",
              "err": {
                "message": "Error: The following error originated from your application code, not from Cypress. It was caused by an unhandled promise rejection.\n\n  > Missing required param \"userId\"\n\nWhen Cypress detects uncaught errors originating from your application it will automatically fail the current test.\n\nThis behavior is configurable, and you can choose to turn this off by listening to the `uncaught:exception` event.\n\nhttps://on.cypress.io/uncaught-exception-from-application",
                "estack": "Error: The following error originated from your application code, not from Cypress. It was caused by an unhandled promise rejection.\n\n  > Missing required param \"userId\"\n\nWhen Cypress detects uncaught errors originating from your application it will automatically fail the current test.\n\nThis behavior is configurable, and you can choose to turn this off by listening to the `uncaught:exception` event.\n\nhttps://on.cypress.io/uncaught-exception-from-application\n    at Object.stringify (http://localhost:5173/node_modules/.vite/deps/chunk-H4GK5U4X.js?v=224a6404:890:21)\n    at Object.resolve (http://localhost:5173/node_modules/.vite/deps/chunk-H4GK5U4X.js?v=224a6404:1224:22)\n    at Object.resolve (http://localhost:5173/node_modules/.vite/deps/chunk-H4GK5U4X.js?v=224a6404:2320:34)\n    at <unknown> (http://localhost:5173/node_modules/.vite/deps/chunk-H4GK5U4X.js?v=224a6404:1597:39)\n    at ReactiveEffect.fn (http://localhost:5173/node_modules/.vite/deps/chunk-2FDUVFJ5.js?v=224a6404:1237:13)\n    at ReactiveEffect.run (http://localhost:5173/node_modules/.vite/deps/chunk-2FDUVFJ5.js?v=224a6404:430:19)\n    at get value (http://localhost:5173/node_modules/.vite/deps/chunk-2FDUVFJ5.js?v=224a6404:1249:107)\n    at useLink (http://localhost:5173/node_modules/.vite/deps/chunk-H4GK5U4X.js?v=224a6404:1633:22)\n    at setup (http://localhost:5173/node_modules/.vite/deps/chunk-H4GK5U4X.js?v=224a6404:1674:27)\n    at callWithErrorHandling (http://localhost:5173/node_modules/.vite/deps/chunk-2FDUVFJ5.js?v=224a6404:1660:19)",
                "diff": null
              },
              "uuid": "998db75f-4497-4550-8a69-2a68230dc024",
              "parentUUID": "0f9f47a4-494e-4566-bc33-e84208f1a27b",
              "isHook": false,
              "skipped": false
            },
            {
              "title": "only seller cannot add a bid",
              "fullTitle": "Page /products/:productId only seller cannot add a bid",
              "timedOut": null,
              "duration": 291,
              "state": "failed",
              "speed": null,
              "pass": false,
              "fail": true,
              "pending": false,
              "context": null,
[...]
              "parentUUID": "0f9f47a4-494e-4566-bc33-e84208f1a27b",
              "isHook": false,
              "skipped": false
            },
            {
              "title": "preset minimum bid amount",
              "fullTitle": "Page /products/:productId preset minimum bid amount",
              "timedOut": null,
              "duration": 118,
              "state": "passed",
              "speed": "fast",
              "pass": true,
              "fail": false,
              "pending": false,
              "context": null,
              "code": "// Note : Vérifie que le formulaire d'offre vaut part défaut le prix de la plus haute offre + 1€\n(0, _orm.createProduct)(\"futur\", _tokens.aliceToken).then(({\n  product\n}) => {\n  (0, _orm.createBid)(product.id, product.originalPrice, _tokens.bobToken).then(({\n    bid\n  }) => {\n    cy.visit(`http://localhost:5173/products/${product.id}`, {\n      onBeforeLoad: function (window) {\n        window.localStorage.setItem(\"token\", _tokens.charlyToken);\n      }\n    });\n    cy.get(\"[data-test-bid-form-price]\").should(\"have.value\", bid.price + 1);\n  });\n});",
              "err": {},
              "uuid": "7dc84870-b9a2-4182-8782-e86bb95ca372",
              "parentUUID": "0f9f47a4-494e-4566-bc33-e84208f1a27b",
              "isHook": false,
              "skipped": false
            },
            {
              "title": "add a bid",
              "fullTitle": "Page /products/:productId add a bid",
              "timedOut": null,
              "duration": 277,
              "state": "failed",
              "speed": null,
              "pass": false,
              "fail": true,
              "pending": false,
              "context": null,
              "code": "// Note : Vérifie que la soumission du formulaire d'offre ajoute bien une offre\ncy.visit(`http://localhost:5173/products/${_tokens.casserolesId}`, {\n  onBeforeLoad: function (window) {\n    window.localStorage.setItem(\"token\", _tokens.bobToken);\n  }\n});\ncy.get(\"[data-test-bid-form-price]\").type(\"{selectAll}{del}\").type(200);\n(0, _orm.getProduct)(_tokens.casserolesId).then(({\n  product: productBeforeBidAddition\n}) => {\n  cy.get(\"[data-test-submit-bid]\").click();\n  (0, _orm.getProduct)(_tokens.casserolesId).then(({\n    product: productAfterBidAddition\n  }) => {\n    expect(productAfterBidAddition.bids.length).greaterThan(productBeforeBidAddition.bids.length);\n    const lastBid = productAfterBidAddition.bids[productAfterBidAddition.bids.length - 1];\n    expect(lastBid.price).to.eq(200);\n  });\n});",
              "err": {
                "message": "Error: The following error originated from your application code, not from Cypress. It was caused by an unhandled promise rejection.\n\n  > Missing required param \"userId\"\n\nWhen Cypress detects uncaught errors originating from your application it will automatically fail the current test.\n\nThis behavior is configurable, and you can choose to turn this off by listening to the `uncaught:exception` event.\n\nhttps://on.cypress.io/uncaught-exception-from-application",
                "estack": "Error: The following error originated from your application code, not from Cypress. It was caused by an unhandled promise rejection.\n\n  > Missing required param \"userId\"\n\nWhen Cypress detects uncaught errors originating from your application it will automatically fail the current test.\n\nThis behavior is configurable, and you can choose to turn this off by listening to the `uncaught:exception` event.\n\nhttps://on.cypress.io/uncaught-exception-from-application\n    at Object.stringify (http://localhost:5173/node_modules/.vite/deps/chunk-H4GK5U4X.js?v=224a6404:890:21)\n    at Object.resolve (http://localhost:5173/node_modules/.vite/deps/chunk-H4GK5U4X.js?v=224a6404:1224:22)\n    at Object.resolve (http://localhost:5173/node_modules/.vite/deps/chunk-H4GK5U4X.js?v=224a6404:2320:34)\n    at <unknown> (http://localhost:5173/node_modules/.vite/deps/chunk-H4GK5U4X.js?v=224a6404:1597:39)\n    at ReactiveEffect.fn (http://localhost:5173/node_modules/.vite/deps/chunk-2FDUVFJ5.js?v=224a6404:1237:13)\n    at ReactiveEffect.run (http://localhost:5173/node_modules/.vite/deps/chunk-2FDUVFJ5.js?v=224a6404:430:19)\n    at get value (http://localhost:5173/node_modules/.vite/deps/chunk-2FDUVFJ5.js?v=224a6404:1249:107)\n    at useLink (http://localhost:5173/node_modules/.vite/deps/chunk-H4GK5U4X.js?v=224a6404:1633:22)\n    at setup (http://localhost:5173/node_modules/.vite/deps/chunk-H4GK5U4X.js?v=224a6404:1674:27)\n    at callWithErrorHandling (http://localhost:5173/node_modules/.vite/deps/chunk-2FDUVFJ5.js?v=224a6404:1660:19)",
                "diff": null
              },
              "uuid": "49db8db9-8f02-4ed0-bbf2-def754779b9e",
              "parentUUID": "0f9f47a4-494e-4566-bc33-e84208f1a27b",
              "isHook": false,
              "skipped": false
            },
            {
              "title": "pending countdown",
              "fullTitle": "Page /products/:productId pending countdown",
              "timedOut": null,
              "duration": 116,
              "state": "passed",
              "speed": "fast",
              "pass": true,
              "fail": false,
              "pending": false,
              "context": null,
              "code": "// Note : Vérifie le décompte du compte à rebours, afficher au format 9j 23h 59m 59s\n(0, _orm.createProduct)(\"ten_days_later\").then(({\n  product\n}) => {\n  cy.visit(`http://localhost:5173/products/${product.id}`);\n  cy.get(\"[data-test-countdown]\").should(\"contain.text\", \"9j 23h 59min\");\n  cy.get(\"[data-test-countdown]\").then(el => {\n    const instantOne = el.text();\n    expect(instantOne).to.match(/\\ds$/);\n    // eslint-disable-next-line cypress/no-unnecessary-waiting\n    cy.wait(1000);\n    cy.get(\"[data-test-countdown]\").then(el => {\n      const instantTwo = el.text();\n      expect(instantOne).to.match(/\\ds$/);\n      // eslint-disable-next-line cypress/no-unnecessary-waiting\n      cy.wait(1000);\n      expect(instantTwo).not.eq(instantOne);\n      cy.get(\"[data-test-countdown]\").then(el => {\n        const instantThree = el.text();\n        expect(instantOne).to.match(/\\ds$/);\n        // eslint-disable-next-line cypress/no-unnecessary-waiting\n        cy.wait(1000);\n        expect(instantThree).not.eq(instantTwo);\n      });\n    });\n  });\n});",
              "err": {},
              "uuid": "13f40071-8773-492f-92fc-83da4440266e",
              "parentUUID": "0f9f47a4-494e-4566-bc33-e84208f1a27b",
              "isHook": false,
              "skipped": false
            },
            {
              "title": "loading",
              "fullTitle": "Page /products/:productId loading",
              "timedOut": null,
              "duration": 324,
              "state": "failed",
              "speed": null,
              "pass": false,
              "fail": true,
              "pending": false,
              "context": null,
              "code": "// Note : Vérifie la présence d'un spinner au chargement\ncy.intercept(\"http://localhost:3000/api/products\", {\n  delay: 10000\n});\ncy.visit(`http://localhost:5173/products/${_tokens.casserolesId}`);\ncy.get(\"[data-test-loading]\").should(\"exist\");\ncy.get(\"[data-test-error]\").should(\"not.exist\");\ncy.get(\"[data-test-product]\").should(\"not.exist\");",
              "err": {
                "message": "Error: The following error originated from your application code, not from Cypress. It was caused by an unhandled promise rejection.\n\n  > Missing required param \"userId\"\n\nWhen Cypress detects uncaught errors originating from your application it will automatically fail the current test.\n\nThis behavior is configurable, and you can choose to turn this off by listening to the `uncaught:exception` event.\n\nhttps://on.cypress.io/uncaught-exception-from-application",
                "estack": "Error: The following error originated from your application code, not from Cypress. It was caused by an unhandled promise rejection.\n\n  > Missing required param \"userId\"\n\nWhen Cypress detects uncaught errors originating from your application it will automatically fail the current test.\n\nThis behavior is configurable, and you can choose to turn this off by listening to the `uncaught:exception` event.\n\nhttps://on.cypress.io/uncaught-exception-from-application\n    at Object.stringify (http://localhost:5173/node_modules/.vite/deps/chunk-H4GK5U4X.js?v=224a6404:890:21)\n    at Object.resolve (http://localhost:5173/node_modules/.vite/deps/chunk-H4GK5U4X.js?v=224a6404:1224:22)\n    at Object.resolve (http://localhost:5173/node_modules/.vite/deps/chunk-H4GK5U4X.js?v=224a6404:2320:34)\n    at <unknown> (http://localhost:5173/node_modules/.vite/deps/chunk-H4GK5U4X.js?v=224a6404:1597:39)\n    at ReactiveEffect.fn (http://localhost:5173/node_modules/.vite/deps/chunk-2FDUVFJ5.js?v=224a6404:1237:13)\n    at ReactiveEffect.run (http://localhost:5173/node_modules/.vite/deps/chunk-2FDUVFJ5.js?v=224a6404:430:19)\n    at get value (http://localhost:5173/node_modules/.vite/deps/chunk-2FDUVFJ5.js?v=224a6404:1249:107)\n    at useLink (http://localhost:5173/node_modules/.vite/deps/chunk-H4GK5U4X.js?v=224a6404:1633:22)\n    at setup (http://localhost:5173/node_modules/.vite/deps/chunk-H4GK5U4X.js?v=224a6404:1674:27)\n    at callWithErrorHandling (http://localhost:5173/node_modules/.vite/deps/chunk-2FDUVFJ5.js?v=224a6404:1660:19)",
                "diff": null
              },
              "uuid": "4cb8d169-40a4-4e06-bf65-aff8f7768b60",
              "parentUUID": "0f9f47a4-494e-4566-bc33-e84208f1a27b",
              "isHook": false,
              "skipped": false
            },
            {
              "title": "error message",
              "fullTitle": "Page /products/:productId error message",
              "timedOut": null,
              "duration": 300,
              "state": "failed",
              "speed": null,
              "pass": false,
              "fail": true,
              "pending": false,
              "context": null,
              "code": "// Note : Vérifie la présence d'une erreur en cas d'échec de chargement\ncy.intercept(`http://localhost:3000/api/products/${_tokens.casserolesId}`, {\n  statusCode: 500\n});\ncy.visit(`http://localhost:5173/products/${_tokens.casserolesId}`);\ncy.get(\"[data-test-loading]\").should(\"not.exist\");\ncy.get(\"[data-test-error]\").should(\"exist\");\ncy.get(\"[data-test-product]\").should(\"not.exist\");",
              "err": {
                "message": "Error: The following error originated from your application code, not from Cypress. It was caused by an unhandled promise rejection.\n\n  > Missing required param \"userId\"\n\nWhen Cypress detects uncaught errors originating from your application it will automatically fail the current test.\n\nThis behavior is configurable, and you can choose to turn this off by listening to the `uncaught:exception` event.\n\nhttps://on.cypress.io/uncaught-exception-from-application",
                "estack": "Error: The following error originated from your application code, not from Cypress. It was caused by an unhandled promise rejection.\n\n  > Missing required param \"userId\"\n\nWhen Cypress detects uncaught errors originating from your application it will automatically fail the current test.\n\nThis behavior is configurable, and you can choose to turn this off by listening to the `uncaught:exception` event.\n\nhttps://on.cypress.io/uncaught-exception-from-application\n    at Object.stringify (http://localhost:5173/node_modules/.vite/deps/chunk-H4GK5U4X.js?v=224a6404:890:21)\n    at Object.resolve (http://localhost:5173/node_modules/.vite/deps/chunk-H4GK5U4X.js?v=224a6404:1224:22)\n    at Object.resolve (http://localhost:5173/node_modules/.vite/deps/chunk-H4GK5U4X.js?v=224a6404:2320:34)\n    at <unknown> (http://localhost:5173/node_modules/.vite/deps/chunk-H4GK5U4X.js?v=224a6404:1597:39)\n    at ReactiveEffect.fn (http://localhost:5173/node_modules/.vite/deps/chunk-2FDUVFJ5.js?v=224a6404:1237:13)\n    at ReactiveEffect.run (http://localhost:5173/node_modules/.vite/deps/chunk-2FDUVFJ5.js?v=224a6404:430:19)\n    at get value (http://localhost:5173/node_modules/.vite/deps/chunk-2FDUVFJ5.js?v=224a6404:1249:107)\n    at useLink (http://localhost:5173/node_modules/.vite/deps/chunk-H4GK5U4X.js?v=224a6404:1633:22)\n    at setup (http://localhost:5173/node_modules/.vite/deps/chunk-H4GK5U4X.js?v=224a6404:1674:27)\n    at callWithErrorHandling (http://localhost:5173/node_modules/.vite/deps/chunk-2FDUVFJ5.js?v=224a6404:1660:19)",
                "diff": null
              },
              "uuid": "7bb02833-91e9-46ef-89f7-ffa68cd1f07a",
              "parentUUID": "0f9f47a4-494e-4566-bc33-e84208f1a27b",
              "isHook": false,
              "skipped": false
            },
            {
              "title": "ready",
              "fullTitle": "Page /products/:productId ready",
              "timedOut": null,
              "duration": 337,
              "state": "failed",
              "speed": null,
              "pass": false,
              "fail": true,
              "pending": false,
              "context": null,
              "code": "// Note : Vérifie la présence du contenu quand tout s'est bien chargé\ncy.intercept(`http://localhost:3000/api/products/${_tokens.casserolesId}`);\ncy.visit(`http://localhost:5173/products/${_tokens.casserolesId}`);\ncy.get(\"[data-test-loading]\").should(\"not.exist\");\ncy.get(\"[data-test-error]\").should(\"not.exist\");\ncy.get(\"[data-test-product]\").should(\"exist\");",
              "err": {
                "message": "Error: The following error originated from your application code, not from Cypress. It was caused by an unhandled promise rejection.\n\n  > Missing required param \"userId\"\n\nWhen Cypress detects uncaught errors originating from your application it will automatically fail the current test.\n\nThis behavior is configurable, and you can choose to turn this off by listening to the `uncaught:exception` event.\n\nhttps://on.cypress.io/uncaught-exception-from-application",
                "estack": "Error: The following error originated from your application code, not from Cypress. It was caused by an unhandled promise rejection.\n\n  > Missing required param \"userId\"\n\nWhen Cypress detects uncaught errors originating from your application it will automatically fail the current test.\n\nThis behavior is configurable, and you can choose to turn this off by listening to the `uncaught:exception` event.\n\nhttps://on.cypress.io/uncaught-exception-from-application\n    at Object.stringify (http://localhost:5173/node_modules/.vite/deps/chunk-H4GK5U4X.js?v=224a6404:890:21)\n    at Object.resolve (http://localhost:5173/node_modules/.vite/deps/chunk-H4GK5U4X.js?v=224a6404:1224:22)\n    at Object.resolve (http://localhost:5173/node_modules/.vite/deps/chunk-H4GK5U4X.js?v=224a6404:2320:34)\n    at <unknown> (http://localhost:5173/node_modules/.vite/deps/chunk-H4GK5U4X.js?v=224a6404:1597:39)\n    at ReactiveEffect.fn (http://localhost:5173/node_modules/.vite/deps/chunk-2FDUVFJ5.js?v=224a6404:1237:13)\n    at ReactiveEffect.run (http://localhost:5173/node_modules/.vite/deps/chunk-2FDUVFJ5.js?v=224a6404:430:19)\n    at get value (http://localhost:5173/node_modules/.vite/deps/chunk-2FDUVFJ5.js?v=224a6404:1249:107)\n    at useLink (http://localhost:5173/node_modules/.vite/deps/chunk-H4GK5U4X.js?v=224a6404:1633:22)\n    at setup (http://localhost:5173/node_modules/.vite/deps/chunk-H4GK5U4X.js?v=224a6404:1674:27)\n    at callWithErrorHandling (http://localhost:5173/node_modules/.vite/deps/chunk-2FDUVFJ5.js?v=224a6404:1660:19)",
                "diff": null
              },
              "uuid": "1b8ed29f-4600-4c70-97d6-e079261e0800",
              "parentUUID": "0f9f47a4-494e-4566-bc33-e84208f1a27b",
              "isHook": false,
              "skipped": false
            }
          ],
          "suites": [],
          "passes": [
            "c9dfbe5c-f9bb-4f3f-bf6d-11c001eb475b",
            "c5c4a9d4-8430-45de-9b28-c78f2420f071",
            "b9da4e14-419f-423d-9f0c-0278ad90aaa9",
            "d9b6ff1b-89b0-48b4-a03c-1d0b682f95fe",
            "d4d491dc-55f2-43ad-8ae9-354c858536dd",
            "7dc84870-b9a2-4182-8782-e86bb95ca372",
            "13f40071-8773-492f-92fc-83da4440266e"
          ],
          "failures": [
            "248e4097-27c0-46ec-a82c-e81a520c0dc1",
            "f6eb59e5-cb92-46ed-9128-7a45ece9ef76",
            "591ced13-ab45-41ce-b132-3d30eecddd40",
            "58946e06-5b2c-4acc-9fe1-cda800ff04f9",
            "403a630b-b6ac-494e-8d6f-2c727594efc7",
            "e8e60b89-8883-4261-82fb-0beed81613f7",
            "12c14650-b67b-40b0-940d-ee5d37d5f7a6",
            "998db75f-4497-4550-8a69-2a68230dc024",
            "25943fa9-3116-455d-8640-19a05ec4e511",
            "23cac526-f1ab-4991-843c-8bb10ad0715d",
            "49db8db9-8f02-4ed0-bbf2-def754779b9e",
            "4cb8d169-40a4-4e06-bf65-aff8f7768b60",
            "7bb02833-91e9-46ef-89f7-ffa68cd1f07a",
            "1b8ed29f-4600-4c70-97d6-e079261e0800"
          ],
          "pending": [],
          "skipped": [],
          "duration": 5844,
          "root": false,
          "rootEmpty": false,
          "_timeout": 2000
        }
      ],
      "passes": [],
      "failures": [],
      "pending": [],
      "skipped": [],
      "duration": 0,
      "root": true,
      "rootEmpty": true,
      "_timeout": 2000
    },
    {
      "uuid": "53a45c12-cafd-48e4-81ed-f95a7401955b",
      "title": "",
      "fullFile": "cypress\\e2e\\meta\\authors.cy.js",
      "file": "cypress\\e2e\\meta\\authors.cy.js",
      "beforeHooks": [],
      "afterHooks": [],
      "tests": [],
      "suites": [
        {
          "uuid": "794561b9-3d88-4dbe-b22a-28d6fb190637",
          "title": "Meta",
          "fullFile": "",
          "file": "",
          "beforeHooks": [],
          "afterHooks": [],
          "tests": [
            {
              "title": "Remplisser les infos de votre groupe dans frontend/meta/authors.js",
              "fullTitle": "Meta Remplisser les infos de votre groupe dans frontend/meta/authors.js",
              "timedOut": null,
              "duration": 36,
              "state": "passed",
              "speed": "fast",
              "pass": true,
              "fail": false,
              "pending": false,
              "context": null,
              "code": "expect(_authors.authors).to.not.deep.eq([\"John Doe (p12345678)\", \"Jane Doe (p12345678)\"]);\nexpect(_authors.group).to.oneOf([1, 2, 3]);",
              "err": {},
              "uuid": "ec820903-28c4-4e58-bd0e-f8587a5607dd",
              "parentUUID": "794561b9-3d88-4dbe-b22a-28d6fb190637",
              "isHook": false,
              "skipped": false
            }
          ],
          "suites": [],
          "passes": [
            "ec820903-28c4-4e58-bd0e-f8587a5607dd"
          ],
          "failures": [],
          "pending": [],
          "skipped": [],
          "duration": 36,
          "root": false,
          "rootEmpty": false,
          "_timeout": 2000
        }
      ],
      "passes": [],
      "failures": [],
      "pending": [],
      "skipped": [],
      "duration": 0,
      "root": true,
      "rootEmpty": true,
      "_timeout": 2000
    }
  ],
  "meta": {
    "mocha": {
      "version": "7.0.1"
    },
    "mochawesome": {
      "options": {
        "quiet": false,
        "reportFilename": "mochawesome",
        "saveHtml": false,
        "saveJson": true,
        "consoleReporter": "spec",
        "useInlineDiffs": false,
        "code": true
      },
      "version": "7.1.3"
    },
    "marge": {
      "options": {
        "reportDir": "cypress/results",
        "overwrite": false,
        "html": false,
        "json": true
      },
      "version": "6.2.0"
    }
  }
}