{
  "stats": {
    "suites": 5,
    "tests": 45,
    "passes": 6,
    "pending": 0,
    "failures": 39,
    "testsRegistered": 45,
    "passPercent": 13.333333333333334,
    "pendingPercent": 0,
    "other": 0,
    "hasOther": false,
    "skipped": 0,
    "hasSkipped": false,
    "start": "2024-04-08T06:56:16.216Z",
    "end": "2024-04-08T06:57:29.971Z",
    "duration": 73755
  },
  "results": [
    {
      "uuid": "4892dd00-5644-4867-9089-0a9307134d4a",
      "title": "",
      "fullFile": "cypress/e2e/frontend/add-product.cy.js",
      "file": "cypress/e2e/frontend/add-product.cy.js",
      "beforeHooks": [],
      "afterHooks": [],
      "tests": [],
      "suites": [
        {
          "uuid": "02f3a68a-a8a5-4ef3-95ae-8f1af6d1b16a",
          "title": "Page /products/add",
          "fullFile": "",
          "file": "",
          "beforeHooks": [],
          "afterHooks": [],
          "tests": [
            {
              "title": "post product",
              "fullTitle": "Page /products/add post product",
              "timedOut": null,
              "duration": 854,
              "state": "failed",
              "speed": null,
              "pass": false,
              "fail": true,
              "pending": false,
              "context": null,
              "code": "// Note : Test le scénario d'un ajout de produit réussi\ncy.visit(url, {\n  onBeforeLoad: function (window) {\n    window.localStorage.setItem(\"token\", _tokens.aliceToken);\n  }\n});\n(0, _orm.createProduct)().then(({\n  originalProduct,\n  product\n}) => {\n  cy.get(\"[data-test-product-name]\").type(product.name);\n  cy.get(\"[data-test-product-description]\").type(product.description);\n  cy.get(\"[data-test-product-category]\").type(product.category);\n  cy.get(\"[data-test-product-price]\").type(product.originalPrice);\n  cy.get(\"[data-test-product-picture]\").type(\"{selectAll}{del}\");\n  cy.get(\"[data-test-product-picture]\").type(product.pictureUrl);\n  cy.get(\"[data-test-product-end-date]\").type((0, _automate.prepareDateToType)(originalProduct.endDate));\n  cy.intercept(\"POST\", \"http://localhost:3000/api/products\").as(\"postProduct\");\n  cy.get(\"[data-test-submit]\").click();\n  cy.wait(\"@postProduct\").then(interception => {\n    expect(interception.response.statusCode).to.eq(201);\n    const id = interception.response.body.id;\n    cy.url().should(\"contain\", `/products/${id}`);\n  });\n});",
              "err": {
                "message": "CypressError: `cy.request()` failed on:\n\nhttp://localhost:3000/api/products\n\nThe response we received from your web server was:\n\n  > 600: Unknown Status Code\n\nThis was considered a failure because the status code was not `2xx` or `3xx`.\n\nIf you do not want status codes to cause failures pass the option: `failOnStatusCode: false`\n\n-----------------------------------------------------------\n\nThe request we sent was:\n\nMethod: POST\nURL: http://localhost:3000/api/products\nHeaders: {\n  \"Connection\": \"keep-alive\",\n  \"Authorization\": \"Bearer eyJhbGciOiJIUzI1NiIsInR5cCI6IkpXVCJ9.eyJpZCI6IjFmMmZhZGIxLTBkN2UtNDdhNy05ZDViLWVkMDMxZDY2NWQzZSIsInVzZXJuYW1lIjoiYWxpY2UiLCJlbWFpbCI6ImFsaWNlQGV4YW1wbGUuY29tIiwiYWRtaW4iOmZhbHNlLCJpYXQiOjE2Nzk2MTMwMzh9.KcT42jbNXfNR-0I-bTc_qNdAuCid640tXpkzUtDCoao\",\n  \"user-agent\": \"Mozilla/5.0 (X11; Linux x86_64) AppleWebKit/537.36 (KHTML, like Gecko) HeadlessChrome/119.0.0.0 Safari/537.36\",\n  \"accept\": \"*/*\",\n  \"accept-encoding\": \"gzip, deflate\",\n  \"content-type\": \"application/json\",\n  \"content-length\": 245\n}\nBody: {\"name\":\"Aa Incididunt lorem labore\",\"description\":\"Ao lorem ipsum sit dolor consectetur dolor sed consectetur aliqua\",\"category\":\"magna\",\"originalPrice\":91,\"pictureUrl\":\"https://picsum.photos/id/36/512/512\",\"endDate\":\"2024-04-10T06:56:18.846Z\"}\n\n-----------------------------------------------------------\n\nThe response we got was:\n\nStatus: 600 - Unknown Status Code\nHeaders: {\n  \"x-powered-by\": \"Express\",\n  \"access-control-allow-origin\": \"*\",\n  \"date\": \"Mon, 08 Apr 2024 06:56:19 GMT\",\n  \"connection\": \"keep-alive\",\n  \"keep-alive\": \"timeout=5\",\n  \"content-length\": \"0\"\n}\n\n\nhttps://on.cypress.io/request",
                "estack": "CypressError: `cy.request()` failed on:\n\nhttp://localhost:3000/api/products\n\nThe response we received from your web server was:\n\n  > 600: Unknown Status Code\n\nThis was considered a failure because the status code was not `2xx` or `3xx`.\n\nIf you do not want status codes to cause failures pass the option: `failOnStatusCode: false`\n\n-----------------------------------------------------------\n\nThe request we sent was:\n\nMethod: POST\nURL: http://localhost:3000/api/products\nHeaders: {\n  \"Connection\": \"keep-alive\",\n  \"Authorization\": \"Bearer eyJhbGciOiJIUzI1NiIsInR5cCI6IkpXVCJ9.eyJpZCI6IjFmMmZhZGIxLTBkN2UtNDdhNy05ZDViLWVkMDMxZDY2NWQzZSIsInVzZXJuYW1lIjoiYWxpY2UiLCJlbWFpbCI6ImFsaWNlQGV4YW1wbGUuY29tIiwiYWRtaW4iOmZhbHNlLCJpYXQiOjE2Nzk2MTMwMzh9.KcT42jbNXfNR-0I-bTc_qNdAuCid640tXpkzUtDCoao\",\n  \"user-agent\": \"Mozilla/5.0 (X11; Linux x86_64) AppleWebKit/537.36 (KHTML, like Gecko) HeadlessChrome/119.0.0.0 Safari/537.36\",\n  \"accept\": \"*/*\",\n  \"accept-encoding\": \"gzip, deflate\",\n  \"content-type\": \"application/json\",\n  \"content-length\": 245\n}\nBody: {\"name\":\"Aa Incididunt lorem labore\",\"description\":\"Ao lorem ipsum sit dolor consectetur dolor sed consectetur aliqua\",\"category\":\"magna\",\"originalPrice\":91,\"pictureUrl\":\"https://picsum.photos/id/36/512/512\",\"endDate\":\"2024-04-10T06:56:18.846Z\"}\n\n-----------------------------------------------------------\n\nThe response we got was:\n\nStatus: 600 - Unknown Status Code\nHeaders: {\n  \"x-powered-by\": \"Express\",\n  \"access-control-allow-origin\": \"*\",\n  \"date\": \"Mon, 08 Apr 2024 06:56:19 GMT\",\n  \"connection\": \"keep-alive\",\n  \"keep-alive\": \"timeout=5\",\n  \"content-length\": \"0\"\n}\n\n\nhttps://on.cypress.io/request\n    at <unknown> (http://localhost:5173/__cypress/runner/cypress_runner.js:133123:72)\n    at tryCatcher (http://localhost:5173/__cypress/runner/cypress_runner.js:1807:23)\n    at Promise._settlePromiseFromHandler (http://localhost:5173/__cypress/runner/cypress_runner.js:1519:31)\n    at Promise._settlePromise (http://localhost:5173/__cypress/runner/cypress_runner.js:1576:18)\n    at Promise._settlePromise0 (http://localhost:5173/__cypress/runner/cypress_runner.js:1621:10)\n    at Promise._settlePromises (http://localhost:5173/__cypress/runner/cypress_runner.js:1701:18)\n    at _drainQueueStep (http://localhost:5173/__cypress/runner/cypress_runner.js:2407:12)\n    at _drainQueue (http://localhost:5173/__cypress/runner/cypress_runner.js:2400:9)\n    at Async._drainQueues (http://localhost:5173/__cypress/runner/cypress_runner.js:2416:5)\n    at Async.drainQueues (http://localhost:5173/__cypress/runner/cypress_runner.js:2286:14)\nFrom Your Spec Code:\n    at eval (webpack://frontend/./cypress/e2e/common/orm.js:37:7)\nat new Promise (<anonymous>)\n    at createProduct (webpack://frontend/./cypress/e2e/common/orm.js:36:9)\n    at Context.eval (webpack://frontend/./cypress/e2e/frontend/add-product.cy.js:21:18)",
                "diff": null
              },
              "uuid": "c28775b6-6695-44da-baf7-3e25bd636851",
              "parentUUID": "02f3a68a-a8a5-4ef3-95ae-8f1af6d1b16a",
              "isHook": false,
              "skipped": false
            },
            {
              "title": "display spinner",
              "fullTitle": "Page /products/add display spinner",
              "timedOut": null,
              "duration": 530,
              "state": "failed",
              "speed": null,
              "pass": false,
              "fail": true,
              "pending": false,
              "context": null,
              "code": "// Note : Test la présence d'un spinner lors de l'envoi de la requête\ncy.visit(url, {\n  onBeforeLoad: function (window) {\n    window.localStorage.setItem(\"token\", _tokens.aliceToken);\n  }\n});\n(0, _orm.createProduct)().then(({\n  originalProduct,\n  product\n}) => {\n  cy.get(\"[data-test-product-name]\").type(product.name);\n  cy.get(\"[data-test-product-description]\").type(product.description);\n  cy.get(\"[data-test-product-category]\").type(product.category);\n  cy.get(\"[data-test-product-price]\").type(product.originalPrice);\n  cy.get(\"[data-test-product-picture]\").type(\"{selectAll}{del}\");\n  cy.get(\"[data-test-product-picture]\").type(product.pictureUrl);\n  cy.get(\"[data-test-product-end-date]\").type((0, _automate.prepareDateToType)(originalProduct.endDate));\n  cy.intercept(\"POST\", \"http://localhost:3000/api/products\", {\n    delay: 2000\n  }).as(\"postProduct\");\n  cy.get(\"[data-test-submit]\").click();\n  cy.get(\"[data-test-submit]\").should(\"have.attr\", \"disabled\");\n  cy.get(\"[data-test-spinner]\").should(\"exist\");\n});",
              "err": {
                "message": "CypressError: `cy.request()` failed on:\n\nhttp://localhost:3000/api/products\n\nThe response we received from your web server was:\n\n  > 600: Unknown Status Code\n\nThis was considered a failure because the status code was not `2xx` or `3xx`.\n\nIf you do not want status codes to cause failures pass the option: `failOnStatusCode: false`\n\n-----------------------------------------------------------\n\nThe request we sent was:\n\nMethod: POST\nURL: http://localhost:3000/api/products\nHeaders: {\n  \"Connection\": \"keep-alive\",\n  \"Authorization\": \"Bearer eyJhbGciOiJIUzI1NiIsInR5cCI6IkpXVCJ9.eyJpZCI6IjFmMmZhZGIxLTBkN2UtNDdhNy05ZDViLWVkMDMxZDY2NWQzZSIsInVzZXJuYW1lIjoiYWxpY2UiLCJlbWFpbCI6ImFsaWNlQGV4YW1wbGUuY29tIiwiYWRtaW4iOmZhbHNlLCJpYXQiOjE2Nzk2MTMwMzh9.KcT42jbNXfNR-0I-bTc_qNdAuCid640tXpkzUtDCoao\",\n  \"user-agent\": \"Mozilla/5.0 (X11; Linux x86_64) AppleWebKit/537.36 (KHTML, like Gecko) HeadlessChrome/119.0.0.0 Safari/537.36\",\n  \"accept\": \"*/*\",\n  \"accept-encoding\": \"gzip, deflate\",\n  \"content-type\": \"application/json\",\n  \"content-length\": 244\n}\nBody: {\"name\":\"Aa Aagna ut lorem\",\"description\":\"Eagna labore elit eiusmod dolor dolor eiusmod adipiscing ipsum consectetur\",\"category\":\"elit\",\"originalPrice\":34,\"pictureUrl\":\"https://picsum.photos/id/24/512/512\",\"endDate\":\"2024-04-16T06:56:19.767Z\"}\n\n-----------------------------------------------------------\n\nThe response we got was:\n\nStatus: 600 - Unknown Status Code\nHeaders: {\n  \"x-powered-by\": \"Express\",\n  \"access-control-allow-origin\": \"*\",\n  \"date\": \"Mon, 08 Apr 2024 06:56:19 GMT\",\n  \"connection\": \"keep-alive\",\n  \"keep-alive\": \"timeout=5\",\n  \"content-length\": \"0\"\n}\n\n\nhttps://on.cypress.io/request",
                "estack": "CypressError: `cy.request()` failed on:\n\nhttp://localhost:3000/api/products\n\nThe response we received from your web server was:\n\n  > 600: Unknown Status Code\n\nThis was considered a failure because the status code was not `2xx` or `3xx`.\n\nIf you do not want status codes to cause failures pass the option: `failOnStatusCode: false`\n\n-----------------------------------------------------------\n\nThe request we sent was:\n\nMethod: POST\nURL: http://localhost:3000/api/products\nHeaders: {\n  \"Connection\": \"keep-alive\",\n  \"Authorization\": \"Bearer eyJhbGciOiJIUzI1NiIsInR5cCI6IkpXVCJ9.eyJpZCI6IjFmMmZhZGIxLTBkN2UtNDdhNy05ZDViLWVkMDMxZDY2NWQzZSIsInVzZXJuYW1lIjoiYWxpY2UiLCJlbWFpbCI6ImFsaWNlQGV4YW1wbGUuY29tIiwiYWRtaW4iOmZhbHNlLCJpYXQiOjE2Nzk2MTMwMzh9.KcT42jbNXfNR-0I-bTc_qNdAuCid640tXpkzUtDCoao\",\n  \"user-agent\": \"Mozilla/5.0 (X11; Linux x86_64) AppleWebKit/537.36 (KHTML, like Gecko) HeadlessChrome/119.0.0.0 Safari/537.36\",\n  \"accept\": \"*/*\",\n  \"accept-encoding\": \"gzip, deflate\",\n  \"content-type\": \"application/json\",\n  \"content-length\": 244\n}\nBody: {\"name\":\"Aa Aagna ut lorem\",\"description\":\"Eagna labore elit eiusmod dolor dolor eiusmod adipiscing ipsum consectetur\",\"category\":\"elit\",\"originalPrice\":34,\"pictureUrl\":\"https://picsum.photos/id/24/512/512\",\"endDate\":\"2024-04-16T06:56:19.767Z\"}\n\n-----------------------------------------------------------\n\nThe response we got was:\n\nStatus: 600 - Unknown Status Code\nHeaders: {\n  \"x-powered-by\": \"Express\",\n  \"access-control-allow-origin\": \"*\",\n  \"date\": \"Mon, 08 Apr 2024 06:56:19 GMT\",\n  \"connection\": \"keep-alive\",\n  \"keep-alive\": \"timeout=5\",\n  \"content-length\": \"0\"\n}\n\n\nhttps://on.cypress.io/request\n    at <unknown> (http://localhost:5173/__cypress/runner/cypress_runner.js:133123:72)\n    at tryCatcher (http://localhost:5173/__cypress/runner/cypress_runner.js:1807:23)\n    at Promise._settlePromiseFromHandler (http://localhost:5173/__cypress/runner/cypress_runner.js:1519:31)\n    at Promise._settlePromise (http://localhost:5173/__cypress/runner/cypress_runner.js:1576:18)\n    at Promise._settlePromise0 (http://localhost:5173/__cypress/runner/cypress_runner.js:1621:10)\n    at Promise._settlePromises (http://localhost:5173/__cypress/runner/cypress_runner.js:1701:18)\n    at _drainQueueStep (http://localhost:5173/__cypress/runner/cypress_runner.js:2407:12)\n    at _drainQueue (http://localhost:5173/__cypress/runner/cypress_runner.js:2400:9)\n    at Async._drainQueues (http://localhost:5173/__cypress/runner/cypress_runner.js:2416:5)\n    at Async.drainQueues (http://localhost:5173/__cypress/runner/cypress_runner.js:2286:14)\nFrom Your Spec Code:\n    at eval (webpack://frontend/./cypress/e2e/common/orm.js:37:7)\nat new Promise (<anonymous>)\n    at createProduct (webpack://frontend/./cypress/e2e/common/orm.js:36:9)\n    at Context.eval (webpack://frontend/./cypress/e2e/frontend/add-product.cy.js:57:18)",
                "diff": null
              },
              "uuid": "000da078-004f-49e2-bddd-2943b62221f1",
              "parentUUID": "02f3a68a-a8a5-4ef3-95ae-8f1af6d1b16a",
              "isHook": false,
              "skipped": false
            },
            {
              "title": "display error",
              "fullTitle": "Page /products/add display error",
              "timedOut": null,
              "duration": 547,
              "state": "failed",
              "speed": null,
              "pass": false,
              "fail": true,
              "pending": false,
              "context": null,
              "code": "// Note : Test le scénario d'un ajout de produit avec un échec\ncy.visit(url, {\n  onBeforeLoad: function (window) {\n    window.localStorage.setItem(\"token\", _tokens.aliceToken);\n  }\n});\ncy.get(\"[data-test-error]\").should(\"not.exist\");\n(0, _orm.createProduct)().then(({\n  originalProduct,\n  product\n}) => {\n  cy.get(\"[data-test-product-name]\").type(product.name);\n  cy.get(\"[data-test-product-description]\").type(product.description);\n  cy.get(\"[data-test-product-category]\").type(product.category);\n  cy.get(\"[data-test-product-price]\").type(product.originalPrice);\n  cy.get(\"[data-test-product-picture]\").type(\"{selectAll}{del}\");\n  cy.get(\"[data-test-product-picture]\").type(product.pictureUrl);\n  cy.get(\"[data-test-product-end-date]\").type((0, _automate.prepareDateToType)(originalProduct.endDate));\n  cy.intercept(\"POST\", \"http://localhost:3000/api/products\", {\n    statusCode: 500\n  }).as(\"postProduct\");\n  cy.get(\"[data-test-submit]\").click();\n  cy.get(\"[data-test-error]\").should(\"exist\");\n});",
              "err": {
                "message": "CypressError: `cy.request()` failed on:\n\nhttp://localhost:3000/api/products\n\nThe response we received from your web server was:\n\n  > 600: Unknown Status Code\n\nThis was considered a failure because the status code was not `2xx` or `3xx`.\n\nIf you do not want status codes to cause failures pass the option: `failOnStatusCode: false`\n\n-----------------------------------------------------------\n\nThe request we sent was:\n\nMethod: POST\nURL: http://localhost:3000/api/products\nHeaders: {\n  \"Connection\": \"keep-alive\",\n  \"Authorization\": \"Bearer eyJhbGciOiJIUzI1NiIsInR5cCI6IkpXVCJ9.eyJpZCI6IjFmMmZhZGIxLTBkN2UtNDdhNy05ZDViLWVkMDMxZDY2NWQzZSIsInVzZXJuYW1lIjoiYWxpY2UiLCJlbWFpbCI6ImFsaWNlQGV4YW1wbGUuY29tIiwiYWRtaW4iOmZhbHNlLCJpYXQiOjE2Nzk2MTMwMzh9.KcT42jbNXfNR-0I-bTc_qNdAuCid640tXpkzUtDCoao\",\n  \"user-agent\": \"Mozilla/5.0 (X11; Linux x86_64) AppleWebKit/537.36 (KHTML, like Gecko) HeadlessChrome/119.0.0.0 Safari/537.36\",\n  \"accept\": \"*/*\",\n  \"accept-encoding\": \"gzip, deflate\",\n  \"content-type\": \"application/json\",\n  \"content-length\": 215\n}\nBody: {\"name\":\"Aa Iabore lorem sit\",\"description\":\"Dmet et elit elit et tempor lorem ut magna ut\",\"category\":\"et\",\"originalPrice\":86,\"pictureUrl\":\"https://picsum.photos/id/65/512/512\",\"endDate\":\"2024-04-09T06:56:20.387Z\"}\n\n-----------------------------------------------------------\n\nThe response we got was:\n\nStatus: 600 - Unknown Status Code\nHeaders: {\n  \"x-powered-by\": \"Express\",\n  \"access-control-allow-origin\": \"*\",\n  \"date\": \"Mon, 08 Apr 2024 06:56:20 GMT\",\n  \"connection\": \"keep-alive\",\n  \"keep-alive\": \"timeout=5\",\n  \"content-length\": \"0\"\n}\n\n\nhttps://on.cypress.io/request",
                "estack": "CypressError: `cy.request()` failed on:\n\nhttp://localhost:3000/api/products\n\nThe response we received from your web server was:\n\n  > 600: Unknown Status Code\n\nThis was considered a failure because the status code was not `2xx` or `3xx`.\n\nIf you do not want status codes to cause failures pass the option: `failOnStatusCode: false`\n\n-----------------------------------------------------------\n\nThe request we sent was:\n\nMethod: POST\nURL: http://localhost:3000/api/products\nHeaders: {\n  \"Connection\": \"keep-alive\",\n  \"Authorization\": \"Bearer eyJhbGciOiJIUzI1NiIsInR5cCI6IkpXVCJ9.eyJpZCI6IjFmMmZhZGIxLTBkN2UtNDdhNy05ZDViLWVkMDMxZDY2NWQzZSIsInVzZXJuYW1lIjoiYWxpY2UiLCJlbWFpbCI6ImFsaWNlQGV4YW1wbGUuY29tIiwiYWRtaW4iOmZhbHNlLCJpYXQiOjE2Nzk2MTMwMzh9.KcT42jbNXfNR-0I-bTc_qNdAuCid640tXpkzUtDCoao\",\n  \"user-agent\": \"Mozilla/5.0 (X11; Linux x86_64) AppleWebKit/537.36 (KHTML, like Gecko) HeadlessChrome/119.0.0.0 Safari/537.36\",\n  \"accept\": \"*/*\",\n  \"accept-encoding\": \"gzip, deflate\",\n  \"content-type\": \"application/json\",\n  \"content-length\": 215\n}\nBody: {\"name\":\"Aa Iabore lorem sit\",\"description\":\"Dmet et elit elit et tempor lorem ut magna ut\",\"category\":\"et\",\"originalPrice\":86,\"pictureUrl\":\"https://picsum.photos/id/65/512/512\",\"endDate\":\"2024-04-09T06:56:20.387Z\"}\n\n-----------------------------------------------------------\n\nThe response we got was:\n\nStatus: 600 - Unknown Status Code\nHeaders: {\n  \"x-powered-by\": \"Express\",\n  \"access-control-allow-origin\": \"*\",\n  \"date\": \"Mon, 08 Apr 2024 06:56:20 GMT\",\n  \"connection\": \"keep-alive\",\n  \"keep-alive\": \"timeout=5\",\n  \"content-length\": \"0\"\n}\n\n\nhttps://on.cypress.io/request\n    at <unknown> (http://localhost:5173/__cypress/runner/cypress_runner.js:133123:72)\n    at tryCatcher (http://localhost:5173/__cypress/runner/cypress_runner.js:1807:23)\n    at Promise._settlePromiseFromHandler (http://localhost:5173/__cypress/runner/cypress_runner.js:1519:31)\n    at Promise._settlePromise (http://localhost:5173/__cypress/runner/cypress_runner.js:1576:18)\n    at Promise._settlePromise0 (http://localhost:5173/__cypress/runner/cypress_runner.js:1621:10)\n    at Promise._settlePromises (http://localhost:5173/__cypress/runner/cypress_runner.js:1701:18)\n    at _drainQueueStep (http://localhost:5173/__cypress/runner/cypress_runner.js:2407:12)\n    at _drainQueue (http://localhost:5173/__cypress/runner/cypress_runner.js:2400:9)\n    at Async._drainQueues (http://localhost:5173/__cypress/runner/cypress_runner.js:2416:5)\n    at Async.drainQueues (http://localhost:5173/__cypress/runner/cypress_runner.js:2286:14)\nFrom Your Spec Code:\n    at eval (webpack://frontend/./cypress/e2e/common/orm.js:37:7)\nat new Promise (<anonymous>)\n    at createProduct (webpack://frontend/./cypress/e2e/common/orm.js:36:9)\n    at Context.eval (webpack://frontend/./cypress/e2e/frontend/add-product.cy.js:88:18)",
                "diff": null
              },
              "uuid": "4c80ece3-d45b-4208-822c-f6682f6b4f4e",
              "parentUUID": "02f3a68a-a8a5-4ef3-95ae-8f1af6d1b16a",
              "isHook": false,
              "skipped": false
            }
          ],
          "suites": [],
          "passes": [],
          "failures": [
            "c28775b6-6695-44da-baf7-3e25bd636851",
            "000da078-004f-49e2-bddd-2943b62221f1",
            "4c80ece3-d45b-4208-822c-f6682f6b4f4e"
          ],
          "pending": [],
          "skipped": [],
          "duration": 1931,
          "root": false,
          "rootEmpty": false,
          "_timeout": 2000
        }
      ],
      "passes": [],
      "failures": [],
      "pending": [],
      "skipped": [],
      "duration": 0,
      "root": true,
      "rootEmpty": true,
      "_timeout": 2000
    },
    {
      "uuid": "e7b888ab-3a07-4e6f-bae6-2cac0a1f60f6",
      "title": "",
      "fullFile": "cypress/e2e/frontend/edit-product.cy.js",
      "file": "cypress/e2e/frontend/edit-product.cy.js",
      "beforeHooks": [],
      "afterHooks": [],
      "tests": [],
      "suites": [
        {
          "uuid": "837133d9-7432-4df4-b1fa-11d90f23fff2",
          "title": "Page /products/:productId/edit",
          "fullFile": "",
          "file": "",
          "beforeHooks": [],
          "afterHooks": [],
          "tests": [
            {
              "title": "post product",
              "fullTitle": "Page /products/:productId/edit post product",
              "timedOut": null,
              "duration": 397,
              "state": "failed",
              "speed": null,
              "pass": false,
              "fail": true,
              "pending": false,
              "context": null,
              "code": "(0, _orm.createProduct)().then(({\n  product\n}) => {\n  // Note : Test le scénario de modification de produit réussi\n  cy.visit(`http://localhost:5173/products/${product.id}/edit`, {\n    onBeforeLoad: function (window) {\n      window.localStorage.setItem(\"token\", _tokens.aliceToken);\n    }\n  });\n  const newProduct = (0, _orm.buildProduct)();\n  cy.get(\"[data-test-product-name]\").type(\"{selectAll}{del}\");\n  cy.get(\"[data-test-product-name]\").type(newProduct.name);\n  cy.get(\"[data-test-product-description]\").type(\"{selectAll}{del}\");\n  cy.get(\"[data-test-product-description]\").type(newProduct.description);\n  cy.get(\"[data-test-product-category]\").type(\"{selectAll}{del}\");\n  cy.get(\"[data-test-product-category]\").type(newProduct.category);\n  cy.get(\"[data-test-product-price]\").type(\"{selectAll}{del}\");\n  cy.get(\"[data-test-product-price]\").type(newProduct.originalPrice);\n  cy.get(\"[data-test-product-picture]\").type(\"{selectAll}{del}\");\n  cy.get(\"[data-test-product-picture]\").type(newProduct.pictureUrl);\n  cy.get(\"[data-test-product-end-date]\").type(\"{selectAll}{del}\");\n  cy.get(\"[data-test-product-end-date]\").type((0, _automate.prepareDateToType)(newProduct.endDate));\n  cy.intercept(\"PUT\", \"http://localhost:3000/api/products/\" + product.id).as(\"putProduct\");\n  cy.get(\"[data-test-submit]\").click();\n  cy.wait(\"@putProduct\").then(interception => {\n    expect(interception.response.statusCode).to.eq(200);\n    const id = interception.response.body.id;\n    cy.url().should(\"contain\", `/products/${id}`);\n  });\n});",
              "err": {
                "message": "CypressError: `cy.request()` failed on:\n\nhttp://localhost:3000/api/products\n\nThe response we received from your web server was:\n\n  > 600: Unknown Status Code\n\nThis was considered a failure because the status code was not `2xx` or `3xx`.\n\nIf you do not want status codes to cause failures pass the option: `failOnStatusCode: false`\n\n-----------------------------------------------------------\n\nThe request we sent was:\n\nMethod: POST\nURL: http://localhost:3000/api/products\nHeaders: {\n  \"Connection\": \"keep-alive\",\n  \"Authorization\": \"Bearer eyJhbGciOiJIUzI1NiIsInR5cCI6IkpXVCJ9.eyJpZCI6IjFmMmZhZGIxLTBkN2UtNDdhNy05ZDViLWVkMDMxZDY2NWQzZSIsInVzZXJuYW1lIjoiYWxpY2UiLCJlbWFpbCI6ImFsaWNlQGV4YW1wbGUuY29tIiwiYWRtaW4iOmZhbHNlLCJpYXQiOjE2Nzk2MTMwMzh9.KcT42jbNXfNR-0I-bTc_qNdAuCid640tXpkzUtDCoao\",\n  \"user-agent\": \"Mozilla/5.0 (X11; Linux x86_64) AppleWebKit/537.36 (KHTML, like Gecko) HeadlessChrome/119.0.0.0 Safari/537.36\",\n  \"accept\": \"*/*\",\n  \"accept-encoding\": \"gzip, deflate\",\n  \"content-type\": \"application/json\",\n  \"content-length\": 251\n}\nBody: {\"name\":\"Aa Epsum do eiusmod\",\"description\":\"So eiusmod dolore lorem dolore consectetur dolor adipiscing ut incididunt\",\"category\":\"incididunt\",\"originalPrice\":18,\"pictureUrl\":\"https://picsum.photos/id/62/512/512\",\"endDate\":\"2024-04-15T06:56:23.422Z\"}\n\n-----------------------------------------------------------\n\nThe response we got was:\n\nStatus: 600 - Unknown Status Code\nHeaders: {\n  \"x-powered-by\": \"Express\",\n  \"access-control-allow-origin\": \"*\",\n  \"date\": \"Mon, 08 Apr 2024 06:56:23 GMT\",\n  \"connection\": \"keep-alive\",\n  \"keep-alive\": \"timeout=5\",\n  \"content-length\": \"0\"\n}\n\n\nhttps://on.cypress.io/request",
                "estack": "CypressError: `cy.request()` failed on:\n\nhttp://localhost:3000/api/products\n\nThe response we received from your web server was:\n\n  > 600: Unknown Status Code\n\nThis was considered a failure because the status code was not `2xx` or `3xx`.\n\nIf you do not want status codes to cause failures pass the option: `failOnStatusCode: false`\n\n-----------------------------------------------------------\n\nThe request we sent was:\n\nMethod: POST\nURL: http://localhost:3000/api/products\nHeaders: {\n  \"Connection\": \"keep-alive\",\n  \"Authorization\": \"Bearer eyJhbGciOiJIUzI1NiIsInR5cCI6IkpXVCJ9.eyJpZCI6IjFmMmZhZGIxLTBkN2UtNDdhNy05ZDViLWVkMDMxZDY2NWQzZSIsInVzZXJuYW1lIjoiYWxpY2UiLCJlbWFpbCI6ImFsaWNlQGV4YW1wbGUuY29tIiwiYWRtaW4iOmZhbHNlLCJpYXQiOjE2Nzk2MTMwMzh9.KcT42jbNXfNR-0I-bTc_qNdAuCid640tXpkzUtDCoao\",\n  \"user-agent\": \"Mozilla/5.0 (X11; Linux x86_64) AppleWebKit/537.36 (KHTML, like Gecko) HeadlessChrome/119.0.0.0 Safari/537.36\",\n  \"accept\": \"*/*\",\n  \"accept-encoding\": \"gzip, deflate\",\n  \"content-type\": \"application/json\",\n  \"content-length\": 251\n}\nBody: {\"name\":\"Aa Epsum do eiusmod\",\"description\":\"So eiusmod dolore lorem dolore consectetur dolor adipiscing ut incididunt\",\"category\":\"incididunt\",\"originalPrice\":18,\"pictureUrl\":\"https://picsum.photos/id/62/512/512\",\"endDate\":\"2024-04-15T06:56:23.422Z\"}\n\n-----------------------------------------------------------\n\nThe response we got was:\n\nStatus: 600 - Unknown Status Code\nHeaders: {\n  \"x-powered-by\": \"Express\",\n  \"access-control-allow-origin\": \"*\",\n  \"date\": \"Mon, 08 Apr 2024 06:56:23 GMT\",\n  \"connection\": \"keep-alive\",\n  \"keep-alive\": \"timeout=5\",\n  \"content-length\": \"0\"\n}\n\n\nhttps://on.cypress.io/request\n    at <unknown> (http://localhost:43349/__cypress/runner/cypress_runner.js:133123:72)\n    at tryCatcher (http://localhost:43349/__cypress/runner/cypress_runner.js:1807:23)\n    at Promise._settlePromiseFromHandler (http://localhost:43349/__cypress/runner/cypress_runner.js:1519:31)\n    at Promise._settlePromise (http://localhost:43349/__cypress/runner/cypress_runner.js:1576:18)\n    at Promise._settlePromise0 (http://localhost:43349/__cypress/runner/cypress_runner.js:1621:10)\n    at Promise._settlePromises (http://localhost:43349/__cypress/runner/cypress_runner.js:1701:18)\n    at _drainQueueStep (http://localhost:43349/__cypress/runner/cypress_runner.js:2407:12)\n    at _drainQueue (http://localhost:43349/__cypress/runner/cypress_runner.js:2400:9)\n    at Async._drainQueues (http://localhost:43349/__cypress/runner/cypress_runner.js:2416:5)\n    at Async.drainQueues (http://localhost:43349/__cypress/runner/cypress_runner.js:2286:14)\nFrom Your Spec Code:\n    at eval (webpack://frontend/./cypress/e2e/common/orm.js:37:7)\nat new Promise (<anonymous>)\n    at createProduct (webpack://frontend/./cypress/e2e/common/orm.js:36:9)\n    at Context.eval (webpack://frontend/./cypress/e2e/frontend/edit-product.cy.js:11:18)",
                "diff": null
              },
              "uuid": "044a4c46-b34d-4832-8d8d-f659b0e10118",
              "parentUUID": "837133d9-7432-4df4-b1fa-11d90f23fff2",
              "isHook": false,
              "skipped": false
            },
            {
              "title": "display spinner",
              "fullTitle": "Page /products/:productId/edit display spinner",
              "timedOut": null,
              "duration": 326,
              "state": "failed",
              "speed": null,
              "pass": false,
              "fail": true,
              "pending": false,
              "context": null,
              "code": "// Note : Test la présence d'un spinner lors de l'envoi de la requête\n(0, _orm.createProduct)().then(({\n  product\n}) => {\n  cy.visit(`http://localhost:5173/products/${product.id}/edit`, {\n    onBeforeLoad: function (window) {\n      window.localStorage.setItem(\"token\", _tokens.aliceToken);\n    }\n  });\n  const newProduct = (0, _orm.buildProduct)();\n  cy.get(\"[data-test-product-name]\").type(\"{selectAll}{del}\");\n  cy.get(\"[data-test-product-name]\").type(newProduct.name);\n  cy.get(\"[data-test-product-description]\").type(\"{selectAll}{del}\");\n  cy.get(\"[data-test-product-description]\").type(newProduct.description);\n  cy.get(\"[data-test-product-category]\").type(\"{selectAll}{del}\");\n  cy.get(\"[data-test-product-category]\").type(newProduct.category);\n  cy.get(\"[data-test-product-price]\").type(\"{selectAll}{del}\");\n  cy.get(\"[data-test-product-price]\").type(newProduct.originalPrice);\n  cy.get(\"[data-test-product-picture]\").type(\"{selectAll}{del}\");\n  cy.get(\"[data-test-product-picture]\").type(newProduct.pictureUrl);\n  cy.get(\"[data-test-product-end-date]\").type(\"{selectAll}{del}\");\n  cy.get(\"[data-test-product-end-date]\").type((0, _automate.prepareDateToType)(newProduct.endDate));\n  cy.intercept(\"PUT\", \"http://localhost:3000/api/products/\" + product.id, {\n    delay: 2000\n  }).as(\"putProduct\");\n  cy.get(\"[data-test-submit]\").click();\n  cy.get(\"[data-test-submit]\").should(\"have.attr\", \"disabled\");\n  cy.get(\"[data-test-spinner]\").should(\"exist\");\n});",
              "err": {
                "message": "CypressError: `cy.request()` failed on:\n\nhttp://localhost:3000/api/products\n\nThe response we received from your web server was:\n\n  > 600: Unknown Status Code\n\nThis was considered a failure because the status code was not `2xx` or `3xx`.\n\nIf you do not want status codes to cause failures pass the option: `failOnStatusCode: false`\n\n-----------------------------------------------------------\n\nThe request we sent was:\n\nMethod: POST\nURL: http://localhost:3000/api/products\nHeaders: {\n  \"Connection\": \"keep-alive\",\n  \"Authorization\": \"Bearer eyJhbGciOiJIUzI1NiIsInR5cCI6IkpXVCJ9.eyJpZCI6IjFmMmZhZGIxLTBkN2UtNDdhNy05ZDViLWVkMDMxZDY2NWQzZSIsInVzZXJuYW1lIjoiYWxpY2UiLCJlbWFpbCI6ImFsaWNlQGV4YW1wbGUuY29tIiwiYWRtaW4iOmZhbHNlLCJpYXQiOjE2Nzk2MTMwMzh9.KcT42jbNXfNR-0I-bTc_qNdAuCid640tXpkzUtDCoao\",\n  \"user-agent\": \"Mozilla/5.0 (X11; Linux x86_64) AppleWebKit/537.36 (KHTML, like Gecko) HeadlessChrome/119.0.0.0 Safari/537.36\",\n  \"accept\": \"*/*\",\n  \"accept-encoding\": \"gzip, deflate\",\n  \"content-type\": \"application/json\",\n  \"content-length\": 243\n}\nBody: {\"name\":\"Aa Aiusmod elit incididunt\",\"description\":\"Et adipiscing tempor dolore amet sed lorem magna lorem dolore\",\"category\":\"eiusmod\",\"originalPrice\":30,\"pictureUrl\":\"https://picsum.photos/id/95/512/512\",\"endDate\":\"2024-04-11T06:56:23.826Z\"}\n\n-----------------------------------------------------------\n\nThe response we got was:\n\nStatus: 600 - Unknown Status Code\nHeaders: {\n  \"x-powered-by\": \"Express\",\n  \"access-control-allow-origin\": \"*\",\n  \"date\": \"Mon, 08 Apr 2024 06:56:23 GMT\",\n  \"connection\": \"keep-alive\",\n  \"keep-alive\": \"timeout=5\",\n  \"content-length\": \"0\"\n}\n\n\nhttps://on.cypress.io/request",
                "estack": "CypressError: `cy.request()` failed on:\n\nhttp://localhost:3000/api/products\n\nThe response we received from your web server was:\n\n  > 600: Unknown Status Code\n\nThis was considered a failure because the status code was not `2xx` or `3xx`.\n\nIf you do not want status codes to cause failures pass the option: `failOnStatusCode: false`\n\n-----------------------------------------------------------\n\nThe request we sent was:\n\nMethod: POST\nURL: http://localhost:3000/api/products\nHeaders: {\n  \"Connection\": \"keep-alive\",\n  \"Authorization\": \"Bearer eyJhbGciOiJIUzI1NiIsInR5cCI6IkpXVCJ9.eyJpZCI6IjFmMmZhZGIxLTBkN2UtNDdhNy05ZDViLWVkMDMxZDY2NWQzZSIsInVzZXJuYW1lIjoiYWxpY2UiLCJlbWFpbCI6ImFsaWNlQGV4YW1wbGUuY29tIiwiYWRtaW4iOmZhbHNlLCJpYXQiOjE2Nzk2MTMwMzh9.KcT42jbNXfNR-0I-bTc_qNdAuCid640tXpkzUtDCoao\",\n  \"user-agent\": \"Mozilla/5.0 (X11; Linux x86_64) AppleWebKit/537.36 (KHTML, like Gecko) HeadlessChrome/119.0.0.0 Safari/537.36\",\n  \"accept\": \"*/*\",\n  \"accept-encoding\": \"gzip, deflate\",\n  \"content-type\": \"application/json\",\n  \"content-length\": 243\n}\nBody: {\"name\":\"Aa Aiusmod elit incididunt\",\"description\":\"Et adipiscing tempor dolore amet sed lorem magna lorem dolore\",\"category\":\"eiusmod\",\"originalPrice\":30,\"pictureUrl\":\"https://picsum.photos/id/95/512/512\",\"endDate\":\"2024-04-11T06:56:23.826Z\"}\n\n-----------------------------------------------------------\n\nThe response we got was:\n\nStatus: 600 - Unknown Status Code\nHeaders: {\n  \"x-powered-by\": \"Express\",\n  \"access-control-allow-origin\": \"*\",\n  \"date\": \"Mon, 08 Apr 2024 06:56:23 GMT\",\n  \"connection\": \"keep-alive\",\n  \"keep-alive\": \"timeout=5\",\n  \"content-length\": \"0\"\n}\n\n\nhttps://on.cypress.io/request\n    at <unknown> (http://localhost:43349/__cypress/runner/cypress_runner.js:133123:72)\n    at tryCatcher (http://localhost:43349/__cypress/runner/cypress_runner.js:1807:23)\n    at Promise._settlePromiseFromHandler (http://localhost:43349/__cypress/runner/cypress_runner.js:1519:31)\n    at Promise._settlePromise (http://localhost:43349/__cypress/runner/cypress_runner.js:1576:18)\n    at Promise._settlePromise0 (http://localhost:43349/__cypress/runner/cypress_runner.js:1621:10)\n    at Promise._settlePromises (http://localhost:43349/__cypress/runner/cypress_runner.js:1701:18)\n    at _drainQueueStep (http://localhost:43349/__cypress/runner/cypress_runner.js:2407:12)\n    at _drainQueue (http://localhost:43349/__cypress/runner/cypress_runner.js:2400:9)\n    at Async._drainQueues (http://localhost:43349/__cypress/runner/cypress_runner.js:2416:5)\n    at Async.drainQueues (http://localhost:43349/__cypress/runner/cypress_runner.js:2286:14)\nFrom Your Spec Code:\n    at eval (webpack://frontend/./cypress/e2e/common/orm.js:37:7)\nat new Promise (<anonymous>)\n    at createProduct (webpack://frontend/./cypress/e2e/common/orm.js:36:9)\n    at Context.eval (webpack://frontend/./cypress/e2e/frontend/edit-product.cy.js:57:18)",
                "diff": null
              },
              "uuid": "f251195d-c7f8-47db-bd92-5a0310f37dc6",
              "parentUUID": "837133d9-7432-4df4-b1fa-11d90f23fff2",
              "isHook": false,
              "skipped": false
            },
            {
              "title": "display error",
              "fullTitle": "Page /products/:productId/edit display error",
              "timedOut": null,
              "duration": 303,
              "state": "failed",
              "speed": null,
              "pass": false,
              "fail": true,
              "pending": false,
              "context": null,
              "code": "// Note : Test le scénario d'un ajout de produit avec un échec\n(0, _orm.createProduct)().then(({\n  product\n}) => {\n  cy.visit(`http://localhost:5173/products/${product.id}/edit`, {\n    onBeforeLoad: function (window) {\n      window.localStorage.setItem(\"token\", _tokens.aliceToken);\n    }\n  });\n  cy.get(\"[data-test-error]\").should(\"not.exist\");\n  const newProduct = (0, _orm.buildProduct)();\n  cy.get(\"[data-test-product-name]\").type(\"{selectAll}{del}\");\n  cy.get(\"[data-test-product-name]\").type(newProduct.name);\n  cy.get(\"[data-test-product-description]\").type(\"{selectAll}{del}\");\n  cy.get(\"[data-test-product-description]\").type(newProduct.description);\n  cy.get(\"[data-test-product-category]\").type(\"{selectAll}{del}\");\n  cy.get(\"[data-test-product-category]\").type(newProduct.category);\n  cy.get(\"[data-test-product-price]\").type(\"{selectAll}{del}\");\n  cy.get(\"[data-test-product-price]\").type(newProduct.originalPrice);\n  cy.get(\"[data-test-product-picture]\").type(\"{selectAll}{del}\");\n  cy.get(\"[data-test-product-picture]\").type(newProduct.pictureUrl);\n  cy.get(\"[data-test-product-end-date]\").type(\"{selectAll}{del}\");\n  cy.get(\"[data-test-product-end-date]\").type((0, _automate.prepareDateToType)(newProduct.endDate));\n  cy.intercept(\"PUT\", \"http://localhost:3000/api/products/\" + product.id, {\n    statusCode: 500\n  }).as(\"putProduct\");\n  cy.get(\"[data-test-submit]\").click();\n  cy.get(\"[data-test-error]\").should(\"exist\");\n});",
              "err": {
                "message": "CypressError: `cy.request()` failed on:\n\nhttp://localhost:3000/api/products\n\nThe response we received from your web server was:\n\n  > 600: Unknown Status Code\n\nThis was considered a failure because the status code was not `2xx` or `3xx`.\n\nIf you do not want status codes to cause failures pass the option: `failOnStatusCode: false`\n\n-----------------------------------------------------------\n\nThe request we sent was:\n\nMethod: POST\nURL: http://localhost:3000/api/products\nHeaders: {\n  \"Connection\": \"keep-alive\",\n  \"Authorization\": \"Bearer eyJhbGciOiJIUzI1NiIsInR5cCI6IkpXVCJ9.eyJpZCI6IjFmMmZhZGIxLTBkN2UtNDdhNy05ZDViLWVkMDMxZDY2NWQzZSIsInVzZXJuYW1lIjoiYWxpY2UiLCJlbWFpbCI6ImFsaWNlQGV4YW1wbGUuY29tIiwiYWRtaW4iOmZhbHNlLCJpYXQiOjE2Nzk2MTMwMzh9.KcT42jbNXfNR-0I-bTc_qNdAuCid640tXpkzUtDCoao\",\n  \"user-agent\": \"Mozilla/5.0 (X11; Linux x86_64) AppleWebKit/537.36 (KHTML, like Gecko) HeadlessChrome/119.0.0.0 Safari/537.36\",\n  \"accept\": \"*/*\",\n  \"accept-encoding\": \"gzip, deflate\",\n  \"content-type\": \"application/json\",\n  \"content-length\": 224\n}\nBody: {\"name\":\"Aa Aorem dolor labore\",\"description\":\"Eonsectetur do magna sit sit consectetur do sed ut et\",\"category\":\"ut\",\"originalPrice\":67,\"pictureUrl\":\"https://picsum.photos/id/2/512/512\",\"endDate\":\"2024-04-14T06:56:24.190Z\"}\n\n-----------------------------------------------------------\n\nThe response we got was:\n\nStatus: 600 - Unknown Status Code\nHeaders: {\n  \"x-powered-by\": \"Express\",\n  \"access-control-allow-origin\": \"*\",\n  \"date\": \"Mon, 08 Apr 2024 06:56:24 GMT\",\n  \"connection\": \"keep-alive\",\n  \"keep-alive\": \"timeout=5\",\n  \"content-length\": \"0\"\n}\n\n\nhttps://on.cypress.io/request",
                "estack": "CypressError: `cy.request()` failed on:\n\nhttp://localhost:3000/api/products\n\nThe response we received from your web server was:\n\n  > 600: Unknown Status Code\n\nThis was considered a failure because the status code was not `2xx` or `3xx`.\n\nIf you do not want status codes to cause failures pass the option: `failOnStatusCode: false`\n\n-----------------------------------------------------------\n\nThe request we sent was:\n\nMethod: POST\nURL: http://localhost:3000/api/products\nHeaders: {\n  \"Connection\": \"keep-alive\",\n  \"Authorization\": \"Bearer eyJhbGciOiJIUzI1NiIsInR5cCI6IkpXVCJ9.eyJpZCI6IjFmMmZhZGIxLTBkN2UtNDdhNy05ZDViLWVkMDMxZDY2NWQzZSIsInVzZXJuYW1lIjoiYWxpY2UiLCJlbWFpbCI6ImFsaWNlQGV4YW1wbGUuY29tIiwiYWRtaW4iOmZhbHNlLCJpYXQiOjE2Nzk2MTMwMzh9.KcT42jbNXfNR-0I-bTc_qNdAuCid640tXpkzUtDCoao\",\n  \"user-agent\": \"Mozilla/5.0 (X11; Linux x86_64) AppleWebKit/537.36 (KHTML, like Gecko) HeadlessChrome/119.0.0.0 Safari/537.36\",\n  \"accept\": \"*/*\",\n  \"accept-encoding\": \"gzip, deflate\",\n  \"content-type\": \"application/json\",\n  \"content-length\": 224\n}\nBody: {\"name\":\"Aa Aorem dolor labore\",\"description\":\"Eonsectetur do magna sit sit consectetur do sed ut et\",\"category\":\"ut\",\"originalPrice\":67,\"pictureUrl\":\"https://picsum.photos/id/2/512/512\",\"endDate\":\"2024-04-14T06:56:24.190Z\"}\n\n-----------------------------------------------------------\n\nThe response we got was:\n\nStatus: 600 - Unknown Status Code\nHeaders: {\n  \"x-powered-by\": \"Express\",\n  \"access-control-allow-origin\": \"*\",\n  \"date\": \"Mon, 08 Apr 2024 06:56:24 GMT\",\n  \"connection\": \"keep-alive\",\n  \"keep-alive\": \"timeout=5\",\n  \"content-length\": \"0\"\n}\n\n\nhttps://on.cypress.io/request\n    at <unknown> (http://localhost:43349/__cypress/runner/cypress_runner.js:133123:72)\n    at tryCatcher (http://localhost:43349/__cypress/runner/cypress_runner.js:1807:23)\n    at Promise._settlePromiseFromHandler (http://localhost:43349/__cypress/runner/cypress_runner.js:1519:31)\n    at Promise._settlePromise (http://localhost:43349/__cypress/runner/cypress_runner.js:1576:18)\n    at Promise._settlePromise0 (http://localhost:43349/__cypress/runner/cypress_runner.js:1621:10)\n    at Promise._settlePromises (http://localhost:43349/__cypress/runner/cypress_runner.js:1701:18)\n    at _drainQueueStep (http://localhost:43349/__cypress/runner/cypress_runner.js:2407:12)\n    at _drainQueue (http://localhost:43349/__cypress/runner/cypress_runner.js:2400:9)\n    at Async._drainQueues (http://localhost:43349/__cypress/runner/cypress_runner.js:2416:5)\n    at Async.drainQueues (http://localhost:43349/__cypress/runner/cypress_runner.js:2286:14)\nFrom Your Spec Code:\n    at eval (webpack://frontend/./cypress/e2e/common/orm.js:37:7)\nat new Promise (<anonymous>)\n    at createProduct (webpack://frontend/./cypress/e2e/common/orm.js:36:9)\n    at Context.eval (webpack://frontend/./cypress/e2e/frontend/edit-product.cy.js:95:18)",
                "diff": null
              },
              "uuid": "15f85fe4-1d56-4fe3-bff3-398975526277",
              "parentUUID": "837133d9-7432-4df4-b1fa-11d90f23fff2",
              "isHook": false,
              "skipped": false
            }
          ],
          "suites": [],
          "passes": [],
          "failures": [
            "044a4c46-b34d-4832-8d8d-f659b0e10118",
            "f251195d-c7f8-47db-bd92-5a0310f37dc6",
            "15f85fe4-1d56-4fe3-bff3-398975526277"
          ],
          "pending": [],
          "skipped": [],
          "duration": 1026,
          "root": false,
          "rootEmpty": false,
          "_timeout": 2000
        }
      ],
      "passes": [],
      "failures": [],
      "pending": [],
      "skipped": [],
      "duration": 0,
      "root": true,
      "rootEmpty": true,
      "_timeout": 2000
    },
    {
      "uuid": "a09855cc-5c57-4b78-8aaf-68eff142bbd4",
      "title": "",
      "fullFile": "cypress/e2e/frontend/home.cy.js",
      "file": "cypress/e2e/frontend/home.cy.js",
      "beforeHooks": [],
      "afterHooks": [],
      "tests": [],
      "suites": [
        {
          "uuid": "4486ea7f-afb9-44ee-ae61-f50e8f3741fb",
          "title": "Page /",
          "fullFile": "",
          "file": "",
          "beforeHooks": [],
          "afterHooks": [],
          "tests": [
            {
              "title": "fetch products",
              "fullTitle": "Page / fetch products",
              "timedOut": null,
              "duration": 1040,
              "state": "passed",
              "speed": "fast",
              "pass": true,
              "fail": false,
              "pending": false,
              "context": null,
              "code": "// Note : Test le scénario de récupération et d'affichage de tous les produits\ncy.visit(url);\ncy.get(\"[data-test-product]\").should(\"have.length\", 17);",
              "err": {},
              "uuid": "ced6f9f9-3312-4600-8439-81069fb3d29f",
              "parentUUID": "4486ea7f-afb9-44ee-ae61-f50e8f3741fb",
              "isHook": false,
              "skipped": false
            },
            {
              "title": "display product with past end date and last bid price",
              "fullTitle": "Page / display product with past end date and last bid price",
              "timedOut": null,
              "duration": 386,
              "state": "failed",
              "speed": null,
              "pass": false,
              "fail": true,
              "pending": false,
              "context": null,
              "code": "// Note : Vérifie que tous les éléments d'un produit sont bien affichés\n// Note : Si la date de fin est passée, afficher \"Terminé\"\n// Note : Si une offre existe pour le produit, afficher \"Prix actuel : <montant de l'offre>\"\n(0, _orm.createProduct)(\"past\").then(({\n  product\n}) => {\n  (0, _orm.createBid)(product.id, product.originalPrice, _tokens.bobToken).then(({\n    bid\n  }) => {\n    cy.visit(url);\n    cy.get(\"[data-test-product]\").should(\"have.length\", 18);\n    cy.get(`[data-test-product-name]:contains(\"${name}\")`).should(\"exist\").first().closest(\"[data-test-product]\").then(el => {\n      cy.wrap(el).find(\"[data-test-product-name]\").invoke(\"attr\", \"href\").should(\"include\", product.id);\n      cy.wrap(el).find(\"[data-test-product-description]\").should(\"have.text\", product.description);\n      cy.wrap(el).find(\"[data-test-product-seller]\").should(\"have.text\", \"alice\").invoke(\"attr\", \"href\").should(\"include\", _tokens.aliceId);\n      cy.wrap(el).find(\"[data-test-product-date]\").should(\"contain.text\", \"Terminé\");\n      cy.wrap(el).find(\"[data-test-product-price]\").should(\"contain.text\", \"Prix actuel\").should(\"contain.text\", \" \" + bid.price + \" €\");\n    });\n  }).catch(() => {\n    expect.fail(\"Bid creation fail\");\n  });\n});",
              "err": {
                "message": "CypressError: `cy.request()` failed on:\n\nhttp://localhost:3000/api/products\n\nThe response we received from your web server was:\n\n  > 600: Unknown Status Code\n\nThis was considered a failure because the status code was not `2xx` or `3xx`.\n\nIf you do not want status codes to cause failures pass the option: `failOnStatusCode: false`\n\n-----------------------------------------------------------\n\nThe request we sent was:\n\nMethod: POST\nURL: http://localhost:3000/api/products\nHeaders: {\n  \"Connection\": \"keep-alive\",\n  \"Authorization\": \"Bearer eyJhbGciOiJIUzI1NiIsInR5cCI6IkpXVCJ9.eyJpZCI6IjFmMmZhZGIxLTBkN2UtNDdhNy05ZDViLWVkMDMxZDY2NWQzZSIsInVzZXJuYW1lIjoiYWxpY2UiLCJlbWFpbCI6ImFsaWNlQGV4YW1wbGUuY29tIiwiYWRtaW4iOmZhbHNlLCJpYXQiOjE2Nzk2MTMwMzh9.KcT42jbNXfNR-0I-bTc_qNdAuCid640tXpkzUtDCoao\",\n  \"user-agent\": \"Mozilla/5.0 (X11; Linux x86_64) AppleWebKit/537.36 (KHTML, like Gecko) HeadlessChrome/119.0.0.0 Safari/537.36\",\n  \"accept\": \"*/*\",\n  \"accept-encoding\": \"gzip, deflate\",\n  \"content-type\": \"application/json\",\n  \"content-length\": 248\n}\nBody: {\"name\":\"Aa Aonsectetur lorem dolore\",\"description\":\"Dolore dolore lorem dolore sit sit aliqua ut incididunt labore\",\"category\":\"adipiscing\",\"originalPrice\":75,\"pictureUrl\":\"https://picsum.photos/id/87/512/512\",\"endDate\":\"2024-03-30T06:56:30.322Z\"}\n\n-----------------------------------------------------------\n\nThe response we got was:\n\nStatus: 600 - Unknown Status Code\nHeaders: {\n  \"x-powered-by\": \"Express\",\n  \"access-control-allow-origin\": \"*\",\n  \"date\": \"Mon, 08 Apr 2024 06:56:30 GMT\",\n  \"connection\": \"keep-alive\",\n  \"keep-alive\": \"timeout=5\",\n  \"content-length\": \"0\"\n}\n\n\nhttps://on.cypress.io/request",
                "estack": "CypressError: `cy.request()` failed on:\n\nhttp://localhost:3000/api/products\n\nThe response we received from your web server was:\n\n  > 600: Unknown Status Code\n\nThis was considered a failure because the status code was not `2xx` or `3xx`.\n\nIf you do not want status codes to cause failures pass the option: `failOnStatusCode: false`\n\n-----------------------------------------------------------\n\nThe request we sent was:\n\nMethod: POST\nURL: http://localhost:3000/api/products\nHeaders: {\n  \"Connection\": \"keep-alive\",\n  \"Authorization\": \"Bearer eyJhbGciOiJIUzI1NiIsInR5cCI6IkpXVCJ9.eyJpZCI6IjFmMmZhZGIxLTBkN2UtNDdhNy05ZDViLWVkMDMxZDY2NWQzZSIsInVzZXJuYW1lIjoiYWxpY2UiLCJlbWFpbCI6ImFsaWNlQGV4YW1wbGUuY29tIiwiYWRtaW4iOmZhbHNlLCJpYXQiOjE2Nzk2MTMwMzh9.KcT42jbNXfNR-0I-bTc_qNdAuCid640tXpkzUtDCoao\",\n  \"user-agent\": \"Mozilla/5.0 (X11; Linux x86_64) AppleWebKit/537.36 (KHTML, like Gecko) HeadlessChrome/119.0.0.0 Safari/537.36\",\n  \"accept\": \"*/*\",\n  \"accept-encoding\": \"gzip, deflate\",\n  \"content-type\": \"application/json\",\n  \"content-length\": 248\n}\nBody: {\"name\":\"Aa Aonsectetur lorem dolore\",\"description\":\"Dolore dolore lorem dolore sit sit aliqua ut incididunt labore\",\"category\":\"adipiscing\",\"originalPrice\":75,\"pictureUrl\":\"https://picsum.photos/id/87/512/512\",\"endDate\":\"2024-03-30T06:56:30.322Z\"}\n\n-----------------------------------------------------------\n\nThe response we got was:\n\nStatus: 600 - Unknown Status Code\nHeaders: {\n  \"x-powered-by\": \"Express\",\n  \"access-control-allow-origin\": \"*\",\n  \"date\": \"Mon, 08 Apr 2024 06:56:30 GMT\",\n  \"connection\": \"keep-alive\",\n  \"keep-alive\": \"timeout=5\",\n  \"content-length\": \"0\"\n}\n\n\nhttps://on.cypress.io/request\n    at <unknown> (http://localhost:5173/__cypress/runner/cypress_runner.js:133123:72)\n    at tryCatcher (http://localhost:5173/__cypress/runner/cypress_runner.js:1807:23)\n    at Promise._settlePromiseFromHandler (http://localhost:5173/__cypress/runner/cypress_runner.js:1519:31)\n    at Promise._settlePromise (http://localhost:5173/__cypress/runner/cypress_runner.js:1576:18)\n    at Promise._settlePromise0 (http://localhost:5173/__cypress/runner/cypress_runner.js:1621:10)\n    at Promise._settlePromises (http://localhost:5173/__cypress/runner/cypress_runner.js:1701:18)\n    at _drainQueueStep (http://localhost:5173/__cypress/runner/cypress_runner.js:2407:12)\n    at _drainQueue (http://localhost:5173/__cypress/runner/cypress_runner.js:2400:9)\n    at Async._drainQueues (http://localhost:5173/__cypress/runner/cypress_runner.js:2416:5)\n    at Async.drainQueues (http://localhost:5173/__cypress/runner/cypress_runner.js:2286:14)\nFrom Your Spec Code:\n    at eval (webpack://frontend/./cypress/e2e/common/orm.js:37:7)\nat new Promise (<anonymous>)\n    at createProduct (webpack://frontend/./cypress/e2e/common/orm.js:36:9)\n    at Context.eval (webpack://frontend/./cypress/e2e/frontend/home.cy.js:24:18)",
                "diff": null
              },
              "uuid": "9f547cbb-642f-4d2c-a55e-f2b285082510",
              "parentUUID": "4486ea7f-afb9-44ee-ae61-f50e8f3741fb",
              "isHook": false,
              "skipped": false
            },
            {
              "title": "display product with futur end date and original price (cause there not yet any bid)",
              "fullTitle": "Page / display product with futur end date and original price (cause there not yet any bid)",
              "timedOut": null,
              "duration": 279,
              "state": "failed",
              "speed": null,
              "pass": false,
              "fail": true,
              "pending": false,
              "context": null,
              "code": "// Note : Vérifie que tous les éléments d'un produit sont bien affichés\n// Note : Si la date de fin n'est pas passée, afficher \"En cours jusqu'au <date de fin>\"\n// Note : Si aucune une offre n'existe pour le produit, afficher \"Prix de départ : <prix de départ>\"\n(0, _orm.createProduct)().then(({\n  product\n}) => {\n  cy.visit(url);\n  cy.get(\"[data-test-product]\").should(\"have.length\", 18);\n  cy.get(`[data-test-product-name]:contains(\"${name}\")`).should(\"exist\").first().closest(\"[data-test-product]\").then(el => {\n    cy.wrap(el).find(\"[data-test-product-description]\").should(\"have.text\", product.description);\n    cy.wrap(el).find(\"[data-test-product-seller]\").should(\"have.text\", \"alice\").invoke(\"attr\", \"href\").should(\"include\", _tokens.aliceId);\n    cy.wrap(el).find(\"[data-test-product-date]\").should(\"contain.text\", \"En cours jusqu'au\");\n    cy.wrap(el).find(\"[data-test-product-price]\").should(\"contain.text\", \"Prix de départ\").should(\"contain.text\", \" \" + product.originalPrice + \" €\");\n  });\n});",
              "err": {
                "message": "CypressError: `cy.request()` failed on:\n\nhttp://localhost:3000/api/products\n\nThe response we received from your web server was:\n\n  > 600: Unknown Status Code\n\nThis was considered a failure because the status code was not `2xx` or `3xx`.\n\nIf you do not want status codes to cause failures pass the option: `failOnStatusCode: false`\n\n-----------------------------------------------------------\n\nThe request we sent was:\n\nMethod: POST\nURL: http://localhost:3000/api/products\nHeaders: {\n  \"Connection\": \"keep-alive\",\n  \"Authorization\": \"Bearer eyJhbGciOiJIUzI1NiIsInR5cCI6IkpXVCJ9.eyJpZCI6IjFmMmZhZGIxLTBkN2UtNDdhNy05ZDViLWVkMDMxZDY2NWQzZSIsInVzZXJuYW1lIjoiYWxpY2UiLCJlbWFpbCI6ImFsaWNlQGV4YW1wbGUuY29tIiwiYWRtaW4iOmZhbHNlLCJpYXQiOjE2Nzk2MTMwMzh9.KcT42jbNXfNR-0I-bTc_qNdAuCid640tXpkzUtDCoao\",\n  \"user-agent\": \"Mozilla/5.0 (X11; Linux x86_64) AppleWebKit/537.36 (KHTML, like Gecko) HeadlessChrome/119.0.0.0 Safari/537.36\",\n  \"accept\": \"*/*\",\n  \"accept-encoding\": \"gzip, deflate\",\n  \"content-type\": \"application/json\",\n  \"content-length\": 219\n}\nBody: {\"name\":\"Aa St sit aliqua\",\"description\":\"Alit ut sit aliqua aliqua do elit magna ut labore\",\"category\":\"ipsum\",\"originalPrice\":46,\"pictureUrl\":\"https://picsum.photos/id/84/512/512\",\"endDate\":\"2024-04-17T06:56:30.687Z\"}\n\n-----------------------------------------------------------\n\nThe response we got was:\n\nStatus: 600 - Unknown Status Code\nHeaders: {\n  \"x-powered-by\": \"Express\",\n  \"access-control-allow-origin\": \"*\",\n  \"date\": \"Mon, 08 Apr 2024 06:56:30 GMT\",\n  \"connection\": \"keep-alive\",\n  \"keep-alive\": \"timeout=5\",\n  \"content-length\": \"0\"\n}\n\n\nhttps://on.cypress.io/request",
                "estack": "CypressError: `cy.request()` failed on:\n\nhttp://localhost:3000/api/products\n\nThe response we received from your web server was:\n\n  > 600: Unknown Status Code\n\nThis was considered a failure because the status code was not `2xx` or `3xx`.\n\nIf you do not want status codes to cause failures pass the option: `failOnStatusCode: false`\n\n-----------------------------------------------------------\n\nThe request we sent was:\n\nMethod: POST\nURL: http://localhost:3000/api/products\nHeaders: {\n  \"Connection\": \"keep-alive\",\n  \"Authorization\": \"Bearer eyJhbGciOiJIUzI1NiIsInR5cCI6IkpXVCJ9.eyJpZCI6IjFmMmZhZGIxLTBkN2UtNDdhNy05ZDViLWVkMDMxZDY2NWQzZSIsInVzZXJuYW1lIjoiYWxpY2UiLCJlbWFpbCI6ImFsaWNlQGV4YW1wbGUuY29tIiwiYWRtaW4iOmZhbHNlLCJpYXQiOjE2Nzk2MTMwMzh9.KcT42jbNXfNR-0I-bTc_qNdAuCid640tXpkzUtDCoao\",\n  \"user-agent\": \"Mozilla/5.0 (X11; Linux x86_64) AppleWebKit/537.36 (KHTML, like Gecko) HeadlessChrome/119.0.0.0 Safari/537.36\",\n  \"accept\": \"*/*\",\n  \"accept-encoding\": \"gzip, deflate\",\n  \"content-type\": \"application/json\",\n  \"content-length\": 219\n}\nBody: {\"name\":\"Aa St sit aliqua\",\"description\":\"Alit ut sit aliqua aliqua do elit magna ut labore\",\"category\":\"ipsum\",\"originalPrice\":46,\"pictureUrl\":\"https://picsum.photos/id/84/512/512\",\"endDate\":\"2024-04-17T06:56:30.687Z\"}\n\n-----------------------------------------------------------\n\nThe response we got was:\n\nStatus: 600 - Unknown Status Code\nHeaders: {\n  \"x-powered-by\": \"Express\",\n  \"access-control-allow-origin\": \"*\",\n  \"date\": \"Mon, 08 Apr 2024 06:56:30 GMT\",\n  \"connection\": \"keep-alive\",\n  \"keep-alive\": \"timeout=5\",\n  \"content-length\": \"0\"\n}\n\n\nhttps://on.cypress.io/request\n    at <unknown> (http://localhost:5173/__cypress/runner/cypress_runner.js:133123:72)\n    at tryCatcher (http://localhost:5173/__cypress/runner/cypress_runner.js:1807:23)\n    at Promise._settlePromiseFromHandler (http://localhost:5173/__cypress/runner/cypress_runner.js:1519:31)\n    at Promise._settlePromise (http://localhost:5173/__cypress/runner/cypress_runner.js:1576:18)\n    at Promise._settlePromise0 (http://localhost:5173/__cypress/runner/cypress_runner.js:1621:10)\n    at Promise._settlePromises (http://localhost:5173/__cypress/runner/cypress_runner.js:1701:18)\n    at _drainQueueStep (http://localhost:5173/__cypress/runner/cypress_runner.js:2407:12)\n    at _drainQueue (http://localhost:5173/__cypress/runner/cypress_runner.js:2400:9)\n    at Async._drainQueues (http://localhost:5173/__cypress/runner/cypress_runner.js:2416:5)\n    at Async.drainQueues (http://localhost:5173/__cypress/runner/cypress_runner.js:2286:14)\nFrom Your Spec Code:\n    at eval (webpack://frontend/./cypress/e2e/common/orm.js:37:7)\nat new Promise (<anonymous>)\n    at createProduct (webpack://frontend/./cypress/e2e/common/orm.js:36:9)\n    at Context.eval (webpack://frontend/./cypress/e2e/frontend/home.cy.js:72:18)",
                "diff": null
              },
              "uuid": "62f2e8d2-d4f8-4e40-a06f-c6b1e648317f",
              "parentUUID": "4486ea7f-afb9-44ee-ae61-f50e8f3741fb",
              "isHook": false,
              "skipped": false
            },
            {
              "title": "filter by name",
              "fullTitle": "Page / filter by name",
              "timedOut": null,
              "duration": 1213,
              "state": "passed",
              "speed": "fast",
              "pass": true,
              "fail": false,
              "pending": false,
              "context": null,
              "code": "// Note : Vérifie le filtrage par nom, insensible à la casse\ncy.visit(url);\ncy.get(\"[data-test-product]\").should(\"have.length\", 17);\ncy.get(\"[data-test-filter\").type(\"Lot\");\ncy.get(\"[data-test-product]\").should(\"have.length\", 3);\ncy.get(\"[data-test-filter\").type(\"{selectAll}{del}\");\ncy.get(\"[data-test-filter\").type(\"lot\");\ncy.get(\"[data-test-product]\").should(\"have.length\", 3);\ncy.get(\"[data-test-filter\").type(\"{selectAll}{del}\");\ncy.get(\"[data-test-filter\").type(\"lot de tasses\");\ncy.get(\"[data-test-product]\").should(\"have.length\", 1);",
              "err": {},
              "uuid": "26617d1c-797f-4733-aaf1-66a60c3b7544",
              "parentUUID": "4486ea7f-afb9-44ee-ae61-f50e8f3741fb",
              "isHook": false,
              "skipped": false
            },
            {
              "title": "sort by name",
              "fullTitle": "Page / sort by name",
              "timedOut": null,
              "duration": 431,
              "state": "passed",
              "speed": "fast",
              "pass": true,
              "fail": false,
              "pending": false,
              "context": null,
              "code": "// Note : Vérifie le tri par nom, alphabétique de A à Z\ncy.visit(url);\ncy.get(\"[data-test-sorter]\").should(\"contain.text\", \"Trier par nom\");\ncy.get(\"[data-test-product]\").first().find(\"[data-test-product-name]\").should(\"have.text\", \"Ampli de guitare\");\ncy.get(\"[data-test-product]\").last().find(\"[data-test-product-name]\").should(\"have.text\", \"Théière design\");",
              "err": {},
              "uuid": "483e03dc-493d-42af-9c0b-4a93df1ab3d9",
              "parentUUID": "4486ea7f-afb9-44ee-ae61-f50e8f3741fb",
              "isHook": false,
              "skipped": false
            },
            {
              "title": "sort by price",
              "fullTitle": "Page / sort by price",
              "timedOut": null,
              "duration": 636,
              "state": "passed",
              "speed": "fast",
              "pass": true,
              "fail": false,
              "pending": false,
              "context": null,
              "code": "// Note : Vérifie le tri par prix, numérique croissant\ncy.visit(url);\ncy.get(\"[data-test-sorter]\").click();\ncy.get(\"[data-test-sorter-price]\").click();\ncy.get(\"[data-test-sorter]\").should(\"contain.text\", \"Trier par prix\");\ncy.get(\"[data-test-product]\").first().find(\"[data-test-product-name]\").should(\"have.text\", \"Ananas\");\ncy.get(\"[data-test-product]\").last().find(\"[data-test-product-name]\").should(\"have.text\", \"Chaussures volantes\");",
              "err": {},
              "uuid": "ce1e3046-9898-40e3-9a94-cc01bf84f3cd",
              "parentUUID": "4486ea7f-afb9-44ee-ae61-f50e8f3741fb",
              "isHook": false,
              "skipped": false
            },
            {
              "title": "loading",
              "fullTitle": "Page / loading",
              "timedOut": null,
              "duration": 387,
              "state": "passed",
              "speed": "fast",
              "pass": true,
              "fail": false,
              "pending": false,
              "context": null,
              "code": "// Note : Test la présence d'un spinner lors du chargement\ncy.intercept(\"http://localhost:3000/api/products\", {\n  delay: 10000\n});\ncy.visit(url);\ncy.get(\"[data-test-loading]\").should(\"exist\");\ncy.get(\"[data-test-error]\").should(\"not.exist\");\ncy.get(\"[data-test-product]\").should(\"not.exist\");",
              "err": {},
              "uuid": "c8b5e7df-23c2-4ad8-bd44-d24f065a6e42",
              "parentUUID": "4486ea7f-afb9-44ee-ae61-f50e8f3741fb",
              "isHook": false,
              "skipped": false
            },
            {
              "title": "error message",
              "fullTitle": "Page / error message",
              "timedOut": null,
              "duration": 575,
              "state": "failed",
              "speed": null,
              "pass": false,
              "fail": true,
              "pending": false,
              "context": null,
              "code": "// Note : Test la présence d'un message d'erreur en cas d'échec au chargement\ncy.intercept(\"http://localhost:3000/api/products\", {\n  status: 500,\n  response: {}\n});\ncy.visit(url);\ncy.get(\"[data-test-loading]\").should(\"not.exist\");\ncy.get(\"[data-test-error]\").should(\"exist\");\ncy.get(\"[data-test-product]\").should(\"not.exist\");",
              "err": {
                "message": "TypeError: The following error originated from your application code, not from Cypress. It was caused by an unhandled promise rejection.\n\n  > products.value.filter is not a function\n\nWhen Cypress detects uncaught errors originating from your application it will automatically fail the current test.\n\nThis behavior is configurable, and you can choose to turn this off by listening to the `uncaught:exception` event.\n\nhttps://on.cypress.io/uncaught-exception-from-application",
                "estack": "TypeError: The following error originated from your application code, not from Cypress. It was caused by an unhandled promise rejection.\n\n  > products.value.filter is not a function\n\nWhen Cypress detects uncaught errors originating from your application it will automatically fail the current test.\n\nThis behavior is configurable, and you can choose to turn this off by listening to the `uncaught:exception` event.\n\nhttps://on.cypress.io/uncaught-exception-from-application\n    at <unknown> (http://localhost:5173/src/views/HomeView.vue:16:42)\n    at ReactiveEffect.fn (http://localhost:5173/node_modules/.vite/deps/chunk-2FDUVFJ5.js?v=7acbd541:1237:13)\n    at ReactiveEffect.run (http://localhost:5173/node_modules/.vite/deps/chunk-2FDUVFJ5.js?v=7acbd541:430:19)\n    at get value [as value] (http://localhost:5173/node_modules/.vite/deps/chunk-2FDUVFJ5.js?v=7acbd541:1249:107)\n    at unref (http://localhost:5173/node_modules/.vite/deps/chunk-2FDUVFJ5.js?v=7acbd541:1370:29)\n    at Object.get (http://localhost:5173/node_modules/.vite/deps/chunk-2FDUVFJ5.js?v=7acbd541:1376:35)\n    at Proxy._sfc_render (http://localhost:5173/src/views/HomeView.vue:197:28)\n    at renderComponentRoot (http://localhost:5173/node_modules/.vite/deps/chunk-2FDUVFJ5.js?v=7acbd541:2343:17)\n    at ReactiveEffect.componentUpdateFn [as fn] (http://localhost:5173/node_modules/.vite/deps/chunk-2FDUVFJ5.js?v=7acbd541:7533:26)\n    at ReactiveEffect.run (http://localhost:5173/node_modules/.vite/deps/chunk-2FDUVFJ5.js?v=7acbd541:430:19)",
                "diff": null
              },
              "uuid": "fbf78d56-ae62-49e8-a025-4c708d23b13f",
              "parentUUID": "4486ea7f-afb9-44ee-ae61-f50e8f3741fb",
              "isHook": false,
              "skipped": false
            },
            {
              "title": "ready",
              "fullTitle": "Page / ready",
              "timedOut": null,
              "duration": 448,
              "state": "passed",
              "speed": "fast",
              "pass": true,
              "fail": false,
              "pending": false,
              "context": null,
              "code": "// Note : Test la présence du contenu après que tout est bien chargé\ncy.intercept(\"http://localhost:3000/api/products\");\ncy.visit(url);\ncy.get(\"[data-test-loading]\").should(\"not.exist\");\ncy.get(\"[data-test-error]\").should(\"not.exist\");\ncy.get(\"[data-test-product]\").should(\"exist\");",
              "err": {},
              "uuid": "cd43b3db-6f3b-40d4-b342-d5a3f60f095e",
              "parentUUID": "4486ea7f-afb9-44ee-ae61-f50e8f3741fb",
              "isHook": false,
              "skipped": false
            }
          ],
          "suites": [],
          "passes": [
            "ced6f9f9-3312-4600-8439-81069fb3d29f",
            "26617d1c-797f-4733-aaf1-66a60c3b7544",
            "483e03dc-493d-42af-9c0b-4a93df1ab3d9",
            "ce1e3046-9898-40e3-9a94-cc01bf84f3cd",
            "c8b5e7df-23c2-4ad8-bd44-d24f065a6e42",
            "cd43b3db-6f3b-40d4-b342-d5a3f60f095e"
          ],
          "failures": [
            "9f547cbb-642f-4d2c-a55e-f2b285082510",
            "62f2e8d2-d4f8-4e40-a06f-c6b1e648317f",
            "fbf78d56-ae62-49e8-a025-4c708d23b13f"
          ],
          "pending": [],
          "skipped": [],
          "duration": 5395,
          "root": false,
          "rootEmpty": false,
          "_timeout": 2000
        }
      ],
      "passes": [],
      "failures": [],
      "pending": [],
      "skipped": [],
      "duration": 0,
      "root": true,
      "rootEmpty": true,
      "_timeout": 2000
    },
    {
      "uuid": "988125df-522e-4964-9f20-11939ac82ca3",
      "title": "",
      "fullFile": "cypress/e2e/frontend/user.cy.js",
      "file": "cypress/e2e/frontend/user.cy.js",
      "beforeHooks": [],
      "afterHooks": [],
      "tests": [],
      "suites": [
        {
          "uuid": "2d838b25-6b45-4ae7-b1ad-13acb7b85fc7",
          "title": "Page /users/:userId",
          "fullFile": "",
          "file": "",
          "beforeHooks": [],
          "afterHooks": [],
          "tests": [
            {
              "title": "display products",
              "fullTitle": "Page /users/:userId display products",
              "timedOut": null,
              "duration": 350,
              "state": "failed",
              "speed": null,
              "pass": false,
              "fail": true,
              "pending": false,
              "context": null,
              "code": "// Note : Test le scénario de récupération et d'affichage des produits\n(0, _orm.createProduct)().then(({\n  product\n}) => {\n  cy.visit(`http://localhost:5173/users/${_tokens.aliceId}`);\n  cy.get(\"[data-test-product]\").should(\"have.length\", 8);\n  cy.get(\"[data-test-product]\").last().find(\"[data-test-product-name]\").should(\"have.text\", product.name).invoke(\"attr\", \"href\").should(\"contain\", product.id);\n  cy.get(\"[data-test-product]\").last().find(\"[data-test-product-description]\").should(\"have.text\", product.description);\n  cy.get(\"[data-test-product]\").last().find(\"[data-test-product-price]\").should(\"contain.text\", product.originalPrice + \" €\");\n  cy.get(\"[data-test-product]\").last().find(\"[data-test-product-picture]\").invoke(\"attr\", \"src\").should(\"eq\", product.pictureUrl);\n});",
              "err": {
                "message": "CypressError: `cy.request()` failed on:\n\nhttp://localhost:3000/api/products\n\nThe response we received from your web server was:\n\n  > 600: Unknown Status Code\n\nThis was considered a failure because the status code was not `2xx` or `3xx`.\n\nIf you do not want status codes to cause failures pass the option: `failOnStatusCode: false`\n\n-----------------------------------------------------------\n\nThe request we sent was:\n\nMethod: POST\nURL: http://localhost:3000/api/products\nHeaders: {\n  \"Connection\": \"keep-alive\",\n  \"Authorization\": \"Bearer eyJhbGciOiJIUzI1NiIsInR5cCI6IkpXVCJ9.eyJpZCI6IjFmMmZhZGIxLTBkN2UtNDdhNy05ZDViLWVkMDMxZDY2NWQzZSIsInVzZXJuYW1lIjoiYWxpY2UiLCJlbWFpbCI6ImFsaWNlQGV4YW1wbGUuY29tIiwiYWRtaW4iOmZhbHNlLCJpYXQiOjE2Nzk2MTMwMzh9.KcT42jbNXfNR-0I-bTc_qNdAuCid640tXpkzUtDCoao\",\n  \"user-agent\": \"Mozilla/5.0 (X11; Linux x86_64) AppleWebKit/537.36 (KHTML, like Gecko) HeadlessChrome/119.0.0.0 Safari/537.36\",\n  \"accept\": \"*/*\",\n  \"accept-encoding\": \"gzip, deflate\",\n  \"content-type\": \"application/json\",\n  \"content-length\": 235\n}\nBody: {\"name\":\"Aa Ied sit dolor\",\"description\":\"Eabore ipsum dolor sit ut aliqua lorem tempor eiusmod dolore\",\"category\":\"incididunt\",\"originalPrice\":74,\"pictureUrl\":\"https://picsum.photos/id/42/512/512\",\"endDate\":\"2024-04-10T06:56:37.570Z\"}\n\n-----------------------------------------------------------\n\nThe response we got was:\n\nStatus: 600 - Unknown Status Code\nHeaders: {\n  \"x-powered-by\": \"Express\",\n  \"access-control-allow-origin\": \"*\",\n  \"date\": \"Mon, 08 Apr 2024 06:56:37 GMT\",\n  \"connection\": \"keep-alive\",\n  \"keep-alive\": \"timeout=5\",\n  \"content-length\": \"0\"\n}\n\n\nhttps://on.cypress.io/request",
                "estack": "CypressError: `cy.request()` failed on:\n\nhttp://localhost:3000/api/products\n\nThe response we received from your web server was:\n\n  > 600: Unknown Status Code\n\nThis was considered a failure because the status code was not `2xx` or `3xx`.\n\nIf you do not want status codes to cause failures pass the option: `failOnStatusCode: false`\n\n-----------------------------------------------------------\n\nThe request we sent was:\n\nMethod: POST\nURL: http://localhost:3000/api/products\nHeaders: {\n  \"Connection\": \"keep-alive\",\n  \"Authorization\": \"Bearer eyJhbGciOiJIUzI1NiIsInR5cCI6IkpXVCJ9.eyJpZCI6IjFmMmZhZGIxLTBkN2UtNDdhNy05ZDViLWVkMDMxZDY2NWQzZSIsInVzZXJuYW1lIjoiYWxpY2UiLCJlbWFpbCI6ImFsaWNlQGV4YW1wbGUuY29tIiwiYWRtaW4iOmZhbHNlLCJpYXQiOjE2Nzk2MTMwMzh9.KcT42jbNXfNR-0I-bTc_qNdAuCid640tXpkzUtDCoao\",\n  \"user-agent\": \"Mozilla/5.0 (X11; Linux x86_64) AppleWebKit/537.36 (KHTML, like Gecko) HeadlessChrome/119.0.0.0 Safari/537.36\",\n  \"accept\": \"*/*\",\n  \"accept-encoding\": \"gzip, deflate\",\n  \"content-type\": \"application/json\",\n  \"content-length\": 235\n}\nBody: {\"name\":\"Aa Ied sit dolor\",\"description\":\"Eabore ipsum dolor sit ut aliqua lorem tempor eiusmod dolore\",\"category\":\"incididunt\",\"originalPrice\":74,\"pictureUrl\":\"https://picsum.photos/id/42/512/512\",\"endDate\":\"2024-04-10T06:56:37.570Z\"}\n\n-----------------------------------------------------------\n\nThe response we got was:\n\nStatus: 600 - Unknown Status Code\nHeaders: {\n  \"x-powered-by\": \"Express\",\n  \"access-control-allow-origin\": \"*\",\n  \"date\": \"Mon, 08 Apr 2024 06:56:37 GMT\",\n  \"connection\": \"keep-alive\",\n  \"keep-alive\": \"timeout=5\",\n  \"content-length\": \"0\"\n}\n\n\nhttps://on.cypress.io/request\n    at <unknown> (http://localhost:43349/__cypress/runner/cypress_runner.js:133123:72)\n    at tryCatcher (http://localhost:43349/__cypress/runner/cypress_runner.js:1807:23)\n    at Promise._settlePromiseFromHandler (http://localhost:43349/__cypress/runner/cypress_runner.js:1519:31)\n    at Promise._settlePromise (http://localhost:43349/__cypress/runner/cypress_runner.js:1576:18)\n    at Promise._settlePromise0 (http://localhost:43349/__cypress/runner/cypress_runner.js:1621:10)\n    at Promise._settlePromises (http://localhost:43349/__cypress/runner/cypress_runner.js:1701:18)\n    at _drainQueueStep (http://localhost:43349/__cypress/runner/cypress_runner.js:2407:12)\n    at _drainQueue (http://localhost:43349/__cypress/runner/cypress_runner.js:2400:9)\n    at Async._drainQueues (http://localhost:43349/__cypress/runner/cypress_runner.js:2416:5)\n    at Async.drainQueues (http://localhost:43349/__cypress/runner/cypress_runner.js:2286:14)\nFrom Your Spec Code:\n    at eval (webpack://frontend/./cypress/e2e/common/orm.js:37:7)\nat new Promise (<anonymous>)\n    at createProduct (webpack://frontend/./cypress/e2e/common/orm.js:36:9)\n    at Context.eval (webpack://frontend/./cypress/e2e/frontend/user.cy.js:19:18)",
                "diff": null
              },
              "uuid": "03997861-cf91-4a49-bb66-3e1e1da921a0",
              "parentUUID": "2d838b25-6b45-4ae7-b1ad-13acb7b85fc7",
              "isHook": false,
              "skipped": false
            },
            {
              "title": "display bids",
              "fullTitle": "Page /users/:userId display bids",
              "timedOut": null,
              "duration": 346,
              "state": "failed",
              "speed": null,
              "pass": false,
              "fail": true,
              "pending": false,
              "context": null,
              "code": "// Note : Test le scénario de récupération et d'affichage des offres\n(0, _orm.createProduct)(\"futur\", _tokens.bobToken).then(({\n  product\n}) => {\n  (0, _orm.createBid)(product.id, product.originalPrice, _tokens.aliceToken).then(({\n    bid\n  }) => {\n    cy.visit(`http://localhost:5173/users/${_tokens.aliceId}`);\n    cy.get(\"[data-test-bid]\").should(\"exist\");\n    cy.get(`[data-test-bid-product][href$=\"${product.id}\"]`).should(\"exist\").first().closest(\"[data-test-bid]\").then(el => {\n      cy.wrap(el).find(\"[data-test-bid-product]\").should(\"have.text\", product.name);\n      cy.wrap(el).find(\"[data-test-bid-price]\").should(\"have.text\", bid.price + \" €\");\n      cy.wrap(el).find(\"[data-test-bid-date]\").should(\"contain.text\", new Date().getDate()).should(\"contain.text\", new Date().getMonth() + 1).should(\"contain.text\", new Date().getFullYear());\n    });\n  });\n});",
              "err": {
                "message": "CypressError: `cy.request()` failed on:\n\nhttp://localhost:3000/api/products\n\nThe response we received from your web server was:\n\n  > 600: Unknown Status Code\n\nThis was considered a failure because the status code was not `2xx` or `3xx`.\n\nIf you do not want status codes to cause failures pass the option: `failOnStatusCode: false`\n\n-----------------------------------------------------------\n\nThe request we sent was:\n\nMethod: POST\nURL: http://localhost:3000/api/products\nHeaders: {\n  \"Connection\": \"keep-alive\",\n  \"Authorization\": \"Bearer eyJhbGciOiJIUzI1NiIsInR5cCI6IkpXVCJ9.eyJpZCI6IjJmOGU5NDUwLWFlYWItNGVjZS1hOWJiLWZiNTIxMmYyODc1NSIsInVzZXJuYW1lIjoiYm9iIiwiZW1haWwiOiJib2JAZXhhbXBsZS5jb20iLCJhZG1pbiI6ZmFsc2UsImlhdCI6MTY3OTYxMzA4OH0.bbzc3eD-ZpOSlxG8vwtMTxPq1ZDzbKMDqRkv9NCTqr0\",\n  \"user-agent\": \"Mozilla/5.0 (X11; Linux x86_64) AppleWebKit/537.36 (KHTML, like Gecko) HeadlessChrome/119.0.0.0 Safari/537.36\",\n  \"accept\": \"*/*\",\n  \"accept-encoding\": \"gzip, deflate\",\n  \"content-type\": \"application/json\",\n  \"content-length\": 249\n}\nBody: {\"name\":\"Aa Emet tempor ipsum\",\"description\":\"Et labore magna ipsum incididunt dolor elit consectetur do incididunt\",\"category\":\"consectetur\",\"originalPrice\":29,\"pictureUrl\":\"https://picsum.photos/id/63/512/512\",\"endDate\":\"2024-04-12T06:56:38.007Z\"}\n\n-----------------------------------------------------------\n\nThe response we got was:\n\nStatus: 600 - Unknown Status Code\nHeaders: {\n  \"x-powered-by\": \"Express\",\n  \"access-control-allow-origin\": \"*\",\n  \"date\": \"Mon, 08 Apr 2024 06:56:38 GMT\",\n  \"connection\": \"keep-alive\",\n  \"keep-alive\": \"timeout=5\",\n  \"content-length\": \"0\"\n}\n\n\nhttps://on.cypress.io/request",
                "estack": "CypressError: `cy.request()` failed on:\n\nhttp://localhost:3000/api/products\n\nThe response we received from your web server was:\n\n  > 600: Unknown Status Code\n\nThis was considered a failure because the status code was not `2xx` or `3xx`.\n\nIf you do not want status codes to cause failures pass the option: `failOnStatusCode: false`\n\n-----------------------------------------------------------\n\nThe request we sent was:\n\nMethod: POST\nURL: http://localhost:3000/api/products\nHeaders: {\n  \"Connection\": \"keep-alive\",\n  \"Authorization\": \"Bearer eyJhbGciOiJIUzI1NiIsInR5cCI6IkpXVCJ9.eyJpZCI6IjJmOGU5NDUwLWFlYWItNGVjZS1hOWJiLWZiNTIxMmYyODc1NSIsInVzZXJuYW1lIjoiYm9iIiwiZW1haWwiOiJib2JAZXhhbXBsZS5jb20iLCJhZG1pbiI6ZmFsc2UsImlhdCI6MTY3OTYxMzA4OH0.bbzc3eD-ZpOSlxG8vwtMTxPq1ZDzbKMDqRkv9NCTqr0\",\n  \"user-agent\": \"Mozilla/5.0 (X11; Linux x86_64) AppleWebKit/537.36 (KHTML, like Gecko) HeadlessChrome/119.0.0.0 Safari/537.36\",\n  \"accept\": \"*/*\",\n  \"accept-encoding\": \"gzip, deflate\",\n  \"content-type\": \"application/json\",\n  \"content-length\": 249\n}\nBody: {\"name\":\"Aa Emet tempor ipsum\",\"description\":\"Et labore magna ipsum incididunt dolor elit consectetur do incididunt\",\"category\":\"consectetur\",\"originalPrice\":29,\"pictureUrl\":\"https://picsum.photos/id/63/512/512\",\"endDate\":\"2024-04-12T06:56:38.007Z\"}\n\n-----------------------------------------------------------\n\nThe response we got was:\n\nStatus: 600 - Unknown Status Code\nHeaders: {\n  \"x-powered-by\": \"Express\",\n  \"access-control-allow-origin\": \"*\",\n  \"date\": \"Mon, 08 Apr 2024 06:56:38 GMT\",\n  \"connection\": \"keep-alive\",\n  \"keep-alive\": \"timeout=5\",\n  \"content-length\": \"0\"\n}\n\n\nhttps://on.cypress.io/request\n    at <unknown> (http://localhost:43349/__cypress/runner/cypress_runner.js:133123:72)\n    at tryCatcher (http://localhost:43349/__cypress/runner/cypress_runner.js:1807:23)\n    at Promise._settlePromiseFromHandler (http://localhost:43349/__cypress/runner/cypress_runner.js:1519:31)\n    at Promise._settlePromise (http://localhost:43349/__cypress/runner/cypress_runner.js:1576:18)\n    at Promise._settlePromise0 (http://localhost:43349/__cypress/runner/cypress_runner.js:1621:10)\n    at Promise._settlePromises (http://localhost:43349/__cypress/runner/cypress_runner.js:1701:18)\n    at _drainQueueStep (http://localhost:43349/__cypress/runner/cypress_runner.js:2407:12)\n    at _drainQueue (http://localhost:43349/__cypress/runner/cypress_runner.js:2400:9)\n    at Async._drainQueues (http://localhost:43349/__cypress/runner/cypress_runner.js:2416:5)\n    at Async.drainQueues (http://localhost:43349/__cypress/runner/cypress_runner.js:2286:14)\nFrom Your Spec Code:\n    at eval (webpack:/
[...]
                "diff": null
              },
              "uuid": "4d19228d-0689-4136-8bc0-c7b37fe9c350",
              "parentUUID": "091ec38a-5c60-4ad2-9a68-72d92211d47f",
              "isHook": false,
              "skipped": false
            },
            {
              "title": "pending countdown",
              "fullTitle": "Page /products/:productId pending countdown",
              "timedOut": null,
              "duration": 354,
              "state": "failed",
              "speed": null,
              "pass": false,
              "fail": true,
              "pending": false,
              "context": null,
              "code": "// Note : Vérifie le décompte du compte à rebours, afficher au format 9j 23h 59m 59s\n(0, _orm.createProduct)(\"ten_days_later\").then(({\n  product\n}) => {\n  cy.visit(`http://localhost:5173/products/${product.id}`);\n  cy.get(\"[data-test-countdown]\").should(\"contain.text\", \"9j 23h 59min\");\n  cy.get(\"[data-test-countdown]\").then(el => {\n    const instantOne = el.text();\n    expect(instantOne).to.match(/\\ds$/);\n    // eslint-disable-next-line cypress/no-unnecessary-waiting\n    cy.wait(1000);\n    cy.get(\"[data-test-countdown]\").then(el => {\n      const instantTwo = el.text();\n      expect(instantOne).to.match(/\\ds$/);\n      // eslint-disable-next-line cypress/no-unnecessary-waiting\n      cy.wait(1000);\n      expect(instantTwo).not.eq(instantOne);\n      cy.get(\"[data-test-countdown]\").then(el => {\n        const instantThree = el.text();\n        expect(instantOne).to.match(/\\ds$/);\n        // eslint-disable-next-line cypress/no-unnecessary-waiting\n        cy.wait(1000);\n        expect(instantThree).not.eq(instantTwo);\n      });\n    });\n  });\n});",
              "err": {
                "message": "CypressError: `cy.request()` failed on:\n\nhttp://localhost:3000/api/products\n\nThe response we received from your web server was:\n\n  > 600: Unknown Status Code\n\nThis was considered a failure because the status code was not `2xx` or `3xx`.\n\nIf you do not want status codes to cause failures pass the option: `failOnStatusCode: false`\n\n-----------------------------------------------------------\n\nThe request we sent was:\n\nMethod: POST\nURL: http://localhost:3000/api/products\nHeaders: {\n  \"Connection\": \"keep-alive\",\n  \"Authorization\": \"Bearer eyJhbGciOiJIUzI1NiIsInR5cCI6IkpXVCJ9.eyJpZCI6IjFmMmZhZGIxLTBkN2UtNDdhNy05ZDViLWVkMDMxZDY2NWQzZSIsInVzZXJuYW1lIjoiYWxpY2UiLCJlbWFpbCI6ImFsaWNlQGV4YW1wbGUuY29tIiwiYWRtaW4iOmZhbHNlLCJpYXQiOjE2Nzk2MTMwMzh9.KcT42jbNXfNR-0I-bTc_qNdAuCid640tXpkzUtDCoao\",\n  \"user-agent\": \"Mozilla/5.0 (X11; Linux x86_64) AppleWebKit/537.36 (KHTML, like Gecko) HeadlessChrome/119.0.0.0 Safari/537.36\",\n  \"accept\": \"*/*\",\n  \"accept-encoding\": \"gzip, deflate\",\n  \"content-type\": \"application/json\",\n  \"content-length\": 247\n}\nBody: {\"name\":\"Aa Sabore dolor magna\",\"description\":\"Eagna lorem incididunt ut et do incididunt lorem incididunt eiusmod\",\"category\":\"consectetur\",\"originalPrice\":14,\"pictureUrl\":\"https://picsum.photos/id/7/512/512\",\"endDate\":\"2024-04-18T06:57:27.758Z\"}\n\n-----------------------------------------------------------\n\nThe response we got was:\n\nStatus: 600 - Unknown Status Code\nHeaders: {\n  \"x-powered-by\": \"Express\",\n  \"access-control-allow-origin\": \"*\",\n  \"date\": \"Mon, 08 Apr 2024 06:57:27 GMT\",\n  \"connection\": \"keep-alive\",\n  \"keep-alive\": \"timeout=5\",\n  \"content-length\": \"0\"\n}\n\n\nhttps://on.cypress.io/request",
                "estack": "CypressError: `cy.request()` failed on:\n\nhttp://localhost:3000/api/products\n\nThe response we received from your web server was:\n\n  > 600: Unknown Status Code\n\nThis was considered a failure because the status code was not `2xx` or `3xx`.\n\nIf you do not want status codes to cause failures pass the option: `failOnStatusCode: false`\n\n-----------------------------------------------------------\n\nThe request we sent was:\n\nMethod: POST\nURL: http://localhost:3000/api/products\nHeaders: {\n  \"Connection\": \"keep-alive\",\n  \"Authorization\": \"Bearer eyJhbGciOiJIUzI1NiIsInR5cCI6IkpXVCJ9.eyJpZCI6IjFmMmZhZGIxLTBkN2UtNDdhNy05ZDViLWVkMDMxZDY2NWQzZSIsInVzZXJuYW1lIjoiYWxpY2UiLCJlbWFpbCI6ImFsaWNlQGV4YW1wbGUuY29tIiwiYWRtaW4iOmZhbHNlLCJpYXQiOjE2Nzk2MTMwMzh9.KcT42jbNXfNR-0I-bTc_qNdAuCid640tXpkzUtDCoao\",\n  \"user-agent\": \"Mozilla/5.0 (X11; Linux x86_64) AppleWebKit/537.36 (KHTML, like Gecko) HeadlessChrome/119.0.0.0 Safari/537.36\",\n  \"accept\": \"*/*\",\n  \"accept-encoding\": \"gzip, deflate\",\n  \"content-type\": \"application/json\",\n  \"content-length\": 247\n}\nBody: {\"name\":\"Aa Sabore dolor magna\",\"description\":\"Eagna lorem incididunt ut et do incididunt lorem incididunt eiusmod\",\"category\":\"consectetur\",\"originalPrice\":14,\"pictureUrl\":\"https://picsum.photos/id/7/512/512\",\"endDate\":\"2024-04-18T06:57:27.758Z\"}\n\n-----------------------------------------------------------\n\nThe response we got was:\n\nStatus: 600 - Unknown Status Code\nHeaders: {\n  \"x-powered-by\": \"Express\",\n  \"access-control-allow-origin\": \"*\",\n  \"date\": \"Mon, 08 Apr 2024 06:57:27 GMT\",\n  \"connection\": \"keep-alive\",\n  \"keep-alive\": \"timeout=5\",\n  \"content-length\": \"0\"\n}\n\n\nhttps://on.cypress.io/request\n    at <unknown> (http://localhost:5173/__cypress/runner/cypress_runner.js:133123:72)\n    at tryCatcher (http://localhost:5173/__cypress/runner/cypress_runner.js:1807:23)\n    at Promise._settlePromiseFromHandler (http://localhost:5173/__cypress/runner/cypress_runner.js:1519:31)\n    at Promise._settlePromise (http://localhost:5173/__cypress/runner/cypress_runner.js:1576:18)\n    at Promise._settlePromise0 (http://localhost:5173/__cypress/runner/cypress_runner.js:1621:10)\n    at Promise._settlePromises (http://localhost:5173/__cypress/runner/cypress_runner.js:1701:18)\n    at _drainQueueStep (http://localhost:5173/__cypress/runner/cypress_runner.js:2407:12)\n    at _drainQueue (http://localhost:5173/__cypress/runner/cypress_runner.js:2400:9)\n    at Async._drainQueues (http://localhost:5173/__cypress/runner/cypress_runner.js:2416:5)\n    at Async.drainQueues (http://localhost:5173/__cypress/runner/cypress_runner.js:2286:14)\nFrom Your Spec Code:\n    at eval (webpack://frontend/./cypress/e2e/common/orm.js:37:7)\nat new Promise (<anonymous>)\n    at createProduct (webpack://frontend/./cypress/e2e/common/orm.js:36:9)\n    at Context.eval (webpack://frontend/./cypress/e2e/frontend/view-product.cy.js:364:18)\n    at runnable.fn (http://localhost:5173/__cypress/runner/cypress_runner.js:138654:19)\n    at callFn (http://localhost:5173/__cypress/runner/cypress_runner.js:157261:21)\n    at Runnable.run (http://localhost:5173/__cypress/runner/cypress_runner.js:157248:7)\n    at <unknown> (http://localhost:5173/__cypress/runner/cypress_runner.js:163172:30)",
                "diff": null
              },
              "uuid": "8d6b9ae7-b334-45a8-bc26-b7a3b25a1ef9",
              "parentUUID": "091ec38a-5c60-4ad2-9a68-72d92211d47f",
              "isHook": false,
              "skipped": false
            },
            {
              "title": "loading",
              "fullTitle": "Page /products/:productId loading",
              "timedOut": null,
              "duration": 550,
              "state": "failed",
              "speed": null,
              "pass": false,
              "fail": true,
              "pending": false,
              "context": null,
              "code": "// Note : Vérifie la présence d'un spinner au chargement\ncy.intercept(\"http://localhost:3000/api/products\", {\n  delay: 10000\n});\ncy.visit(`http://localhost:5173/products/${_tokens.casserolesId}`);\ncy.get(\"[data-test-loading]\").should(\"exist\");\ncy.get(\"[data-test-error]\").should(\"not.exist\");\ncy.get(\"[data-test-product]\").should(\"not.exist\");",
              "err": {
                "message": "Error: The following error originated from your application code, not from Cypress. It was caused by an unhandled promise rejection.\n\n  > Missing required param \"userId\"\n\nWhen Cypress detects uncaught errors originating from your application it will automatically fail the current test.\n\nThis behavior is configurable, and you can choose to turn this off by listening to the `uncaught:exception` event.\n\nhttps://on.cypress.io/uncaught-exception-from-application",
                "estack": "Error: The following error originated from your application code, not from Cypress. It was caused by an unhandled promise rejection.\n\n  > Missing required param \"userId\"\n\nWhen Cypress detects uncaught errors originating from your application it will automatically fail the current test.\n\nThis behavior is configurable, and you can choose to turn this off by listening to the `uncaught:exception` event.\n\nhttps://on.cypress.io/uncaught-exception-from-application\n    at Object.stringify (http://localhost:5173/node_modules/.vite/deps/chunk-H4GK5U4X.js?v=7acbd541:890:21)\n    at Object.resolve (http://localhost:5173/node_modules/.vite/deps/chunk-H4GK5U4X.js?v=7acbd541:1224:22)\n    at Object.resolve (http://localhost:5173/node_modules/.vite/deps/chunk-H4GK5U4X.js?v=7acbd541:2320:34)\n    at <unknown> (http://localhost:5173/node_modules/.vite/deps/chunk-H4GK5U4X.js?v=7acbd541:1597:39)\n    at ReactiveEffect.fn (http://localhost:5173/node_modules/.vite/deps/chunk-2FDUVFJ5.js?v=7acbd541:1237:13)\n    at ReactiveEffect.run (http://localhost:5173/node_modules/.vite/deps/chunk-2FDUVFJ5.js?v=7acbd541:430:19)\n    at get value [as value] (http://localhost:5173/node_modules/.vite/deps/chunk-2FDUVFJ5.js?v=7acbd541:1249:107)\n    at useLink (http://localhost:5173/node_modules/.vite/deps/chunk-H4GK5U4X.js?v=7acbd541:1633:22)\n    at setup (http://localhost:5173/node_modules/.vite/deps/chunk-H4GK5U4X.js?v=7acbd541:1674:27)\n    at callWithErrorHandling (http://localhost:5173/node_modules/.vite/deps/chunk-2FDUVFJ5.js?v=7acbd541:1660:19)",
                "diff": null
              },
              "uuid": "8ec3a167-023e-4470-af77-8aa35867a40d",
              "parentUUID": "091ec38a-5c60-4ad2-9a68-72d92211d47f",
              "isHook": false,
              "skipped": false
            },
            {
              "title": "error message",
              "fullTitle": "Page /products/:productId error message",
              "timedOut": null,
              "duration": 587,
              "state": "failed",
              "speed": null,
              "pass": false,
              "fail": true,
              "pending": false,
              "context": null,
              "code": "// Note : Vérifie la présence d'une erreur en cas d'échec de chargement\ncy.intercept(`http://localhost:3000/api/products/${_tokens.casserolesId}`, {\n  statusCode: 500\n});\ncy.visit(`http://localhost:5173/products/${_tokens.casserolesId}`);\ncy.get(\"[data-test-loading]\").should(\"not.exist\");\ncy.get(\"[data-test-error]\").should(\"exist\");\ncy.get(\"[data-test-product]\").should(\"not.exist\");",
              "err": {
                "message": "Error: The following error originated from your application code, not from Cypress. It was caused by an unhandled promise rejection.\n\n  > Missing required param \"userId\"\n\nWhen Cypress detects uncaught errors originating from your application it will automatically fail the current test.\n\nThis behavior is configurable, and you can choose to turn this off by listening to the `uncaught:exception` event.\n\nhttps://on.cypress.io/uncaught-exception-from-application",
                "estack": "Error: The following error originated from your application code, not from Cypress. It was caused by an unhandled promise rejection.\n\n  > Missing required param \"userId\"\n\nWhen Cypress detects uncaught errors originating from your application it will automatically fail the current test.\n\nThis behavior is configurable, and you can choose to turn this off by listening to the `uncaught:exception` event.\n\nhttps://on.cypress.io/uncaught-exception-from-application\n    at Object.stringify (http://localhost:5173/node_modules/.vite/deps/chunk-H4GK5U4X.js?v=7acbd541:890:21)\n    at Object.resolve (http://localhost:5173/node_modules/.vite/deps/chunk-H4GK5U4X.js?v=7acbd541:1224:22)\n    at Object.resolve (http://localhost:5173/node_modules/.vite/deps/chunk-H4GK5U4X.js?v=7acbd541:2320:34)\n    at <unknown> (http://localhost:5173/node_modules/.vite/deps/chunk-H4GK5U4X.js?v=7acbd541:1597:39)\n    at ReactiveEffect.fn (http://localhost:5173/node_modules/.vite/deps/chunk-2FDUVFJ5.js?v=7acbd541:1237:13)\n    at ReactiveEffect.run (http://localhost:5173/node_modules/.vite/deps/chunk-2FDUVFJ5.js?v=7acbd541:430:19)\n    at get value [as value] (http://localhost:5173/node_modules/.vite/deps/chunk-2FDUVFJ5.js?v=7acbd541:1249:107)\n    at useLink (http://localhost:5173/node_modules/.vite/deps/chunk-H4GK5U4X.js?v=7acbd541:1633:22)\n    at setup (http://localhost:5173/node_modules/.vite/deps/chunk-H4GK5U4X.js?v=7acbd541:1674:27)\n    at callWithErrorHandling (http://localhost:5173/node_modules/.vite/deps/chunk-2FDUVFJ5.js?v=7acbd541:1660:19)",
                "diff": null
              },
              "uuid": "5d534d0d-9c03-4100-abb1-61a52dce8f7a",
              "parentUUID": "091ec38a-5c60-4ad2-9a68-72d92211d47f",
              "isHook": false,
              "skipped": false
            },
            {
              "title": "ready",
              "fullTitle": "Page /products/:productId ready",
              "timedOut": null,
              "duration": 618,
              "state": "failed",
              "speed": null,
              "pass": false,
              "fail": true,
              "pending": false,
              "context": null,
              "code": "// Note : Vérifie la présence du contenu quand tout s'est bien chargé\ncy.intercept(`http://localhost:3000/api/products/${_tokens.casserolesId}`);\ncy.visit(`http://localhost:5173/products/${_tokens.casserolesId}`);\ncy.get(\"[data-test-loading]\").should(\"not.exist\");\ncy.get(\"[data-test-error]\").should(\"not.exist\");\ncy.get(\"[data-test-product]\").should(\"exist\");",
              "err": {
                "message": "Error: The following error originated from your application code, not from Cypress. It was caused by an unhandled promise rejection.\n\n  > Missing required param \"userId\"\n\nWhen Cypress detects uncaught errors originating from your application it will automatically fail the current test.\n\nThis behavior is configurable, and you can choose to turn this off by listening to the `uncaught:exception` event.\n\nhttps://on.cypress.io/uncaught-exception-from-application",
                "estack": "Error: The following error originated from your application code, not from Cypress. It was caused by an unhandled promise rejection.\n\n  > Missing required param \"userId\"\n\nWhen Cypress detects uncaught errors originating from your application it will automatically fail the current test.\n\nThis behavior is configurable, and you can choose to turn this off by listening to the `uncaught:exception` event.\n\nhttps://on.cypress.io/uncaught-exception-from-application\n    at Object.stringify (http://localhost:5173/node_modules/.vite/deps/chunk-H4GK5U4X.js?v=7acbd541:890:21)\n    at Object.resolve (http://localhost:5173/node_modules/.vite/deps/chunk-H4GK5U4X.js?v=7acbd541:1224:22)\n    at Object.resolve (http://localhost:5173/node_modules/.vite/deps/chunk-H4GK5U4X.js?v=7acbd541:2320:34)\n    at <unknown> (http://localhost:5173/node_modules/.vite/deps/chunk-H4GK5U4X.js?v=7acbd541:1597:39)\n    at ReactiveEffect.fn (http://localhost:5173/node_modules/.vite/deps/chunk-2FDUVFJ5.js?v=7acbd541:1237:13)\n    at ReactiveEffect.run (http://localhost:5173/node_modules/.vite/deps/chunk-2FDUVFJ5.js?v=7acbd541:430:19)\n    at get value [as value] (http://localhost:5173/node_modules/.vite/deps/chunk-2FDUVFJ5.js?v=7acbd541:1249:107)\n    at useLink (http://localhost:5173/node_modules/.vite/deps/chunk-H4GK5U4X.js?v=7acbd541:1633:22)\n    at setup (http://localhost:5173/node_modules/.vite/deps/chunk-H4GK5U4X.js?v=7acbd541:1674:27)\n    at callWithErrorHandling (http://localhost:5173/node_modules/.vite/deps/chunk-2FDUVFJ5.js?v=7acbd541:1660:19)",
                "diff": null
              },
              "uuid": "b924d462-ca01-488e-9b06-259953edecbb",
              "parentUUID": "091ec38a-5c60-4ad2-9a68-72d92211d47f",
              "isHook": false,
              "skipped": false
            }
          ],
          "suites": [],
          "passes": [],
          "failures": [
            "bcaa7685-ce09-41b1-b8f0-2269297c4735",
            "5812a5f5-7cfa-43a3-b0f1-a4d652ee215d",
            "486624a1-b7f7-4d71-abe0-28910d4f3cf7",
            "559fefef-8ca8-4f5d-ae66-24f2b4b13b8b",
            "345dd96a-f831-419d-a6c6-fd7817b9e131",
            "9c885e61-3c78-4adc-bfa8-0e9bc1bd1d18",
            "c886db35-0bd8-4a68-b876-129e062c6aa7",
            "84c19bfa-bd43-4028-a1a7-e032e2e157f9",
            "21628145-05d9-40ad-80fd-c20396dc58ec",
            "11ff9aa8-f73c-4353-b982-7bd409afcd5e",
            "0194d306-7848-4b2f-8e4c-109fd0591840",
            "a710a0e7-0aa9-4c27-b638-c3685d213d36",
            "3d04ed97-3028-4542-8101-db8d533ae70d",
            "6471944b-d525-4d3a-a653-ea24b3b08f83",
            "5c821a3d-8ca0-4da9-91bd-2fb5827b11fb",
            "4c0189cc-8e3c-4a89-970c-464834e10a17",
            "4d19228d-0689-4136-8bc0-c7b37fe9c350",
            "8d6b9ae7-b334-45a8-bc26-b7a3b25a1ef9",
            "8ec3a167-023e-4470-af77-8aa35867a40d",
            "5d534d0d-9c03-4100-abb1-61a52dce8f7a",
            "b924d462-ca01-488e-9b06-259953edecbb"
          ],
          "pending": [],
          "skipped": [],
          "duration": 10369,
          "root": false,
          "rootEmpty": false,
          "_timeout": 2000
        }
      ],
      "passes": [],
      "failures": [],
      "pending": [],
      "skipped": [],
      "duration": 0,
      "root": true,
      "rootEmpty": true,
      "_timeout": 2000
    }
  ],
  "meta": {
    "mocha": {
      "version": "7.0.1"
    },
    "mochawesome": {
      "options": {
        "quiet": false,
        "reportFilename": "mochawesome",
        "saveHtml": false,
        "saveJson": true,
        "consoleReporter": "spec",
        "useInlineDiffs": false,
        "code": true
      },
      "version": "7.1.3"
    },
    "marge": {
      "options": {
        "reportDir": "cypress/results",
        "overwrite": false,
        "html": false,
        "json": true
      },
      "version": "6.2.0"
    }
  }
}