{
  "stats": {
    "suites": 1,
    "tests": 21,
    "passes": 0,
    "pending": 0,
    "failures": 21,
    "start": "2024-04-08T06:57:15.782Z",
    "end": "2024-04-08T06:57:29.971Z",
    "duration": 14189,
    "testsRegistered": 21,
    "passPercent": 0,
    "pendingPercent": 0,
    "other": 0,
    "hasOther": false,
    "skipped": 0,
    "hasSkipped": false
  },
  "results": [
    {
      "uuid": "3c08f637-2403-416c-8654-999177e0b09b",
      "title": "",
      "fullFile": "cypress/e2e/frontend/view-product.cy.js",
      "file": "cypress/e2e/frontend/view-product.cy.js",
      "beforeHooks": [],
      "afterHooks": [],
      "tests": [],
      "suites": [
        {
          "uuid": "091ec38a-5c60-4ad2-9a68-72d92211d47f",
          "title": "Page /products/:productId",
          "fullFile": "",
          "file": "",
          "beforeHooks": [],
          "afterHooks": [],
          "tests": [
            {
              "title": "display product",
              "fullTitle": "Page /products/:productId display product",
              "timedOut": null,
              "duration": 372,
              "state": "failed",
              "speed": null,
              "pass": false,
              "fail": true,
              "pending": false,
              "context": null,
              "code": "// Note : Vérifie que tous les éléments du produit sont bien affichés\n(0, _orm.createProduct)().then(({\n  originalProduct,\n  product\n}) => {\n  cy.visit(`http://localhost:5173/products/${product.id}`);\n  cy.get(\"[data-test-product-name]\").should(\"have.text\", product.name);\n  cy.get(\"[data-test-product-description]\").should(\"have.text\", product.description);\n  cy.get(\"[data-test-product-picture]\").invoke(\"attr\", \"src\").should(\"eq\", product.pictureUrl);\n  cy.get(\"[data-test-product-price]\").should(\"contain.text\", product.originalPrice + \" €\");\n  cy.get(\"[data-test-product-end-date]\").should(\"contain.text\", originalProduct.endDate.toLocaleDateString(\"fr-FR\", {\n    year: \"numeric\",\n    month: \"long\",\n    day: \"numeric\"\n  }));\n  cy.get(\"[data-test-product-seller]\").should(\"have.text\", \"alice\").invoke(\"attr\", \"href\").should(\"contain\", _tokens.aliceId);\n});",
              "err": {
                "message": "CypressError: `cy.request()` failed on:\n\nhttp://localhost:3000/api/products\n\nThe response we received from your web server was:\n\n  > 600: Unknown Status Code\n\nThis was considered a failure because the status code was not `2xx` or `3xx`.\n\nIf you do not want status codes to cause failures pass the option: `failOnStatusCode: false`\n\n-----------------------------------------------------------\n\nThe request we sent was:\n\nMethod: POST\nURL: http://localhost:3000/api/products\nHeaders: {\n  \"Connection\": \"keep-alive\",\n  \"Authorization\": \"Bearer eyJhbGciOiJIUzI1NiIsInR5cCI6IkpXVCJ9.eyJpZCI6IjFmMmZhZGIxLTBkN2UtNDdhNy05ZDViLWVkMDMxZDY2NWQzZSIsInVzZXJuYW1lIjoiYWxpY2UiLCJlbWFpbCI6ImFsaWNlQGV4YW1wbGUuY29tIiwiYWRtaW4iOmZhbHNlLCJpYXQiOjE2Nzk2MTMwMzh9.KcT42jbNXfNR-0I-bTc_qNdAuCid640tXpkzUtDCoao\",\n  \"user-agent\": \"Mozilla/5.0 (X11; Linux x86_64) AppleWebKit/537.36 (KHTML, like Gecko) HeadlessChrome/119.0.0.0 Safari/537.36\",\n  \"accept\": \"*/*\",\n  \"accept-encoding\": \"gzip, deflate\",\n  \"content-type\": \"application/json\",\n  \"content-length\": 243\n}\nBody: {\"name\":\"Aa Dolore dolore aliqua\",\"description\":\"Alit dolor incididunt tempor magna elit dolor eiusmod dolor ipsum\",\"category\":\"labore\",\"originalPrice\":16,\"pictureUrl\":\"https://picsum.photos/id/29/512/512\",\"endDate\":\"2024-04-09T06:57:16.019Z\"}\n\n-----------------------------------------------------------\n\nThe response we got was:\n\nStatus: 600 - Unknown Status Code\nHeaders: {\n  \"x-powered-by\": \"Express\",\n  \"access-control-allow-origin\": \"*\",\n  \"date\": \"Mon, 08 Apr 2024 06:57:16 GMT\",\n  \"connection\": \"keep-alive\",\n  \"keep-alive\": \"timeout=5\",\n  \"content-length\": \"0\"\n}\n\n\nhttps://on.cypress.io/request",
                "estack": "CypressError: `cy.request()` failed on:\n\nhttp://localhost:3000/api/products\n\nThe response we received from your web server was:\n\n  > 600: Unknown Status Code\n\nThis was considered a failure because the status code was not `2xx` or `3xx`.\n\nIf you do not want status codes to cause failures pass the option: `failOnStatusCode: false`\n\n-----------------------------------------------------------\n\nThe request we sent was:\n\nMethod: POST\nURL: http://localhost:3000/api/products\nHeaders: {\n  \"Connection\": \"keep-alive\",\n  \"Authorization\": \"Bearer eyJhbGciOiJIUzI1NiIsInR5cCI6IkpXVCJ9.eyJpZCI6IjFmMmZhZGIxLTBkN2UtNDdhNy05ZDViLWVkMDMxZDY2NWQzZSIsInVzZXJuYW1lIjoiYWxpY2UiLCJlbWFpbCI6ImFsaWNlQGV4YW1wbGUuY29tIiwiYWRtaW4iOmZhbHNlLCJpYXQiOjE2Nzk2MTMwMzh9.KcT42jbNXfNR-0I-bTc_qNdAuCid640tXpkzUtDCoao\",\n  \"user-agent\": \"Mozilla/5.0 (X11; Linux x86_64) AppleWebKit/537.36 (KHTML, like Gecko) HeadlessChrome/119.0.0.0 Safari/537.36\",\n  \"accept\": \"*/*\",\n  \"accept-encoding\": \"gzip, deflate\",\n  \"content-type\": \"application/json\",\n  \"content-length\": 243\n}\nBody: {\"name\":\"Aa Dolore dolore aliqua\",\"description\":\"Alit dolor incididunt tempor magna elit dolor eiusmod dolor ipsum\",\"category\":\"labore\",\"originalPrice\":16,\"pictureUrl\":\"https://picsum.photos/id/29/512/512\",\"endDate\":\"2024-04-09T06:57:16.019Z\"}\n\n-----------------------------------------------------------\n\nThe response we got was:\n\nStatus: 600 - Unknown Status Code\nHeaders: {\n  \"x-powered-by\": \"Express\",\n  \"access-control-allow-origin\": \"*\",\n  \"date\": \"Mon, 08 Apr 2024 06:57:16 GMT\",\n  \"connection\": \"keep-alive\",\n  \"keep-alive\": \"timeout=5\",\n  \"content-length\": \"0\"\n}\n\n\nhttps://on.cypress.io/request\n    at <unknown> (http://localhost:43349/__cypress/runner/cypress_runner.js:133123:72)\n    at tryCatcher (http://localhost:43349/__cypress/runner/cypress_runner.js:1807:23)\n    at Promise._settlePromiseFromHandler (http://localhost:43349/__cypress/runner/cypress_runner.js:1519:31)\n    at Promise._settlePromise (http://localhost:43349/__cypress/runner/cypress_runner.js:1576:18)\n    at Promise._settlePromise0 (http://localhost:43349/__cypress/runner/cypress_runner.js:1621:10)\n    at Promise._settlePromises (http://localhost:43349/__cypress/runner/cypress_runner.js:1701:18)\n    at _drainQueueStep (http://localhost:43349/__cypress/runner/cypress_runner.js:2407:12)\n    at _drainQueue (http://localhost:43349/__cypress/runner/cypress_runner.js:2400:9)\n    at Async._drainQueues (http://localhost:43349/__cypress/runner/cypress_runner.js:2416:5)\n    at Async.drainQueues (http://localhost:43349/__cypress/runner/cypress_runner.js:2286:14)\nFrom Your Spec Code:\n    at eval (webpack://frontend/./cypress/e2e/common/orm.js:37:7)\nat new Promise (<anonymous>)\n    at createProduct (webpack://frontend/./cypress/e2e/common/orm.js:36:9)\n    at Context.eval (webpack://frontend/./cypress/e2e/frontend/view-product.cy.js:26:18)",
                "diff": null
              },
              "uuid": "bcaa7685-ce09-41b1-b8f0-2269297c4735",
              "parentUUID": "091ec38a-5c60-4ad2-9a68-72d92211d47f",
              "isHook": false,
              "skipped": false
            },
            {
              "title": "finished countdown",
              "fullTitle": "Page /products/:productId finished countdown",
              "timedOut": null,
              "duration": 339,
              "state": "failed",
              "speed": null,
              "pass": false,
              "fail": true,
              "pending": false,
              "context": null,
              "code": "// Note : Si la date de fin de vente est passée, on affiche \"Terminé\"\n(0, _orm.createProduct)(\"past\").then(({\n  product\n}) => {\n  cy.visit(`http://localhost:5173/products/${product.id}`);\n  cy.get(\"[data-test-countdown]\").should(\"contain.text\", \"Terminé\");\n});",
              "err": {
                "message": "CypressError: `cy.request()` failed on:\n\nhttp://localhost:3000/api/products\n\nThe response we received from your web server was:\n\n  > 600: Unknown Status Code\n\nThis was considered a failure because the status code was not `2xx` or `3xx`.\n\nIf you do not want status codes to cause failures pass the option: `failOnStatusCode: false`\n\n-----------------------------------------------------------\n\nThe request we sent was:\n\nMethod: POST\nURL: http://localhost:3000/api/products\nHeaders: {\n  \"Connection\": \"keep-alive\",\n  \"Authorization\": \"Bearer eyJhbGciOiJIUzI1NiIsInR5cCI6IkpXVCJ9.eyJpZCI6IjFmMmZhZGIxLTBkN2UtNDdhNy05ZDViLWVkMDMxZDY2NWQzZSIsInVzZXJuYW1lIjoiYWxpY2UiLCJlbWFpbCI6ImFsaWNlQGV4YW1wbGUuY29tIiwiYWRtaW4iOmZhbHNlLCJpYXQiOjE2Nzk2MTMwMzh9.KcT42jbNXfNR-0I-bTc_qNdAuCid640tXpkzUtDCoao\",\n  \"user-agent\": \"Mozilla/5.0 (X11; Linux x86_64) AppleWebKit/537.36 (KHTML, like Gecko) HeadlessChrome/119.0.0.0 Safari/537.36\",\n  \"accept\": \"*/*\",\n  \"accept-encoding\": \"gzip, deflate\",\n  \"content-type\": \"application/json\",\n  \"content-length\": 250\n}\nBody: {\"name\":\"Aa Aonsectetur incididunt consectetur\",\"description\":\"Dt dolore incididunt aliqua labore ut sit eiusmod ut elit\",\"category\":\"eiusmod\",\"originalPrice\":67,\"pictureUrl\":\"https://picsum.photos/id/54/512/512\",\"endDate\":\"2024-04-03T06:57:16.450Z\"}\n\n-----------------------------------------------------------\n\nThe response we got was:\n\nStatus: 600 - Unknown Status Code\nHeaders: {\n  \"x-powered-by\": \"Express\",\n  \"access-control-allow-origin\": \"*\",\n  \"date\": \"Mon, 08 Apr 2024 06:57:16 GMT\",\n  \"connection\": \"keep-alive\",\n  \"keep-alive\": \"timeout=5\",\n  \"content-length\": \"0\"\n}\n\n\nhttps://on.cypress.io/request",
                "estack": "CypressError: `cy.request()` failed on:\n\nhttp://localhost:3000/api/products\n\nThe response we received from your web server was:\n\n  > 600: Unknown Status Code\n\nThis was considered a failure because the status code was not `2xx` or `3xx`.\n\nIf you do not want status codes to cause failures pass the option: `failOnStatusCode: false`\n\n-----------------------------------------------------------\n\nThe request we sent was:\n\nMethod: POST\nURL: http://localhost:3000/api/products\nHeaders: {\n  \"Connection\": \"keep-alive\",\n  \"Authorization\": \"Bearer eyJhbGciOiJIUzI1NiIsInR5cCI6IkpXVCJ9.eyJpZCI6IjFmMmZhZGIxLTBkN2UtNDdhNy05ZDViLWVkMDMxZDY2NWQzZSIsInVzZXJuYW1lIjoiYWxpY2UiLCJlbWFpbCI6ImFsaWNlQGV4YW1wbGUuY29tIiwiYWRtaW4iOmZhbHNlLCJpYXQiOjE2Nzk2MTMwMzh9.KcT42jbNXfNR-0I-bTc_qNdAuCid640tXpkzUtDCoao\",\n  \"user-agent\": \"Mozilla/5.0 (X11; Linux x86_64) AppleWebKit/537.36 (KHTML, like Gecko) HeadlessChrome/119.0.0.0 Safari/537.36\",\n  \"accept\": \"*/*\",\n  \"accept-encoding\": \"gzip, deflate\",\n  \"content-type\": \"application/json\",\n  \"content-length\": 250\n}\nBody: {\"name\":\"Aa Aonsectetur incididunt consectetur\",\"description\":\"Dt dolore incididunt aliqua labore ut sit eiusmod ut elit\",\"category\":\"eiusmod\",\"originalPrice\":67,\"pictureUrl\":\"https://picsum.photos/id/54/512/512\",\"endDate\":\"2024-04-03T06:57:16.450Z\"}\n\n-----------------------------------------------------------\n\nThe response we got was:\n\nStatus: 600 - Unknown Status Code\nHeaders: {\n  \"x-powered-by\": \"Express\",\n  \"access-control-allow-origin\": \"*\",\n  \"date\": \"Mon, 08 Apr 2024 06:57:16 GMT\",\n  \"connection\": \"keep-alive\",\n  \"keep-alive\": \"timeout=5\",\n  \"content-length\": \"0\"\n}\n\n\nhttps://on.cypress.io/request\n    at <unknown> (http://localhost:43349/__cypress/runner/cypress_runner.js:133123:72)\n    at tryCatcher (http://localhost:43349/__cypress/runner/cypress_runner.js:1807:23)\n    at Promise._settlePromiseFromHandler (http://localhost:43349/__cypress/runner/cypress_runner.js:1519:31)\n    at Promise._settlePromise (http://localhost:43349/__cypress/runner/cypress_runner.js:1576:18)\n    at Promise._settlePromise0 (http://localhost:43349/__cypress/runner/cypress_runner.js:1621:10)\n    at Promise._settlePromises (http://localhost:43349/__cypress/runner/cypress_runner.js:1701:18)\n    at _drainQueueStep (http://localhost:43349/__cypress/runner/cypress_runner.js:2407:12)\n    at _drainQueue (http://localhost:43349/__cypress/runner/cypress_runner.js:2400:9)\n    at Async._drainQueues (http://localhost:43349/__cypress/runner/cypress_runner.js:2416:5)\n    at Async.drainQueues (http://localhost:43349/__cypress/runner/cypress_runner.js:2286:14)\nFrom Your Spec Code:\n    at eval (webpack://frontend/./cypress/e2e/common/orm.js:37:7)\nat new Promise (<anonymous>)\n    at createProduct (webpack://frontend/./cypress/e2e/common/orm.js:36:9)\n    at Context.eval (webpack://frontend/./cypress/e2e/frontend/view-product.cy.js:59:18)",
                "diff": null
              },
              "uuid": "5812a5f5-7cfa-43a3-b0f1-a4d652ee215d",
              "parentUUID": "091ec38a-5c60-4ad2-9a68-72d92211d47f",
              "isHook": false,
              "skipped": false
            },
            {
              "title": "not finished countdown",
              "fullTitle": "Page /products/:productId not finished countdown",
              "timedOut": null,
              "duration": 345,
              "state": "failed",
              "speed": null,
              "pass": false,
              "fail": true,
              "pending": false,
              "context": null,
              "code": "// Note : Si la date de fin de vente est passée, on n'affiche pas \"Terminé\"\n(0, _orm.createProduct)(\"futur\").then(({\n  product\n}) => {\n  cy.visit(`http://localhost:5173/products/${product.id}`);\n  cy.get(\"[data-test-countdown]\").should(\"not.contain.text\", \"Terminé\");\n});",
              "err": {
                "message": "CypressError: `cy.request()` failed on:\n\nhttp://localhost:3000/api/products\n\nThe response we received from your web server was:\n\n  > 600: Unknown Status Code\n\nThis was considered a failure because the status code was not `2xx` or `3xx`.\n\nIf you do not want status codes to cause failures pass the option: `failOnStatusCode: false`\n\n-----------------------------------------------------------\n\nThe request we sent was:\n\nMethod: POST\nURL: http://localhost:3000/api/products\nHeaders: {\n  \"Connection\": \"keep-alive\",\n  \"Authorization\": \"Bearer eyJhbGciOiJIUzI1NiIsInR5cCI6IkpXVCJ9.eyJpZCI6IjFmMmZhZGIxLTBkN2UtNDdhNy05ZDViLWVkMDMxZDY2NWQzZSIsInVzZXJuYW1lIjoiYWxpY2UiLCJlbWFpbCI6ImFsaWNlQGV4YW1wbGUuY29tIiwiYWRtaW4iOmZhbHNlLCJpYXQiOjE2Nzk2MTMwMzh9.KcT42jbNXfNR-0I-bTc_qNdAuCid640tXpkzUtDCoao\",\n  \"user-agent\": \"Mozilla/5.0 (X11; Linux x86_64) AppleWebKit/537.36 (KHTML, like Gecko) HeadlessChrome/119.0.0.0 Safari/537.36\",\n  \"accept\": \"*/*\",\n  \"accept-encoding\": \"gzip, deflate\",\n  \"content-type\": \"application/json\",\n  \"content-length\": 228\n}\nBody: {\"name\":\"Aa Ded ipsum ut\",\"description\":\"Do sit magna sed elit et labore incididunt dolor lorem\",\"category\":\"adipiscing\",\"originalPrice\":49,\"pictureUrl\":\"https://picsum.photos/id/24/512/512\",\"endDate\":\"2024-04-14T06:57:16.837Z\"}\n\n-----------------------------------------------------------\n\nThe response we got was:\n\nStatus: 600 - Unknown Status Code\nHeaders: {\n  \"x-powered-by\": \"Express\",\n  \"access-control-allow-origin\": \"*\",\n  \"date\": \"Mon, 08 Apr 2024 06:57:16 GMT\",\n  \"connection\": \"keep-alive\",\n  \"keep-alive\": \"timeout=5\",\n  \"content-length\": \"0\"\n}\n\n\nhttps://on.cypress.io/request",
                "estack": "CypressError: `cy.request()` failed on:\n\nhttp://localhost:3000/api/products\n\nThe response we received from your web server was:\n\n  > 600: Unknown Status Code\n\nThis was considered a failure because the status code was not `2xx` or `3xx`.\n\nIf you do not want status codes to cause failures pass the option: `failOnStatusCode: false`\n\n-----------------------------------------------------------\n\nThe request we sent was:\n\nMethod: POST\nURL: http://localhost:3000/api/products\nHeaders: {\n  \"Connection\": \"keep-alive\",\n  \"Authorization\": \"Bearer eyJhbGciOiJIUzI1NiIsInR5cCI6IkpXVCJ9.eyJpZCI6IjFmMmZhZGIxLTBkN2UtNDdhNy05ZDViLWVkMDMxZDY2NWQzZSIsInVzZXJuYW1lIjoiYWxpY2UiLCJlbWFpbCI6ImFsaWNlQGV4YW1wbGUuY29tIiwiYWRtaW4iOmZhbHNlLCJpYXQiOjE2Nzk2MTMwMzh9.KcT42jbNXfNR-0I-bTc_qNdAuCid640tXpkzUtDCoao\",\n  \"user-agent\": \"Mozilla/5.0 (X11; Linux x86_64) AppleWebKit/537.36 (KHTML, like Gecko) HeadlessChrome/119.0.0.0 Safari/537.36\",\n  \"accept\": \"*/*\",\n  \"accept-encoding\": \"gzip, deflate\",\n  \"content-type\": \"application/json\",\n  \"content-length\": 228\n}\nBody: {\"name\":\"Aa Ded ipsum ut\",\"description\":\"Do sit magna sed elit et labore incididunt dolor lorem\",\"category\":\"adipiscing\",\"originalPrice\":49,\"pictureUrl\":\"https://picsum.photos/id/24/512/512\",\"endDate\":\"2024-04-14T06:57:16.837Z\"}\n\n-----------------------------------------------------------\n\nThe response we got was:\n\nStatus: 600 - Unknown Status Code\nHeaders: {\n  \"x-powered-by\": \"Express\",\n  \"access-control-allow-origin\": \"*\",\n  \"date\": \"Mon, 08 Apr 2024 06:57:16 GMT\",\n  \"connection\": \"keep-alive\",\n  \"keep-alive\": \"timeout=5\",\n  \"content-length\": \"0\"\n}\n\n\nhttps://on.cypress.io/request\n    at <unknown> (http://localhost:43349/__cypress/runner/cypress_runner.js:133123:72)\n    at tryCatcher (http://localhost:43349/__cypress/runner/cypress_runner.js:1807:23)\n    at Promise._settlePromiseFromHandler (http://localhost:43349/__cypress/runner/cypress_runner.js:1519:31)\n    at Promise._settlePromise (http://localhost:43349/__cypress/runner/cypress_runner.js:1576:18)\n    at Promise._settlePromise0 (http://localhost:43349/__cypress/runner/cypress_runner.js:1621:10)\n    at Promise._settlePromises (http://localhost:43349/__cypress/runner/cypress_runner.js:1701:18)\n    at _drainQueueStep (http://localhost:43349/__cypress/runner/cypress_runner.js:2407:12)\n    at _drainQueue (http://localhost:43349/__cypress/runner/cypress_runner.js:2400:9)\n    at Async._drainQueues (http://localhost:43349/__cypress/runner/cypress_runner.js:2416:5)\n    at Async.drainQueues (http://localhost:43349/__cypress/runner/cypress_runner.js:2286:14)\nFrom Your Spec Code:\n    at eval (webpack://frontend/./cypress/e2e/common/orm.js:37:7)\nat new Promise (<anonymous>)\n    at createProduct (webpack://frontend/./cypress/e2e/common/orm.js:36:9)\n    at Context.eval (webpack://frontend/./cypress/e2e/frontend/view-product.cy.js:69:18)",
                "diff": null
              },
              "uuid": "486624a1-b7f7-4d71-abe0-28910d4f3cf7",
              "parentUUID": "091ec38a-5c60-4ad2-9a68-72d92211d47f",
              "isHook": false,
              "skipped": false
            },
            {
              "title": "display bids",
              "fullTitle": "Page /products/:productId display bids",
              "timedOut": null,
              "duration": 341,
              "state": "failed",
              "speed": null,
              "pass": false,
              "fail": true,
              "pending": false,
              "context": null,
              "code": "// Note : Vérifie que tous les éléments des offres du produit sont bien affichés\n(0, _orm.createBid)(_tokens.casserolesId, 200, _tokens.bobToken).then(({\n  bid\n}) => {\n  cy.visit(`http://localhost:5173/products/${_tokens.casserolesId}`);\n  cy.get(\"[data-test-bid]\").should(\"have.length\", 4);\n  cy.get(\"[data-test-bid]\").first().find(\"[data-test-bid-bidder]\").should(\"have.text\", \"charly\").invoke(\"attr\", \"href\").should(\"contain\", _tokens.charlyId);\n  cy.get(\"[data-test-bid]\").first().find(\"[data-test-bid-price]\").should(\"contain.text\", \"65 €\");\n  cy.get(\"[data-test-bid]\").last().find(\"[data-test-bid-bidder]\").should(\"have.text\", \"bob\").invoke(\"attr\", \"href\").should(\"contain\", _tokens.bobId);\n  cy.get(\"[data-test-bid]\").last().find(\"[data-test-bid-price]\").should(\"contain.text\", bid.price + \" €\");\n  cy.get(\"[data-test-bid]\").last().find(\"[data-test-bid-date]\").should(\"contain.text\", new Date().toLocaleDateString(\"fr-FR\", {\n    year: \"numeric\",\n    month: \"long\",\n    day: \"numeric\"\n  }));\n});",
              "err": {
                "message": "CypressError: `cy.request()` failed on:\n\nhttp://localhost:3000/api/products/a0f7c522-78f8-442e-a55d-642cfe566634/bids\n\nThe response we received from your web server was:\n\n  > 600: Unknown Status Code\n\nThis was considered a failure because the status code was not `2xx` or `3xx`.\n\nIf you do not want status codes to cause failures pass the option: `failOnStatusCode: false`\n\n-----------------------------------------------------------\n\nThe request we sent was:\n\nMethod: POST\nURL: http://localhost:3000/api/products/a0f7c522-78f8-442e-a55d-642cfe566634/bids\nHeaders: {\n  \"Connection\": \"keep-alive\",\n  \"Authorization\": \"Bearer eyJhbGciOiJIUzI1NiIsInR5cCI6IkpXVCJ9.eyJpZCI6IjJmOGU5NDUwLWFlYWItNGVjZS1hOWJiLWZiNTIxMmYyODc1NSIsInVzZXJuYW1lIjoiYm9iIiwiZW1haWwiOiJib2JAZXhhbXBsZS5jb20iLCJhZG1pbiI6ZmFsc2UsImlhdCI6MTY3OTYxMzA4OH0.bbzc3eD-ZpOSlxG8vwtMTxPq1ZDzbKMDqRkv9NCTqr0\",\n  \"user-agent\": \"Mozilla/5.0 (X11; Linux x86_64) AppleWebKit/537.36 (KHTML, like Gecko) HeadlessChrome/119.0.0.0 Safari/537.36\",\n  \"accept\": \"*/*\",\n  \"accept-encoding\": \"gzip, deflate\",\n  \"content-type\": \"application/json\",\n  \"content-length\": 13\n}\nBody: {\"price\":244}\n\n-----------------------------------------------------------\n\nThe response we got was:\n\nStatus: 600 - Unknown Status Code\nHeaders: {\n  \"x-powered-by\": \"Express\",\n  \"access-control-allow-origin\": \"*\",\n  \"date\": \"Mon, 08 Apr 2024 06:57:17 GMT\",\n  \"connection\": \"keep-alive\",\n  \"keep-alive\": \"timeout=5\",\n  \"content-length\": \"0\"\n}\n\n\nhttps://on.cypress.io/request",
                "estack": "CypressError: `cy.request()` failed on:\n\nhttp://localhost:3000/api/products/a0f7c522-78f8-442e-a55d-642cfe566634/bids\n\nThe response we received from your web server was:\n\n  > 600: Unknown Status Code\n\nThis was considered a failure because the status code was not `2xx` or `3xx`.\n\nIf you do not want status codes to cause failures pass the option: `failOnStatusCode: false`\n\n-----------------------------------------------------------\n\nThe request we sent was:\n\nMethod: POST\nURL: http://localhost:3000/api/products/a0f7c522-78f8-442e-a55d-642cfe566634/bids\nHeaders: {\n  \"Connection\": \"keep-alive\",\n  \"Authorization\": \"Bearer eyJhbGciOiJIUzI1NiIsInR5cCI6IkpXVCJ9.eyJpZCI6IjJmOGU5NDUwLWFlYWItNGVjZS1hOWJiLWZiNTIxMmYyODc1NSIsInVzZXJuYW1lIjoiYm9iIiwiZW1haWwiOiJib2JAZXhhbXBsZS5jb20iLCJhZG1pbiI6ZmFsc2UsImlhdCI6MTY3OTYxMzA4OH0.bbzc3eD-ZpOSlxG8vwtMTxPq1ZDzbKMDqRkv9NCTqr0\",\n  \"user-agent\": \"Mozilla/5.0 (X11; Linux x86_64) AppleWebKit/537.36 (KHTML, like Gecko) HeadlessChrome/119.0.0.0 Safari/537.36\",\n  \"accept\": \"*/*\",\n  \"accept-encoding\": \"gzip, deflate\",\n  \"content-type\": \"application/json\",\n  \"content-length\": 13\n}\nBody: {\"price\":244}\n\n-----------------------------------------------------------\n\nThe response we got was:\n\nStatus: 600 - Unknown Status Code\nHeaders: {\n  \"x-powered-by\": \"Express\",\n  \"access-control-allow-origin\": \"*\",\n  \"date\": \"Mon, 08 Apr 2024 06:57:17 GMT\",\n  \"connection\": \"keep-alive\",\n  \"keep-alive\": \"timeout=5\",\n  \"content-length\": \"0\"\n}\n\n\nhttps://on.cypress.io/request\n    at <unknown> (http://localhost:43349/__cypress/runner/cypress_runner.js:133123:72)\n    at tryCatcher (http://localhost:43349/__cypress/runner/cypress_runner.js:1807:23)\n    at Promise._settlePromiseFromHandler (http://localhost:43349/__cypress/runner/cypress_runner.js:1519:31)\n    at Promise._settlePromise (http://localhost:43349/__cypress/runner/cypress_runner.js:1576:18)\n    at Promise._settlePromise0 (http://localhost:43349/__cypress/runner/cypress_runner.js:1621:10)\n    at Promise._settlePromises (http://localhost:43349/__cypress/runner/cypress_runner.js:1701:18)\n    at _drainQueueStep (http://localhost:43349/__cypress/runner/cypress_runner.js:2407:12)\n    at _drainQueue (http://localhost:43349/__cypress/runner/cypress_runner.js:2400:9)\n    at Async._drainQueues (http://localhost:43349/__cypress/runner/cypress_runner.js:2416:5)\n    at Async.drainQueues (http://localhost:43349/__cypress/runner/cypress_runner.js:2286:14)\nFrom Your Spec Code:\n    at eval (webpack://frontend/./cypress/e2e/common/orm.js:68:7)\nat new Promise (<anonymous>)\n    at createBid (webpack://frontend/./cypress/e2e/common/orm.js:67:9)\n    at Context.eval (webpack://frontend/./cypress/e2e/frontend/view-product.cy.js:79:14)",
                "diff": null
              },
              "uuid": "559fefef-8ca8-4f5d-ae66-24f2b4b13b8b",
              "parentUUID": "091ec38a-5c60-4ad2-9a68-72d92211d47f",
              "isHook": false,
              "skipped": false
            },
            {
              "title": "some bids",
              "fullTitle": "Page /products/:productId some bids",
              "timedOut": null,
              "duration": 773,
              "state": "failed",
              "speed": null,
              "pass": false,
              "fail": true,
              "pending": false,
              "context": null,
              "code": "// Note : Si au moins une offre existe, on affiche le tableau\ncy.visit(`http://localhost:5173/products/${_tokens.casserolesId}`);\ncy.get(\"[data-test-bids]\").should(\"exist\");\ncy.get(\"[data-test-no-bids]\").should(\"not.exist\");",
              "err": {
                "message": "Error: The following error originated from your application code, not from Cypress. It was caused by an unhandled promise rejection.\n\n  > Missing required param \"userId\"\n\nWhen Cypress detects uncaught errors originating from your application it will automatically fail the current test.\n\nThis behavior is configurable, and you can choose to turn this off by listening to the `uncaught:exception` event.\n\nhttps://on.cypress.io/uncaught-exception-from-application",
                "estack": "Error: The following error originated from your application code, not from Cypress. It was caused by an unhandled promise rejection.\n\n  > Missing required param \"userId\"\n\nWhen Cypress detects uncaught errors originating from your application it will automatically fail the current test.\n\nThis behavior is configurable, and you can choose to turn this off by listening to the `uncaught:exception` event.\n\nhttps://on.cypress.io/uncaught-exception-from-application\n    at Object.stringify (http://localhost:5173/node_modules/.vite/deps/chunk-H4GK5U4X.js?v=7acbd541:890:21)\n    at Object.resolve (http://localhost:5173/node_modules/.vite/deps/chunk-H4GK5U4X.js?v=7acbd541:1224:22)\n    at Object.resolve (http://localhost:5173/node_modules/.vite/deps/chunk-H4GK5U4X.js?v=7acbd541:2320:34)\n    at <unknown> (http://localhost:5173/node_modules/.vite/deps/chunk-H4GK5U4X.js?v=7acbd541:1597:39)\n    at ReactiveEffect.fn (http://localhost:5173/node_modules/.vite/deps/chunk-2FDUVFJ5.js?v=7acbd541:1237:13)\n    at ReactiveEffect.run (http://localhost:5173/node_modules/.vite/deps/chunk-2FDUVFJ5.js?v=7acbd541:430:19)\n    at get value [as value] (http://localhost:5173/node_modules/.vite/deps/chunk-2FDUVFJ5.js?v=7acbd541:1249:107)\n    at useLink (http://localhost:5173/node_modules/.vite/deps/chunk-H4GK5U4X.js?v=7acbd541:1633:22)\n    at setup (http://localhost:5173/node_modules/.vite/deps/chunk-H4GK5U4X.js?v=7acbd541:1674:27)\n    at callWithErrorHandling (http://localhost:5173/node_modules/.vite/deps/chunk-2FDUVFJ5.js?v=7acbd541:1660:19)",
                "diff": null
              },
              "uuid": "345dd96a-f831-419d-a6c6-fd7817b9e131",
              "parentUUID": "091ec38a-5c60-4ad2-9a68-72d92211d47f",
              "isHook": false,
              "skipped": false
            },
            {
              "title": "no bids",
              "fullTitle": "Page /products/:productId no bids",
              "timedOut": null,
              "duration": 279,
              "state": "failed",
              "speed": null,
              "pass": false,
              "fail": true,
              "pending": false,
              "context": null,
              "code": "(0, _orm.createProduct)().then(({\n  product\n}) => {\n  // Note : Si aucune une offre ,'existe, on masque le tableau\n  cy.visit(`http://localhost:5173/products/${product.id}`);\n  cy.get(\"[data-test-bids]\").should(\"not.exist\");\n  cy.get(\"[data-test-no-bids]\").should(\"exist\");\n});",
              "err": {
                "message": "CypressError: `cy.request()` failed on:\n\nhttp://localhost:3000/api/products\n\nThe response we received from your web server was:\n\n  > 600: Unknown Status Code\n\nThis was considered a failure because the status code was not `2xx` or `3xx`.\n\nIf you do not want status codes to cause failures pass the option: `failOnStatusCode: false`\n\n-----------------------------------------------------------\n\nThe request we sent was:\n\nMethod: POST\nURL: http://localhost:3000/api/products\nHeaders: {\n  \"Connection\": \"keep-alive\",\n  \"Authorization\": \"Bearer eyJhbGciOiJIUzI1NiIsInR5cCI6IkpXVCJ9.eyJpZCI6IjFmMmZhZGIxLTBkN2UtNDdhNy05ZDViLWVkMDMxZDY2NWQzZSIsInVzZXJuYW1lIjoiYWxpY2UiLCJlbWFpbCI6ImFsaWNlQGV4YW1wbGUuY29tIiwiYWRtaW4iOmZhbHNlLCJpYXQiOjE2Nzk2MTMwMzh9.KcT42jbNXfNR-0I-bTc_qNdAuCid640tXpkzUtDCoao\",\n  \"user-agent\": \"Mozilla/5.0 (X11; Linux x86_64) AppleWebKit/537.36 (KHTML, like Gecko) HeadlessChrome/119.0.0.0 Safari/537.36\",\n  \"accept\": \"*/*\",\n  \"accept-encoding\": \"gzip, deflate\",\n  \"content-type\": \"application/json\",\n  \"content-length\": 243\n}\nBody: {\"name\":\"Aa Sonsectetur sit dolor\",\"description\":\"Dmet aliqua adipiscing dolore labore eiusmod sed lorem labore sit\",\"category\":\"ipsum\",\"originalPrice\":69,\"pictureUrl\":\"https://picsum.photos/id/53/512/512\",\"endDate\":\"2024-04-11T06:57:20.800Z\"}\n\n-----------------------------------------------------------\n\nThe response we got was:\n\nStatus: 600 - Unknown Status Code\nHeaders: {\n  \"x-powered-by\": \"Express\",\n  \"access-control-allow-origin\": \"*\",\n  \"date\": \"Mon, 08 Apr 2024 06:57:20 GMT\",\n  \"connection\": \"keep-alive\",\n  \"keep-alive\": \"timeout=5\",\n  \"content-length\": \"0\"\n}\n\n\nhttps://on.cypress.io/request",
                "estack": "CypressError: `cy.request()` failed on:\n\nhttp://localhost:3000/api/products\n\nThe response we received from your web server was:\n\n  > 600: Unknown Status Code\n\nThis was considered a failure because the status code was not `2xx` or `3xx`.\n\nIf you do not want status codes to cause failures pass the option: `failOnStatusCode: false`\n\n-----------------------------------------------------------\n\nThe request we sent was:\n\nMethod: POST\nURL: http://localhost:3000/api/products\nHeaders: {\n  \"Connection\": \"keep-alive\",\n  \"Authorization\": \"Bearer eyJhbGciOiJIUzI1NiIsInR5cCI6IkpXVCJ9.eyJpZCI6IjFmMmZhZGIxLTBkN2UtNDdhNy05ZDViLWVkMDMxZDY2NWQzZSIsInVzZXJuYW1lIjoiYWxpY2UiLCJlbWFpbCI6ImFsaWNlQGV4YW1wbGUuY29tIiwiYWRtaW4iOmZhbHNlLCJpYXQiOjE2Nzk2MTMwMzh9.KcT42jbNXfNR-0I-bTc_qNdAuCid640tXpkzUtDCoao\",\n  \"user-agent\": \"Mozilla/5.0 (X11; Linux x86_64) AppleWebKit/537.36 (KHTML, like Gecko) HeadlessChrome/119.0.0.0 Safari/537.36\",\n  \"accept\": \"*/*\",\n  \"accept-encoding\": \"gzip, deflate\",\n  \"content-type\": \"application/json\",\n  \"content-length\": 243\n}\nBody: {\"name\":\"Aa Sonsectetur sit dolor\",\"description\":\"Dmet aliqua adipiscing dolore labore eiusmod sed lorem labore sit\",\"category\":\"ipsum\",\"originalPrice\":69,\"pictureUrl\":\"https://picsum.photos/id/53/512/512\",\"endDate\":\"2024-04-11T06:57:20.800Z\"}\n\n-----------------------------------------------------------\n\nThe response we got was:\n\nStatus: 600 - Unknown Status Code\nHeaders: {\n  \"x-powered-by\": \"Express\",\n  \"access-control-allow-origin\": \"*\",\n  \"date\": \"Mon, 08 Apr 2024 06:57:20 GMT\",\n  \"connection\": \"keep-alive\",\n  \"keep-alive\": \"timeout=5\",\n  \"content-length\": \"0\"\n}\n\n\nhttps://on.cypress.io/request\n    at <unknown> (http://localhost:5173/__cypress/runner/cypress_runner.js:133123:72)\n    at tryCatcher (http://localhost:5173/__cypress/runner/cypress_runner.js:1807:23)\n    at Promise._settlePromiseFromHandler (http://localhost:5173/__cypress/runner/cypress_runner.js:1519:31)\n    at Promise._settlePromise (http://localhost:5173/__cypress/runner/cypress_runner.js:1576:18)\n    at Promise._settlePromise0 (http://localhost:5173/__cypress/runner/cypress_runner.js:1621:10)\n    at Promise._settlePromises (http://localhost:5173/__cypress/runner/cypress_runner.js:1701:18)\n    at _drainQueueStep (http://localhost:5173/__cypress/runner/cypress_runner.js:2407:12)\n    at _drainQueue (http://localhost:5173/__cypress/runner/cypress_runner.js:2400:9)\n    at Async._drainQueues (http://localhost:5173/__cypress/runner/cypress_runner.js:2416:5)\n    at Async.drainQueues (http://localhost:5173/__cypress/runner/cypress_runner.js:2286:14)\nFrom Your Spec Code:\n    at eval (webpack://frontend/./cypress/e2e/common/orm.js:37:7)\nat new Promise (<anonymous>)\n    at createProduct (webpack://frontend/./cypress/e2e/common/orm.js:36:9)\n    at Context.eval (webpack://frontend/./cypress/e2e/frontend/view-product.cy.js:132:18)\n    at runnable.fn (http://localhost:5173/__cypress/runner/cypress_runner.js:138654:19)\n    at callFn (http://localhost:5173/__cypress/runner/cypress_runner.js:157261:21)\n    at Runnable.run (http://localhost:5173/__cypress/runner/cypress_runner.js:157248:7)\n    at <unknown> (http://localhost:5173/__cypress/runner/cypress_runner.js:163172:30)",
                "diff": null
              },
              "uuid": "9c885e61-3c78-4adc-bfa8-0e9bc1bd1d18",
              "parentUUID": "091ec38a-5c60-4ad2-9a68-72d92211d47f",
              "isHook": false,
              "skipped": false
            },
            {
              "title": "only seller and admin can edit or delete product",
              "fullTitle": "Page /products/:productId only seller and admin can edit or delete product",
              "timedOut": null,
              "duration": 520,
              "state": "failed",
              "speed": null,
              "pass": false,
              "fail": true,
              "pending": false,
              "context": null,
              "code": "// Note : Vérifie que l'admin a accès aux boutons d'édition et de suppression\n// Note : Vérifie que l'utilisateur vendeur du produit a accès aux boutons d'édition et de suppression\n// Note : Vérifie qu'un utilisateur non vendeur du produit n'a pas accès aux boutons d'édition et de suppression\ncy.visit(`http://localhost:5173/products/${_tokens.casserolesId}`, {\n  onBeforeLoad: function (window) {\n    window.localStorage.setItem(\"token\", _tokens.adminToken);\n  }\n});\ncy.get(\"[data-test-edit-product]\").should(\"exist\");\ncy.get(\"[data-test-delete-product]\").should(\"exist\");\ncy.visit(`http://localhost:5173/products/${_tokens.casserolesId}`, {\n  onBeforeLoad: function (window) {\n    window.localStorage.setItem(\"token\", _tokens.aliceToken);\n  }\n});\ncy.get(\"[data-test-edit-product]\").should(\"exist\");\ncy.get(\"[data-test-delete-product]\").should(\"exist\");\ncy.visit(`http://localhost:5173/products/${_tokens.casserolesId}`, {\n  onBeforeLoad: function (window) {\n    window.localStorage.setItem(\"token\", _tokens.bobToken);\n  }\n});\ncy.get(\"[data-test-edit-product]\").should(\"not.exist\");\ncy.get(\"[data-test-delete-product]\").should(\"not.exist\");",
              "err": {
                "message": "Error: The following error originated from your application code, not from Cypress. It was caused by an unhandled promise rejection.\n\n  > Missing required param \"productId\"\n\nWhen Cypress detects uncaught errors originating from your application it will automatically fail the current test.\n\nThis behavior is configurable, and you can choose to turn this off by listening to the `uncaught:exception` event.\n\nhttps://on.cypress.io/uncaught-exception-from-application",
                "estack": "Error: The following error originated from your application code, not from Cypress. It was caused by an unhandled promise rejection.\n\n  > Missing required param \"productId\"\n\nWhen Cypress detects uncaught errors originating from your application it will automatically fail the current test.\n\nThis behavior is configurable, and you can choose to turn this off by listening to the `uncaught:exception` event.\n\nhttps://on.cypress.io/uncaught-exception-from-application\n    at Object.stringify (http://localhost:5173/node_modules/.vite/deps/chunk-H4GK5U4X.js?v=7acbd541:890:21)\n    at Object.resolve (http://localhost:5173/node_modules/.vite/deps/chunk-H4GK5U4X.js?v=7acbd541:1224:22)\n    at Object.resolve (http://localhost:5173/node_modules/.vite/deps/chunk-H4GK5U4X.js?v=7acbd541:2320:34)\n    at <unknown> (http://localhost:5173/node_modules/.vite/deps/chunk-H4GK5U4X.js?v=7acbd541:1597:39)\n    at ReactiveEffect.fn (http://localhost:5173/node_modules/.vite/deps/chunk-2FDUVFJ5.js?v=7acbd541:1237:13)\n    at ReactiveEffect.run (http://localhost:5173/node_modules/.vite/deps/chunk-2FDUVFJ5.js?v=7acbd541:430:19)\n    at get value [as value] (http://localhost:5173/node_modules/.vite/deps/chunk-2FDUVFJ5.js?v=7acbd541:1249:107)\n    at useLink (http://localhost:5173/node_modules/.vite/deps/chunk-H4GK5U4X.js?v=7acbd541:1633:22)\n    at setup (http://localhost:5173/node_modules/.vite/deps/chunk-H4GK5U4X.js?v=7acbd541:1674:27)\n    at callWithErrorHandling (http://localhost:5173/node_modules/.vite/deps/chunk-2FDUVFJ5.js?v=7acbd541:1660:19)",
                "diff": null
              },
              "uuid": "c886db35-0bd8-4a68-b876-129e062c6aa7",
              "parentUUID": "091ec38a-5c60-4ad2-9a68-72d92211d47f",
              "isHook": false,
              "skipped": false
            },
            {
              "title": "product edition button",
              "fullTitle": "Page /products/:productId product edition button",
              "timedOut": null,
              "duration": 536,
              "state": "failed",
              "speed": null,
              "pass": false,
              "fail": true,
              "pending": false,
              "context": null,
              "code": "// Note : Vérifie que bouton d'édition d'un produit cible le bon endroit\ncy.visit(`http://localhost:5173/products/${_tokens.casserolesId}`, {\n  onBeforeLoad: function (window) {\n    window.localStorage.setItem(\"token\", _tokens.aliceToken);\n  }\n});\ncy.get(\"[data-test-edit-product]\").should(\"exist\").invoke(\"attr\", \"href\").should(\"contain\", _tokens.casserolesId).should(\"contain\", \"/edit\");",
              "err": {
                "message": "Error: The following error originated from your application code, not from Cypress. It was caused by an unhandled promise rejection.\n\n  > Missing required param \"userId\"\n\nWhen Cypress detects uncaught errors originating from your application it will automatically fail the current test.\n\nThis behavior is configurable, and you can choose to turn this off by listening to the `uncaught:exception` event.\n\nhttps://on.cypress.io/uncaught-exception-from-application",
                "estack": "Error: The following error originated from your application code, not from Cypress. It was caused by an unhandled promise rejection.\n\n  > Missing required param \"userId\"\n\nWhen Cypress detects uncaught errors originating from your application it will automatically fail the current test.\n\nThis behavior is configurable, and you can choose to turn this off by listening to the `uncaught:exception` event.\n\nhttps://on.cypress.io/uncaught-exception-from-application\n    at Object.stringify (http://localhost:5173/node_modules/.vite/deps/chunk-H4GK5U4X.js?v=7acbd541:890:21)\n    at Object.resolve (http://localhost:5173/node_modules/.vite/deps/chunk-H4GK5U4X.js?v=7acbd541:1224:22)\n    at Object.resolve (http://localhost:5173/node_modules/.vite/deps/chunk-H4GK5U4X.js?v=7acbd541:2320:34)\n    at <unknown> (http://localhost:5173/node_modules/.vite/deps/chunk-H4GK5U4X.js?v=7acbd541:1597:39)\n    at ReactiveEffect.fn (http://localhost:5173/node_modules/.vite/deps/chunk-2FDUVFJ5.js?v=7acbd541:1237:13)\n    at ReactiveEffect.run (http://localhost:5173/node_modules/.vite/deps/chunk-2FDUVFJ5.js?v=7acbd541:430:19)\n    at get value [as value] (http://localhost:5173/node_modules/.vite/deps/chunk-2FDUVFJ5.js?v=7acbd541:1249:107)\n    at useLink (http://localhost:5173/node_modules/.vite/deps/chunk-H4GK5U4X.js?v=7acbd541:1633:22)\n    at setup (http://localhost:5173/node_modules/.vite/deps/chunk-H4GK5U4X.js?v=7acbd541:1674:27)\n    at callWithErrorHandling (http://localhost:5173/node_modules/.vite/deps/chunk-2FDUVFJ5.js?v=7acbd541:1660:19)",
                "diff": null
              },
              "uuid": "84c19bfa-bd43-4028-a1a7-e032e2e157f9",
              "parentUUID": "091ec38a-5c60-4ad2-9a68-72d92211d47f",
              "isHook": false,
              "skipped": false
            },
            {
              "title": "product deletion button",
              "fullTitle": "Page /products/:productId product deletion button",
              "timedOut": null,
              "duration": 537,
              "state": "failed",
              "speed": null,
              "pass": false,
              "fail": true,
              "pending": false,
              "context": null,
              "code": "// Note : Vérifie que bouton de suppression d'un produit supprime bien le produit\ncy.visit(`http://localhost:5173/products/${_tokens.casserolesId}`, {\n  onBeforeLoad: function (window) {\n    window.localStorage.setItem(\"token\", _tokens.aliceToken);\n  }\n});\n(0, _orm.getProducts)().then(({\n  products: productsBeforeDeletion\n}) => {\n  cy.get(\"[data-test-delete-product]\").click();\n  (0, _orm.getProducts)().then(({\n    products: productsAfterDeletion\n  }) => {\n    expect(productsBeforeDeletion.length).to.be.greaterThan(productsAfterDeletion.length);\n  });\n});",
              "err": {
                "message": "Error: The following error originated from your application code, not from Cypress. It was caused by an unhandled promise rejection.\n\n  > Missing required param \"userId\"\n\nWhen Cypress detects uncaught errors originating from your application it will automatically fail the current test.\n\nThis behavior is configurable, and you can choose to turn this off by listening to the `uncaught:exception` event.\n\nhttps://on.cypress.io/uncaught-exception-from-application",
                "estack": "Error: The following error originated from your application code, not from Cypress. It was caused by an unhandled promise rejection.\n\n  > Missing required param \"userId\"\n\nWhen Cypress detects uncaught errors originating from your application it will automatically fail the current test.\n\nThis behavior is configurable, and you can choose to turn this off by listening to the `uncaught:exception` event.\n\nhttps://on.cypress.io/uncaught-exception-from-application\n    at Object.stringify (http://localhost:5173/node_modules/.vite/deps/chunk-H4GK5U4X.js?v=7acbd541:890:21)\n    at Object.resolve (http://localhost:5173/node_modules/.vite/deps/chunk-H4GK5U4X.js?v=7acbd541:1224:22)\n    at Object.resolve (http://localhost:5173/node_modules/.vite/deps/chunk-H4GK5U4X.js?v=7acbd541:2320:34)\n    at <unknown> (http://localhost:5173/node_modules/.vite/deps/chunk-H4GK5U4X.js?v=7acbd541:1597:39)\n    at ReactiveEffect.fn (http://localhost:5173/node_modules/.vite/deps/chunk-2FDUVFJ5.js?v=7acbd541:1237:13)\n    at ReactiveEffect.run (http://localhost:5173/node_modules/.vite/deps/chunk-2FDUVFJ5.js?v=7acbd541:430:19)\n    at get value [as value] (http://localhost:5173/node_modules/.vite/deps/chunk-2FDUVFJ5.js?v=7acbd541:1249:107)\n    at useLink (http://localhost:5173/node_modules/.vite/deps/chunk-H4GK5U4X.js?v=7acbd541:1633:22)\n    at setup (http://localhost:5173/node_modules/.vite/deps/chunk-H4GK5U4X.js?v=7acbd541:1674:27)\n    at callWithErrorHandling (http://localhost:5173/node_modules/.vite/deps/chunk-2FDUVFJ5.js?v=7acbd541:1660:19)",
                "diff": null
              },
              "uuid": "21628145-05d9-40ad-80fd-c20396dc58ec",
              "parentUUID": "091ec38a-5c60-4ad2-9a68-72d92211d47f",
              "isHook": false,
              "skipped": false
            },
            {
              "title": "admin can delete bid",
              "fullTitle": "Page /products/:productId admin can delete bid",
              "timedOut": null,
              "duration": 533,
              "state": "failed",
              "speed": null,
              "pass": false,
              "fail": true,
              "pending": false,
              "context": null,
              "code": "// Note : Vérifie que l'admin peut supprimer n'importe quel offre\ncy.visit(`http://localhost:5173/products/${_tokens.casserolesId}`, {\n  onBeforeLoad: function (window) {\n    window.localStorage.setItem(\"token\", _tokens.adminToken);\n  }\n});\ncy.get(\"[data-test-delete-bid]\").should(\"have.length\", 3);",
              "err": {
                "message": "Error: The following error originated from your application code, not from Cypress. It was caused by an unhandled promise rejection.\n\n  > Missing required param \"productId\"\n\nWhen Cypress detects uncaught errors originating from your application it will automatically fail the current test.\n\nThis behavior is configurable, and you can choose to turn this off by listening to the `uncaught:exception` event.\n\nhttps://on.cypress.io/uncaught-exception-from-application",
                "estack": "Error: The following error originated from your application code, not from Cypress. It was caused by an unhandled promise rejection.\n\n  > Missing required param \"productId\"\n\nWhen Cypress detects uncaught errors originating from your application it will automatically fail the current test.\n\nThis behavior is configurable, and you can choose to turn this off by listening to the `uncaught:exception` event.\n\nhttps://on.cypress.io/uncaught-exception-from-application\n    at Object.stringify (http://localhost:5173/node_modules/.vite/deps/chunk-H4GK5U4X.js?v=7acbd541:890:21)\n    at Object.resolve (http://localhost:5173/node_modules/.vite/deps/chunk-H4GK5U4X.js?v=7acbd541:1224:22)\n    at Object.resolve (http://localhost:5173/node_modules/.vite/deps/chunk-H4GK5U4X.js?v=7acbd541:2320:34)\n    at <unknown> (http://localhost:5173/node_modules/.vite/deps/chunk-H4GK5U4X.js?v=7acbd541:1597:39)\n    at ReactiveEffect.fn (http://localhost:5173/node_modules/.vite/deps/chunk-2FDUVFJ5.js?v=7acbd541:1237:13)\n    at ReactiveEffect.run (http://localhost:5173/node_modules/.vite/deps/chunk-2FDUVFJ5.js?v=7acbd541:430:19)\n    at get value [as value] (http://localhost:5173/node_modules/.vite/deps/chunk-2FDUVFJ5.js?v=7acbd541:1249:107)\n    at useLink (http://localhost:5173/node_modules/.vite/deps/chunk-H4GK5U4X.js?v=7acbd541:1633:22)\n    at setup (http://localhost:5173/node_modules/.vite/deps/chunk-H4GK5U4X.js?v=7acbd541:1674:27)\n    at callWithErrorHandling (http://localhost:5173/node_modules/.vite/deps/chunk-2FDUVFJ5.js?v=7acbd541:1660:19)",
                "diff": null
              },
              "uuid": "11ff9aa8-f73c-4353-b982-7bd409afcd5e",
              "parentUUID": "091ec38a-5c60-4ad2-9a68-72d92211d47f",
              "isHook": false,
              "skipped": false
            },
            {
              "title": "bidder can delete bid",
              "fullTitle": "Page /products/:productId bidder can delete bid",
              "timedOut": null,
              "duration": 510,
              "state": "failed",
              "speed": null,
              "pass": false,
              "fail": true,
              "pending": false,
              "context": null,
              "code": "// Note : Vérifie qu'une offre est supprimable par l'utilisateur l'ayant fait\ncy.visit(`http://localhost:5173/products/${_tokens.casserolesId}`, {\n  onBeforeLoad: function (window) {\n    window.localStorage.setItem(\"token\", _tokens.bobToken);\n  }\n});\ncy.get(\"[data-test-delete-bid]\").should(\"have.length\", 1);\ncy.visit(`http://localhost:5173/products/${_tokens.casserolesId}`, {\n  onBeforeLoad: function (window) {\n    window.localStorage.setItem(\"token\", _tokens.charlyToken);\n  }\n});\ncy.get(\"[data-test-delete-bid]\").should(\"have.length\", 2);",
              "err": {
                "message": "Error: The following error originated from your application code, not from Cypress. It was caused by an unhandled promise rejection.\n\n  > Missing required param \"userId\"\n\nWhen Cypress detects uncaught errors originating from your application it will automatically fail the current test.\n\nThis behavior is configurable, and you can choose to turn this off by listening to the `uncaught:exception` event.\n\nhttps://on.cypress.io/uncaught-exception-from-application",
                "estack": "Error: The following error originated from your application code, not from Cypress. It was caused by an unhandled promise rejection.\n\n  > Missing required param \"userId\"\n\nWhen Cypress detects uncaught errors originating from your application it will automatically fail the current test.\n\nThis behavior is configurable, and you can choose to turn this off by listening to the `uncaught:exception` event.\n\nhttps://on.cypress.io/uncaught-exception-from-application\n    at Object.stringify (http://localhost:5173/node_modules/.vite/deps/chunk-H4GK5U4X.js?v=7acbd541:890:21)\n    at Object.resolve (http://localhost:5173/node_modules/.vite/deps/chunk-H4GK5U4X.js?v=7acbd541:1224:22)\n    at Object.resolve (http://localhost:5173/node_modules/.vite/deps/chunk-H4GK5U4X.js?v=7acbd541:2320:34)\n    at <unknown> (http://localhost:5173/node_modules/.vite/deps/chunk-H4GK5U4X.js?v=7acbd541:1597:39)\n    at ReactiveEffect.fn (http://localhost:5173/node_modules/.vite/deps/chunk-2FDUVFJ5.js?v=7acbd541:1237:13)\n    at ReactiveEffect.run (http://localhost:5173/node_modules/.vite/deps/chunk-2FDUVFJ5.js?v=7acbd541:430:19)\n    at get value [as value] (http://localhost:5173/node_modules/.vite/deps/chunk-2FDUVFJ5.js?v=7acbd541:1249:107)\n    at useLink (http://localhost:5173/node_modules/.vite/deps/chunk-H4GK5U4X.js?v=7acbd541:1633:22)\n    at setup (http://localhost:5173/node_modules/.vite/deps/chunk-H4GK5U4X.js?v=7acbd541:1674:27)\n    at callWithErrorHandling (http://localhost:5173/node_modules/.vite/deps/chunk-2FDUVFJ5.js?v=7acbd541:1660:19)",
                "diff": null
              },
              "uuid": "0194d306-7848-4b2f-8e4c-109fd0591840",
              "parentUUID": "091ec38a-5c60-4ad2-9a68-72d92211d47f",
              "isHook": false,
              "skipped": false
            },
            {
              "title": "not bidder cannot delete bid",
              "fullTitle": "Page /products/:productId not bidder cannot delete bid",
              "timedOut": null,
              "duration": 585,
              "state": "failed",
              "speed": null,
              "pass": false,
              "fail": true,
              "pending": false,
              "context": null,
              "code": "// Note : Vérifie qu'une offre n'est supprimable par un utilisateur ne l'ayant pas fait\ncy.visit(`http://localhost:5173/products/${_tokens.casserolesId}`, {\n  onBeforeLoad: function (window) {\n    window.localStorage.setItem(\"token\", _tokens.aliceToken);\n  }\n});\ncy.get(\"[data-test-delete-bid]\").should(\"have.length\", 0);",
              "err": {
                "message": "Error: The following error originated from your application code, not from Cypress. It was caused by an unhandled promise rejection.\n\n  > Missing required param \"userId\"\n\nWhen Cypress detects uncaught errors originating from your application it will automatically fail the current test.\n\nThis behavior is configurable, and you can choose to turn this off by listening to the `uncaught:exception` event.\n\nhttps://on.cypress.io/uncaught-exception-from-application",
                "estack": "Error: The following error originated from your application code, not from Cypress. It was caused by an unhandled promise rejection.\n\n  > Missing required param \"userId\"\n\nWhen Cypress detects uncaught errors originating from your application it will automatically fail the current test.\n\nThis behavior is configurable, and you can choose to turn this off by listening to the `uncaught:exception` event.\n\nhttps://on.cypress.io/uncaught-exception-from-application\n    at Object.stringify (http://localhost:5173/node_modules/.vite/deps/chunk-H4GK5U4X.js?v=7acbd541:890:21)\n    at Object.resolve (http://localhost:5173/node_modules/.vite/deps/chunk-H4GK5U4X.js?v=7acbd541:1224:22)\n    at Object.resolve (http://localhost:5173/node_modules/.vite/deps/chunk-H4GK5U4X.js?v=7acbd541:2320:34)\n    at <unknown> (http://localhost:5173/node_modules/.vite/deps/chunk-H4GK5U4X.js?v=7acbd541:1597:39)\n    at ReactiveEffect.fn (http://localhost:5173/node_modules/.vite/deps/chunk-2FDUVFJ5.js?v=7acbd541:1237:13)\n    at ReactiveEffect.run (http://localhost:5173/node_modules/.vite/deps/chunk-2FDUVFJ5.js?v=7acbd541:430:19)\n    at get value [as value] (http://localhost:5173/node_modules/.vite/deps/chunk-2FDUVFJ5.js?v=7acbd541:1249:107)\n    at useLink (http://localhost:5173/node_modules/.vite/deps/chunk-H4GK5U4X.js?v=7acbd541:1633:22)\n    at setup (http://localhost:5173/node_modules/.vite/deps/chunk-H4GK5U4X.js?v=7acbd541:1674:27)\n    at callWithErrorHandling (http://localhost:5173/node_modules/.vite/deps/chunk-2FDUVFJ5.js?v=7acbd541:1660:19)",
                "diff": null
              },
              "uuid": "a710a0e7-0aa9-4c27-b638-c3685d213d36",
              "parentUUID": "091ec38a-5c60-4ad2-9a68-72d92211d47f",
              "isHook": false,
              "skipped": false
            },
            {
              "title": "bid deletion button",
              "fullTitle": "Page /products/:productId bid deletion button",
              "timedOut": null,
              "duration": 592,
              "state": "failed",
              "speed": null,
              "pass": false,
              "fail": true,
              "pending": false,
              "context": null,
              "code": "// Note : Vérifie que le bouton de suppression d'une offre fonctionne bien\ncy.visit(`http://localhost:5173/products/${_tokens.casserolesId}`, {\n  onBeforeLoad: function (window) {\n    window.localStorage.setItem(\"token\", _tokens.bobToken);\n  }\n});\ncy.get(\"[data-test-delete-bid]\").should(\"have.length\", 1);\n(0, _orm.getProduct)(_tokens.casserolesId).then(({\n  product: productBeforeBidDeletion\n}) => {\n  cy.get(\"[data-test-delete-bid]\").click();\n  cy.get(\"[data-test-delete-bid]\").should(\"have.length\", 0);\n  (0, _orm.getProduct)(_tokens.casserolesId).then(({\n    product: productAfterBidDeletion\n  }) => {\n    expect(productBeforeBidDeletion.bids.length).to.be.greaterThan(productAfterBidDeletion.bids.length);\n  });\n});",
              "err": {
                "message": "Error: The following error originated from your application code, not from Cypress. It was caused by an unhandled promise rejection.\n\n  > Missing required param \"userId\"\n\nWhen Cypress detects uncaught errors originating from your application it will automatically fail the current test.\n\nThis behavior is configurable, and you can choose to turn this off by listening to the `uncaught:exception` event.\n\nhttps://on.cypress.io/uncaught-exception-from-application",
                "estack": "Error: The following error originated from your application code, not from Cypress. It was caused by an unhandled promise rejection.\n\n  > Missing required param \"userId\"\n\nWhen Cypress detects uncaught errors originating from your application it will automatically fail the current test.\n\nThis behavior is configurable, and you can choose to turn this off by listening to the `uncaught:exception` event.\n\nhttps://on.cypress.io/uncaught-exception-from-application\n    at Object.stringify (http://localhost:5173/node_modules/.vite/deps/chunk-H4GK5U4X.js?v=7acbd541:890:21)\n    at Object.resolve (http://localhost:5173/node_modules/.vite/deps/chunk-H4GK5U4X.js?v=7acbd541:1224:22)\n    at Object.resolve (http://localhost:5173/node_modules/.vite/deps/chunk-H4GK5U4X.js?v=7acbd541:2320:34)\n    at <unknown> (http://localhost:5173/node_modules/.vite/deps/chunk-H4GK5U4X.js?v=7acbd541:1597:39)\n    at ReactiveEffect.fn (http://localhost:5173/node_modules/.vite/deps/chunk-2FDUVFJ5.js?v=7acbd541:1237:13)\n    at ReactiveEffect.run (http://localhost:5173/node_modules/.vite/deps/chunk-2FDUVFJ5.js?v=7acbd541:430:19)\n    at get value [as value] (http://localhost:5173/node_modules/.vite/deps/chunk-2FDUVFJ5.js?v=7acbd541:1249:107)\n    at useLink (http://localhost:5173/node_modules/.vite/deps/chunk-H4GK5U4X.js?v=7acbd541:1633:22)\n    at setup (http://localhost:5173/node_modules/.vite/deps/chunk-H4GK5U4X.js?v=7acbd541:1674:27)\n    at callWithErrorHandling (http://localhost:5173/node_modules/.vite/deps/chunk-2FDUVFJ5.js?v=7acbd541:1660:19)",
                "diff": null
              },
              "uuid": "3d04ed97-3028-4542-8101-db8d533ae70d",
              "parentUUID": "091ec38a-5c60-4ad2-9a68-72d92211d47f",
              "isHook": false,
              "skipped": false
            },
            {
              "title": "only seller cannot add a bid",
              "fullTitle": "Page /products/:productId only seller cannot add a bid",
              "timedOut": null,
              "duration": 522,
              "state": "failed",
              "speed": null,
              "pass": false,
              "fail": true,
              "pending": false,
              "context": null,
              "code": "// Note : Vérifie que le vendeur ne peut pas faire d'offre sur son produit\n// Note : Vérifie qu'un non-vendeur peut faire une offre sur le produit\ncy.visit(`http://localhost:5173/products/${_tokens.casserolesId}`, {\n  onBeforeLoad: function (window) {\n    window.localStorage.setItem(\"token\", _tokens.aliceToken);\n  }\n});\ncy.get(\"[data-test-submit-bid]\").should(\"not.exist\");\ncy.visit(`http://localhost:5173/products/${_tokens.casserolesId}`, {\n  onBeforeLoad: function (window) {\n    window.localStorage.setItem(\"token\", _tokens.bobToken);\n  }\n});\ncy.get(\"[data-test-submit-bid]\").should(\"exist\");",
              "err": {
                "message": "Error: The following error originated from your application code, not from Cypress. It was caused by an unhandled promise rejection.\n\n  > Missing required param \"userId\"\n\nWhen Cypress detects uncaught errors originating from your application it will automatically fail the current test.\n\nThis behavior is configurable, and you can choose to turn this off by listening to the `uncaught:exception` event.\n\nhttps://on.cypress.io/uncaught-exception-from-application",
                "estack": "Error: The following error originated from your application code, not from Cypress. It was caused by an unhandled promise rejection.\n\n  > Missing required param \"userId\"\n\nWhen Cypress detects uncaught errors originating from your application it will automatically fail the current test.\n\nThis behavior is configurable, and you can choose to turn this off by listening to the `uncaught:exception` event.\n\nhttps://on.cypress.io/uncaught-exception-from-application\n    at Object.stringify (http://localhost:5173/node_modules/.vite/deps/chunk-H4GK5U4X.js?v=7acbd541:890:21)\n    at Object.resolve (http://localhost:5173/node_modules/.vite/deps/chunk-H4GK5U4X.js?v=7acbd541:1224:22)\n    at Object.resolve (http://localhost:5173/node_modules/.vite/deps/chunk-H4GK5U4X.js?v=7acbd541:2320:34)\n    at <unknown> (http://localhost:5173/node_modules/.vite/deps/chunk-H4GK5U4X.js?v=7acbd541:1597:39)\n    at ReactiveEffect.fn (http://localhost:5173/node_modules/.vite/deps/chunk-2FDUVFJ5.js?v=7acbd541:1237:13)\n    at ReactiveEffect.run (http://localhost:5173/node_modules/.vite/deps/chunk-2FDUVFJ5.js?v=7acbd541:430:19)\n    at get value [as value] (http://localhost:5173/node_modules/.vite/deps/chunk-2FDUVFJ5.js?v=7acbd541:1249:107)\n    at useLink (http://localhost:5173/node_modules/.vite/deps/chunk-H4GK5U4X.js?v=7acbd541:1633:22)\n    at setup (http://localhost:5173/node_modules/.vite/deps/chunk-H4GK5U4X.js?v=7acbd541:1674:27)\n    at callWithErrorHandling (http://localhost:5173/node_modules/.vite/deps/chunk-2FDUVFJ5.js?v=7acbd541:1660:19)",
                "diff": null
              },
              "uuid": "6471944b-d525-4d3a-a653-ea24b3b08f83",
              "parentUUID": "091ec38a-5c60-4ad2-9a68-72d92211d47f",
              "isHook": false,
              "skipped": false
            },
            {
              "title": "require minimum bid amount",
              "fullTitle": "Page /products/:productId require minimum bid amount",
              "timedOut": null,
              "duration": 534,
              "state": "failed",
              "speed": null,
              "pass": false,
              "fail": true,
              "pending": false,
              "context": null,
              "code": "// Note : Vérifie que le formulaire d'offre est validable seulement quand l'offre est supérieur au prix de départ et à la plus haute offre\ncy.visit(`http://localhost:5173/products/${_tokens.casserolesId}`, {\n  onBeforeLoad: function (window) {\n    window.localStorage.setItem(\"token\", _tokens.bobToken);\n  }\n});\ncy.get(\"[data-test-bid-form-price]\").type(\"{selectAll}{del}\").type(100);\ncy.get(\"[data-test-submit-bid]\").should(\"have.attr\", \"disabled\");\ncy.get(\"[data-test-bid-form-price]\").type(\"{selectAll}{del}\").type(200);\ncy.get(\"[data-test-submit-bid]\").should(\"not.have.attr\", \"disabled\");",
              "err": {
                "message": "Error: The following error originated from your application code, not from Cypress. It was caused by an unhandled promise rejection.\n\n  > Missing required param \"userId\"\n\nWhen Cypress detects uncaught errors originating from your application it will automatically fail the current test.\n\nThis behavior is configurable, and you can choose to turn this off by listening to the `uncaught:exception` event.\n\nhttps://on.cypress.io/uncaught-exception-from-application",
                "estack": "Error: The following error originated from your application code, not from Cypress. It was caused by an unhandled promise rejection.\n\n  > Missing required param \"userId\"\n\nWhen Cypress detects uncaught errors originating from your application it will automatically fail the current test.\n\nThis behavior is configurable, and you can choose to turn this off by listening to the `uncaught:exception` event.\n\nhttps://on.cypress.io/uncaught-exception-from-application\n    at Object.stringify (http://localhost:5173/node_modules/.vite/deps/chunk-H4GK5U4X.js?v=7acbd541:890:21)\n    at Object.resolve (http://localhost:5173/node_modules/.vite/deps/chunk-H4GK5U4X.js?v=7acbd541:1224:22)\n    at Object.resolve (http://localhost:5173/node_modules/.vite/deps/chunk-H4GK5U4X.js?v=7acbd541:2320:34)\n    at <unknown> (http://localhost:5173/node_modules/.vite/deps/chunk-H4GK5U4X.js?v=7acbd541:1597:39)\n    at ReactiveEffect.fn (http://localhost:5173/node_modules/.vite/deps/chunk-2FDUVFJ5.js?v=7acbd541:1237:13)\n    at ReactiveEffect.run (http://localhost:5173/node_modules/.vite/deps/chunk-2FDUVFJ5.js?v=7acbd541:430:19)\n    at get value [as value] (http://localhost:5173/node_modules/.vite/deps/chunk-2FDUVFJ5.js?v=7acbd541:1249:107)\n    at useLink (http://localhost:5173/node_modules/.vite/deps/chunk-H4GK5U4X.js?v=7acbd541:1633:22)\n    at setup (http://localhost:5173/node_modules/.vite/deps/chunk-H4GK5U4X.js?v=7acbd541:1674:27)\n    at callWithErrorHandling (http://localhost:5173/node_modules/.vite/deps/chunk-2FDUVFJ5.js?v=7acbd541:1660:19)",
                "diff": null
              },
              "uuid": "5c821a3d-8ca0-4da9-91bd-2fb5827b11fb",
              "parentUUID": "091ec38a-5c60-4ad2-9a68-72d92211d47f",
              "isHook": false,
              "skipped": false
            },
            {
              "title": "preset minimum bid amount",
              "fullTitle": "Page /products/:productId preset minimum bid amount",
              "timedOut": null,
              "duration": 378,
              "state": "failed",
              "speed": null,
              "pass": false,
              "fail": true,
              "pending": false,
              "context": null,
              "code": "// Note : Vérifie que le formulaire d'offre vaut part défaut le prix de la plus haute offre + 1€\n(0, _orm.createProduct)(\"futur\", _tokens.aliceToken).then(({\n  product\n}) => {\n  (0, _orm.createBid)(product.id, product.originalPrice, _tokens.bobToken).then(({\n    bid\n  }) => {\n    cy.visit(`http://localhost:5173/products/${product.id}`, {\n      onBeforeLoad: function (window) {\n        window.localStorage.setItem(\"token\", _tokens.charlyToken);\n      }\n    });\n    cy.get(\"[data-test-bid-form-price]\").should(\"have.value\", bid.price + 1);\n  });\n});",
              "err": {
                "message": "CypressError: `cy.request()` failed on:\n\nhttp://localhost:3000/api/products\n\nThe response we received from your web server was:\n\n  > 600: Unknown Status Code\n\nThis was considered a failure because the status code was not `2xx` or `3xx`.\n\nIf you do not want status codes to cause failures pass the option: `failOnStatusCode: false`\n\n-----------------------------------------------------------\n\nThe request we sent was:\n\nMethod: POST\nURL: http://localhost:3000/api/products\nHeaders: {\n  \"Connection\": \"keep-alive\",\n  \"Authorization\": \"Bearer eyJhbGciOiJIUzI1NiIsInR5cCI6IkpXVCJ9.eyJpZCI6IjFmMmZhZGIxLTBkN2UtNDdhNy05ZDViLWVkMDMxZDY2NWQzZSIsInVzZXJuYW1lIjoiYWxpY2UiLCJlbWFpbCI6ImFsaWNlQGV4YW1wbGUuY29tIiwiYWRtaW4iOmZhbHNlLCJpYXQiOjE2Nzk2MTMwMzh9.KcT42jbNXfNR-0I-bTc_qNdAuCid640tXpkzUtDCoao\",\n  \"user-agent\": \"Mozilla/5.0 (X11; Linux x86_64) AppleWebKit/537.36 (KHTML, like Gecko) HeadlessChrome/119.0.0.0 Safari/537.36\",\n  \"accept\": \"*/*\",\n  \"accept-encoding\": \"gzip, deflate\",\n  \"content-type\": \"application/json\",\n  \"content-length\": 235\n}\nBody: {\"name\":\"Aa Iliqua sed tempor\",\"description\":\"Dorem adipiscing do dolore eiusmod dolore et ipsum elit lorem\",\"category\":\"dolore\",\"originalPrice\":65,\"pictureUrl\":\"https://picsum.photos/id/8/512/512\",\"endDate\":\"2024-04-18T06:57:26.677Z\"}\n\n-----------------------------------------------------------\n\nThe response we got was:\n\nStatus: 600 - Unknown Status Code\nHeaders: {\n  \"x-powered-by\": \"Express\",\n  \"access-control-allow-origin\": \"*\",\n  \"date\": \"Mon, 08 Apr 2024 06:57:26 GMT\",\n  \"connection\": \"keep-alive\",\n  \"keep-alive\": \"timeout=5\",\n  \"content-length\": \"0\"\n}\n\n\nhttps://on.cypress.io/request",
                "estack": "CypressError: `cy.request()` failed on:\n\nhttp://localhost:3000/api/products\n\nThe response we received from your web server was:\n\n  > 600: Unknown Status Code\n\nThis was considered a failure because the status code was not `2xx` or `3xx`.\n\nIf you do not want status codes to cause failures pass the option: `failOnStatusCode: false`\n\n-----------------------------------------------------------\n\nThe request we sent was:\n\nMethod: POST\nURL: http://localhost:3000/api/products\nHeaders: {\n  \"Connection\": \"keep-alive\",\n  \"Authorization\": \"Bearer eyJhbGciOiJIUzI1NiIsInR5cCI6IkpXVCJ9.eyJpZCI6IjFmMmZhZGIxLTBkN2UtNDdhNy05ZDViLWVkMDMxZDY2NWQzZSIsInVzZXJuYW1lIjoiYWxpY2UiLCJlbWFpbCI6ImFsaWNlQGV4YW1wbGUuY29tIiwiYWRtaW4iOmZhbHNlLCJpYXQiOjE2Nzk2MTMwMzh9.KcT42jbNXfNR-0I-bTc_qNdAuCid640tXpkzUtDCoao\",\n  \"user-agent\": \"Mozilla/5.0 (X11; Linux x86_64) AppleWebKit/537.36 (KHTML, like Gecko) HeadlessChrome/119.0.0.0 Safari/537.36\",\n  \"accept\": \"*/*\",\n  \"accept-encoding\": \"gzip, deflate\",\n  \"content-type\": \"application/json\",\n  \"content-length\": 235\n}\nBody: {\"name\":\"Aa Iliqua sed tempor\",\"description\":\"Dorem adipiscing do dolore eiusmod dolore et ipsum elit lorem\",\"category\":\"dolore\",\"originalPrice\":65,\"pictureUrl\":\"https://picsum.photos/id/8/512/512\",\"endDate\":\"2024-04-18T06:57:26.677Z\"}\n\n-----------------------------------------------------------\n\nThe response we got was:\n\nStatus: 600 - Unknown Status Code\nHeaders: {\n  \"x-powered-by\": \"Express\",\n  \"access-control-allow-origin\": \"*\",\n  \"date\": \"Mon, 08 Apr 2024 06:57:26 GMT\",\n  \"connection\": \"keep-alive\",\n  \"keep-alive\": \"timeout=5\",\n  \"content-length\": \"0\"\n}\n\n\nhttps://on.cypress.io/request\n    at <unknown> (http://localhost:5173/__cypress/runner/cypress_runner.js:133123:72)\n    at tryCatcher (http://localhost:5173/__cypress/runner/cypress_runner.js:1807:23)\n    at Promise._settlePromiseFromHandler (http://localhost:5173/__cypress/runner/cypress_runner.js:1519:31)\n    at Promise._settlePromise (http://localhost:5173/__cypress/runner/cypress_runner.js:1576:18)\n    at Promise._settlePromise0 (http://localhost:5173/__cypress/runner/cypress_runner.js:1621:10)\n    at Promise._settlePromises (http://localhost:5173/__cypress/runner/cypress_runner.js:1701:18)\n    at _drainQueueStep (http://localhost:5173/__cypress/runner/cypress_runner.js:2407:12)\n    at _drainQueue (http://localhost:5173/__cypress/runner/cypress_runner.js:2400:9)\n    at Async._drainQueues (http://localhost:5173/__cypress/runner/cypress_runner.js:2416:5)\n    at Async.drainQueues (http://localhost:5173/__cypress/runner/cypress_runner.js:2286:14)\nFrom Your Spec Code:\n    at eval (webpack://frontend/./cypress/e2e/common/orm.js:37:7)\nat new Promise (<anonymous>)\n    at createProduct (webpack://frontend/./cypress/e2e/common/orm.js:36:9)\n    at Context.eval (webpack://frontend/./cypress/e2e/frontend/view-product.cy.js:320:18)\n    at runnable.fn (http://localhost:5173/__cypress/runner/cypress_runner.js:138654:19)\n    at callFn (http://localhost:5173/__cypress/runner/cypress_runner.js:157261:21)\n    at Runnable.run (http://localhost:5173/__cypress/runner/cypress_runner.js:157248:7)\n    at <unknown> (http://localhost:5173/__cypress/runner/cypress_runner.js:163172:30)",
                "diff": null
              },
              "uuid": "4c0189cc-8e3c-4a89-970c-464834e10a17",
              "parentUUID": "091ec38a-5c60-4ad2-9a68-72d92211d47f",
              "isHook": false,
              "skipped": false
            },
            {
              "title": "add a bid",
              "fullTitle": "Page /products/:productId add a bid",
              "timedOut": null,
              "duration": 564,
              "state": "failed",
              "speed": null,
              "pass": false,
              "fail": true,
              "pending": false,
              "context": null,
              "code": "// Note : Vérifie que la soumission du formulaire d'offre ajoute bien une offre\ncy.visit(`http://localhost:5173/products/${_tokens.casserolesId}`, {\n  onBeforeLoad: function (window) {\n    window.localStorage.setItem(\"token\", _tokens.bobToken);\n  }\n});\ncy.get(\"[data-test-bid-form-price]\").type(\"{selectAll}{del}\").type(200);\n(0, _orm.getProduct)(_tokens.casserolesId).then(({\n  product: productBeforeBidAddition\n}) => {\n  cy.get(\"[data-test-submit-bid]\").click();\n  (0, _orm.getProduct)(_tokens.casserolesId).then(({\n    product: productAfterBidAddition\n  }) => {\n    expect(productAfterBidAddition.bids.length).greaterThan(productBeforeBidAddition.bids.length);\n    const lastBid = productAfterBidAddition.bids[productAfterBidAddition.bids.length - 1];\n    expect(lastBid.price).to.eq(200);\n  });\n});",
              "err": {
                "message": "Error: The following error originated from your application code, not from Cypress. It was caused by an unhandled promise rejection.\n\n  > Missing required param \"userId\"\n\nWhen Cypress detects uncaught errors originating from your application it will automatically fail the current test.\n\nThis behavior is configurable, and you can choose to turn this off by listening to the `uncaught:exception` event.\n\nhttps://on.cypress.io/uncaught-exception-from-application",
                "estack": "Error: The following error originated from your application code, not from Cypress. It was caused by an unhandled promise rejection.\n\n  > Missing required param \"userId\"\n\nWhen Cypress detects uncaught errors originating from your application it will automatically fail the current test.\n\nThis behavior is configurable, and you can choose to turn this off by listening to the `uncaught:exception` event.\n\nhttps://on.cypress.io/uncaught-exception-from-application\n    at Object.stringify (http://localhost:5173/node_modules/.vite/deps/chunk-H4GK5U4X.js?v=7acbd541:890:21)\n    at Object.resolve (http://localhost:5173/node_modules/.vite/deps/chunk-H4GK5U4X.js?v=7acbd541:1224:22)\n    at Object.resolve (http://localhost:5173/node_modules/.vite/deps/chunk-H4GK5U4X.js?v=7acbd541:2320:34)\n    at <unknown> (http://localhost:5173/node_modules/.vite/deps/chunk-H4GK5U4X.js?v=7acbd541:1597:39)\n    at ReactiveEffect.fn (http://localhost:5173/node_modules/.vite/deps/chunk-2FDUVFJ5.js?v=7acbd541:1237:13)\n    at ReactiveEffect.run (http://localhost:5173/node_modules/.vite/deps/chunk-2FDUVFJ5.js?v=7acbd541:430:19)\n    at get value [as value] (http://localhost:5173/node_modules/.vite/deps/chunk-2FDUVFJ5.js?v=7acbd541:1249:107)\n    at useLink (http://localhost:5173/node_modules/.vite/deps/chunk-H4GK5U4X.js?v=7acbd541:1633:22)\n    at setup (http://localhost:5173/node_modules/.vite/deps/chunk-H4GK5U4X.js?v=7acbd541:1674:27)\n    at callWithErrorHandling (http://localhost:5173/node_modules/.vite/deps/chunk-2FDUVFJ5.js?v=7acbd541:1660:19)",
                "diff": null
              },
              "uuid": "4d19228d-0689-4136-8bc0-c7b37fe9c350",
              "parentUUID": "091ec38a-5c60-4ad2-9a68-72d92211d47f",
              "isHook": false,
              "skipped": false
            },
            {
              "title": "pending countdown",
              "fullTitle": "Page /products/:productId pending countdown",
              "timedOut": null,
              "duration": 354,
              "state": "failed",
              "speed": null,
              "pass": false,
              "fail": true,
              "pending": false,
              "context": null,
              "code": "// Note : Vérifie le décompte du compte à rebours, afficher au format 9j 23h 59m 59s\n(0, _orm.createProduct)(\"ten_days_later\").then(({\n  product\n}) => {\n  cy.visit(`http://localhost:5173/products/${product.id}`);\n  cy.get(\"[data-test-countdown]\").should(\"contain.text\", \"9j 23h 59min\");\n  cy.get(\"[data-test-countdown]\").then(el => {\n    const instantOne = el.text();\n    expect(instantOne).to.match(/\\ds$/);\n    // eslint-disable-next-line cypress/no-unnecessary-waiting\n    cy.wait(1000);\n    cy.get(\"[data-test-countdown]\").then(el => {\n      const instantTwo = el.text();\n      expect(instantOne).to.match(/\\ds$/);\n      // eslint-disable-next-line cypress/no-unnecessary-waiting\n      cy.wait(1000);\n      expect(instantTwo).not.eq(instantOne);\n      cy.get(\"[data-test-countdown]\").then(el => {\n        const instantThree = el.text();\n        expect(instantOne).to.match(/\\ds$/);\n        // eslint-disable-next-line cypress/no-unnecessary-waiting\n        cy.wait(1000);\n        expect(instantThree).not.eq(instantTwo);\n      });\n    });\n  });\n});",
              "err": {
                "message": "CypressError: `cy.request()` failed on:\n\nhttp://localhost:3000/api/products\n\nThe response we received from your web server was:\n\n  > 600: Unknown Status Code\n\nThis was considered a failure because the status code was not `2xx` or `3xx`.\n\nIf you do not want status codes to cause failures pass the option: `failOnStatusCode: false`\n\n-----------------------------------------------------------\n\nThe request we sent was:\n\nMethod: POST\nURL: http://localhost:3000/api/products\nHeaders: {\n  \"Connection\": \"keep-alive\",\n  \"Authorization\": \"Bearer eyJhbGciOiJIUzI1NiIsInR5cCI6IkpXVCJ9.eyJpZCI6IjFmMmZhZGIxLTBkN2UtNDdhNy05ZDViLWVkMDMxZDY2NWQzZSIsInVzZXJuYW1lIjoiYWxpY2UiLCJlbWFpbCI6ImFsaWNlQGV4YW1wbGUuY29tIiwiYWRtaW4iOmZhbHNlLCJpYXQiOjE2Nzk2MTMwMzh9.KcT42jbNXfNR-0I-bTc_qNdAuCid640tXpkzUtDCoao\",\n  \"user-agent\": \"Mozilla/5.0 (X11; Linux x86_64) AppleWebKit/537.36 (KHTML, like Gecko) HeadlessChrome/119.0.0.0 Safari/537.36\",\n  \"accept\": \"*/*\",\n  \"accept-encoding\": \"gzip, deflate\",\n  \"content-type\": \"application/json\",\n  \"content-length\": 247\n}\nBody: {\"name\":\"Aa Sabore dolor magna\",\"description\":\"Eagna lorem incididunt ut et do incididunt lorem incididunt eiusmod\",\"category\":\"consectetur\",\"originalPrice\":14,\"pictureUrl\":\"https://picsum.photos/id/7/512/512\",\"endDate\":\"2024-04-18T06:57:27.758Z\"}\n\n-----------------------------------------------------------\n\nThe response we got was:\n\nStatus: 600 - Unknown Status Code\nHeaders: {\n  \"x-powered-by\": \"Express\",\n  \"access-control-allow-origin\": \"*\",\n  \"date\": \"Mon, 08 Apr 2024 06:57:27 GMT\",\n  \"connection\": \"keep-alive\",\n  \"keep-alive\": \"timeout=5\",\n  \"content-length\": \"0\"\n}\n\n\nhttps://on.cypress.io/request",
                "estack": "CypressError: `cy.request()` failed on:\n\nhttp://localhost:3000/api/products\n\nThe response we received from your web server was:\n\n  > 600: Unknown Status Code\n\nThis was considered a failure because the status code was not `2xx` or `3xx`.\n\nIf you do not want status codes to cause failures pass the option: `failOnStatusCode: false`\n\n-----------------------------------------------------------\n\nThe request we sent was:\n\nMethod: POST\nURL: http://localhost:3000/api/products\nHeaders: {\n  \"Connection\": \"keep-alive\",\n  \"Authorization\": \"Bearer eyJhbGciOiJIUzI1NiIsInR5cCI6IkpXVCJ9.eyJpZCI6IjFmMmZhZGIxLTBkN2UtNDdhNy05ZDViLWVkMDMxZDY2NWQzZSIsInVzZXJuYW1lIjoiYWxpY2UiLCJlbWFpbCI6ImFsaWNlQGV4YW1wbGUuY29tIiwiYWRtaW4iOmZhbHNlLCJpYXQiOjE2Nzk2MTMwMzh9.KcT42jbNXfNR-0I-bTc_qNdAuCid640tXpkzUtDCoao\",\n  \"user-agent\": \"Mozilla/5.0 (X11; Linux x86_64) AppleWebKit/537.36 (KHTML, like Gecko) HeadlessChrome/119.0.0.0 Safari/537.36\",\n  \"accept\": \"*/*\",\n  \"accept-encoding\": \"gzip, deflate\",\n  \"content-type\": \"application/json\",\n  \"content-length\": 247\n}\nBody: {\"name\":\"Aa Sabore dolor magna\",\"description\":\"Eagna lorem incididunt ut et do incididunt lorem incididunt eiusmod\",\"category\":\"consectetur\",\"originalPrice\":14,\"pictureUrl\":\"https://picsum.photos/id/7/512/512\",\"endDate\":\"2024-04-18T06:57:27.758Z\"}\n\n-----------------------------------------------------------\n\nThe response we got was:\n\nStatus: 600 - Unknown Status Code\nHeaders: {\n  \"x-powered-by\": \"Express\",\n  \"access-control-allow-origin\": \"*\",\n  \"date\": \"Mon, 08 Apr 2024 06:57:27 GMT\",\n  \"connection\": \"keep-alive\",\n  \"keep-alive\": \"timeout=5\",\n  \"content-length\": \"0\"\n}\n\n\nhttps://on.cypress.io/request\n    at <unknown> (http://localhost:5173/__cypress/runner/cypress_runner.js:133123:72)\n    at tryCatcher (http://localhost:5173/__cypress/runner/cypress_runner.js:1807:23)\n    at Promise._settlePromiseFromHandler (http://localhost:5173/__cypress/runner/cypress_runner.js:1519:31)\n    at Promise._settlePromise (http://localhost:5173/__cypress/runner/cypress_runner.js:1576:18)\n    at Promise._settlePromise0 (http://localhost:5173/__cypress/runner/cypress_runner.js:1621:10)\n    at Promise._settlePromises (http://localhost:5173/__cypress/runner/cypress_runner.js:1701:18)\n    at _drainQueueStep (http://localhost:5173/__cypress/runner/cypress_runner.js:2407:12)\n    at _drainQueue (http://localhost:5173/__cypress/runner/cypress_runner.js:2400:9)\n    at Async._drainQueues (http://localhost:5173/__cypress/runner/cypress_runner.js:2416:5)\n    at Async.drainQueues (http://localhost:5173/__cypress/runner/cypress_runner.js:2286:14)\nFrom Your Spec Code:\n    at eval (webpack://frontend/./cypress/e2e/common/orm.js:37:7)\nat new Promise (<anonymous>)\n    at createProduct (webpack://frontend/./cypress/e2e/common/orm.js:36:9)\n    at Context.eval (webpack://frontend/./cypress/e2e/frontend/view-product.cy.js:364:18)\n    at runnable.fn (http://localhost:5173/__cypress/runner/cypress_runner.js:138654:19)\n    at callFn (http://localhost:5173/__cypress/runner/cypress_runner.js:157261:21)\n    at Runnable.run (http://localhost:5173/__cypress/runner/cypress_runner.js:157248:7)\n    at <unknown> (http://localhost:5173/__cypress/runner/cypress_runner.js:163172:30)",
                "diff": null
              },
              "uuid": "8d6b9ae7-b334-45a8-bc26-b7a3b25a1ef9",
              "parentUUID": "091ec38a-5c60-4ad2-9a68-72d92211d47f",
              "isHook": false,
              "skipped": false
            },
            {
              "title": "loading",
              "fullTitle": "Page /products/:productId loading",
              "timedOut": null,
              "duration": 550,
              "state": "failed",
              "speed": null,
              "pass": false,
              "fail": true,
              "pending": false,
              "context": null,
              "code": "// Note : Vérifie la présence d'un spinner au chargement\ncy.intercept(\"http://localhost:3000/api/products\", {\n  delay: 10000\n});\ncy.visit(`http://localhost:5173/products/${_tokens.casserolesId}`);\ncy.get(\"[data-test-loading]\").should(\"exist\");\ncy.get(\"[data-test-error]\").should(\"not.exist\");\ncy.get(\"[data-test-product]\").should(\"not.exist\");",
              "err": {
                "message": "Error: The following error originated from your application code, not from Cypress. It was caused by an unhandled promise rejection.\n\n  > Missing required param \"userId\"\n\nWhen Cypress detects uncaught errors originating from your application it will automatically fail the current test.\n\nThis behavior is configurable, and you can choose to turn this off by listening to the `uncaught:exception` event.\n\nhttps://on.cypress.io/uncaught-exception-from-application",
                "estack": "Error: The following error originated from your application code, not from Cypress. It was caused by an unhandled promise rejection.\n\n  > Missing required param \"userId\"\n\nWhen Cypress detects uncaught errors originating from your application it will automatically fail the current test.\n\nThis behavior is configurable, and you can choose to turn this off by listening to the `uncaught:exception` event.\n\nhttps://on.cypress.io/uncaught-exception-from-application\n    at Object.stringify (http://localhost:5173/node_modules/.vite/deps/chunk-H4GK5U4X.js?v=7acbd541:890:21)\n    at Object.resolve (http://localhost:5173/node_modules/.vite/deps/chunk-H4GK5U4X.js?v=7acbd541:1224:22)\n    at Object.resolve (http://localhost:5173/node_modules/.vite/deps/chunk-H4GK5U4X.js?v=7acbd541:2320:34)\n    at <unknown> (http://localhost:5173/node_modules/.vite/deps/chunk-H4GK5U4X.js?v=7acbd541:1597:39)\n    at ReactiveEffect.fn (http://localhost:5173/node_modules/.vite/deps/chunk-2FDUVFJ5.js?v=7acbd541:1237:13)\n    at ReactiveEffect.run (http://localhost:5173/node_modules/.vite/deps/chunk-2FDUVFJ5.js?v=7acbd541:430:19)\n    at get value [as value] (http://localhost:5173/node_modules/.vite/deps/chunk-2FDUVFJ5.js?v=7acbd541:1249:107)\n    at useLink (http://localhost:5173/node_modules/.vite/deps/chunk-H4GK5U4X.js?v=7acbd541:1633:22)\n    at setup (http://localhost:5173/node_modules/.vite/deps/chunk-H4GK5U4X.js?v=7acbd541:1674:27)\n    at callWithErrorHandling (http://localhost:5173/node_modules/.vite/deps/chunk-2FDUVFJ5.js?v=7acbd541:1660:19)",
                "diff": null
              },
              "uuid": "8ec3a167-023e-4470-af77-8aa35867a40d",
              "parentUUID": "091ec38a-5c60-4ad2-9a68-72d92211d47f",
              "isHook": false,
              "skipped": false
            },
            {
              "title": "error message",
              "fullTitle": "Page /products/:productId error message",
              "timedOut": null,
              "duration": 587,
              "state": "failed",
              "speed": null,
              "pass": false,
              "fail": true,
              "pending": false,
              "context": null,
              "code": "// Note : Vérifie la présence d'une erreur en cas d'échec de chargement\ncy.intercept(`http://localhost:3000/api/products/${_tokens.casserolesId}`, {\n  statusCode: 500\n});\ncy.visit(`http://localhost:5173/products/${_tokens.casserolesId}`);\ncy.get(\"[data-test-loading]\").should(\"not.exist\");\ncy.get(\"[data-test-error]\").should(\"exist\");\ncy.get(\"[data-test-product]\").should(\"not.exist\");",
              "err": {
                "message": "Error: The following error originated from your application code, not from Cypress. It was caused by an unhandled promise rejection.\n\n  > Missing required param \"userId\"\n\nWhen Cypress detects uncaught errors originating from your application it will automatically fail the current test.\n\nThis behavior is configurable, and you can choose to turn this off by listening to the `uncaught:exception` event.\n\nhttps://on.cypress.io/uncaught-exception-from-application",
                "estack": "Error: The following error originated from your application code, not from Cypress. It was caused by an unhandled promise rejection.\n\n  > Missing required param \"userId\"\n\nWhen Cypress detects uncaught errors originating from your application it will automatically fail the current test.\n\nThis behavior is configurable, and you can choose to turn this off by listening to the `uncaught:exception` event.\n\nhttps://on.cypress.io/uncaught-exception-from-application\n    at Object.stringify (http://localhost:5173/node_modules/.vite/deps/chunk-H4GK5U4X.js?v=7acbd541:890:21)\n    at Object.resolve (http://localhost:5173/node_modules/.vite/deps/chunk-H4GK5U4X.js?v=7acbd541:1224:22)\n    at Object.resolve (http://localhost:5173/node_modules/.vite/deps/chunk-H4GK5U4X.js?v=7acbd541:2320:34)\n    at <unknown> (http://localhost:5173/node_modules/.vite/deps/chunk-H4GK5U4X.js?v=7acbd541:1597:39)\n    at ReactiveEffect.fn (http://localhost:5173/node_modules/.vite/deps/chunk-2FDUVFJ5.js?v=7acbd541:1237:13)\n    at ReactiveEffect.run (http://localhost:5173/node_modules/.vite/deps/chunk-2FDUVFJ5.js?v=7acbd541:430:19)\n    at get value [as value] (http://localhost:5173/node_modules/.vite/deps/chunk-2FDUVFJ5.js?v=7acbd541:1249:107)\n    at useLink (http://localhost:5173/node_modules/.vite/deps/chunk-H4GK5U4X.js?v=7acbd541:1633:22)\n    at setup (http://localhost:5173/node_modules/.vite/deps/chunk-H4GK5U4X.js?v=7acbd541:1674:27)\n    at callWithErrorHandling (http://localhost:5173/node_modules/.vite/deps/chunk-2FDUVFJ5.js?v=7acbd541:1660:19)",
                "diff": null
              },
              "uuid": "5d534d0d-9c03-4100-abb1-61a52dce8f7a",
              "parentUUID": "091ec38a-5c60-4ad2-9a68-72d92211d47f",
              "isHook": false,
              "skipped": false
            },
            {
              "title": "ready",
              "fullTitle": "Page /products/:productId ready",
              "timedOut": null,
              "duration": 618,
              "state": "failed",
              "speed": null,
              "pass": false,
              "fail": true,
              "pending": false,
              "context": null,
              "code": "// Note : Vérifie la présence du contenu quand tout s'est bien chargé\ncy.intercept(`http://localhost:3000/api/products/${_tokens.casserolesId}`);\ncy.visit(`http://localhost:5173/products/${_tokens.casserolesId}`);\ncy.get(\"[data-test-loading]\").should(\"not.exist\");\ncy.get(\"[data-test-error]\").should(\"not.exist\");\ncy.get(\"[data-test-product]\").should(\"exist\");",
              "err": {
                "message": "Error: The following error originated from your application code, not from Cypress. It was caused by an unhandled promise rejection.\n\n  > Missing required param \"userId\"\n\nWhen Cypress detects uncaught errors originating from your application it will automatically fail the current test.\n\nThis behavior is configurable, and you can choose to turn this off by listening to the `uncaught:exception` event.\n\nhttps://on.cypress.io/uncaught-exception-from-application",
                "estack": "Error: The following error originated from your application code, not from Cypress. It was caused by an unhandled promise rejection.\n\n  > Missing required param \"userId\"\n\nWhen Cypress detects uncaught errors originating from your application it will automatically fail the current test.\n\nThis behavior is configurable, and you can choose to turn this off by listening to the `uncaught:exception` event.\n\nhttps://on.cypress.io/uncaught-exception-from-application\n    at Object.stringify (http://localhost:5173/node_modules/.vite/deps/chunk-H4GK5U4X.js?v=7acbd541:890:21)\n    at Object.resolve (http://localhost:5173/node_modules/.vite/deps/chunk-H4GK5U4X.js?v=7acbd541:1224:22)\n    at Object.resolve (http://localhost:5173/node_modules/.vite/deps/chunk-H4GK5U4X.js?v=7acbd541:2320:34)\n    at <unknown> (http://localhost:5173/node_modules/.vite/deps/chunk-H4GK5U4X.js?v=7acbd541:1597:39)\n    at ReactiveEffect.fn (http://localhost:5173/node_modules/.vite/deps/chunk-2FDUVFJ5.js?v=7acbd541:1237:13)\n    at ReactiveEffect.run (http://localhost:5173/node_modules/.vite/deps/chunk-2FDUVFJ5.js?v=7acbd541:430:19)\n    at get value [as value] (http://localhost:5173/node_modules/.vite/deps/chunk-2FDUVFJ5.js?v=7acbd541:1249:107)\n    at useLink (http://localhost:5173/node_modules/.vite/deps/chunk-H4GK5U4X.js?v=7acbd541:1633:22)\n    at setup (http://localhost:5173/node_modules/.vite/deps/chunk-H4GK5U4X.js?v=7acbd541:1674:27)\n    at callWithErrorHandling (http://localhost:5173/node_modules/.vite/deps/chunk-2FDUVFJ5.js?v=7acbd541:1660:19)",
                "diff": null
              },
              "uuid": "b924d462-ca01-488e-9b06-259953edecbb",
              "parentUUID": "091ec38a-5c60-4ad2-9a68-72d92211d47f",
              "isHook": false,
              "skipped": false
            }
          ],
          "suites": [],
          "passes": [],
          "failures": [
            "bcaa7685-ce09-41b1-b8f0-2269297c4735",
            "5812a5f5-7cfa-43a3-b0f1-a4d652ee215d",
            "486624a1-b7f7-4d71-abe0-28910d4f3cf7",
            "559fefef-8ca8-4f5d-ae66-24f2b4b13b8b",
            "345dd96a-f831-419d-a6c6-fd7817b9e131",
            "9c885e61-3c78-4adc-bfa8-0e9bc1bd1d18",
            "c886db35-0bd8-4a68-b876-129e062c6aa7",
            "84c19bfa-bd43-4028-a1a7-e032e2e157f9",
            "21628145-05d9-40ad-80fd-c20396dc58ec",
            "11ff9aa8-f73c-4353-b982-7bd409afcd5e",
            "0194d306-7848-4b2f-8e4c-109fd0591840",
            "a710a0e7-0aa9-4c27-b638-c3685d213d36",
            "3d04ed97-3028-4542-8101-db8d533ae70d",
            "6471944b-d525-4d3a-a653-ea24b3b08f83",
            "5c821a3d-8ca0-4da9-91bd-2fb5827b11fb",
            "4c0189cc-8e3c-4a89-970c-464834e10a17",
            "4d19228d-0689-4136-8bc0-c7b37fe9c350",
            "8d6b9ae7-b334-45a8-bc26-b7a3b25a1ef9",
            "8ec3a167-023e-4470-af77-8aa35867a40d",
            "5d534d0d-9c03-4100-abb1-61a52dce8f7a",
            "b924d462-ca01-488e-9b06-259953edecbb"
          ],
          "pending": [],
          "skipped": [],
          "duration": 10369,
          "root": false,
          "rootEmpty": false,
          "_timeout": 2000
        }
      ],
      "passes": [],
      "failures": [],
      "pending": [],
      "skipped": [],
      "duration": 0,
      "root": true,
      "rootEmpty": true,
      "_timeout": 2000
    }
  ],
  "meta": {
    "mocha": {
      "version": "7.0.1"
    },
    "mochawesome": {
      "options": {
        "quiet": false,
        "reportFilename": "mochawesome",
        "saveHtml": false,
        "saveJson": true,
        "consoleReporter": "spec",
        "useInlineDiffs": false,
        "code": true
      },
      "version": "7.1.3"
    },
    "marge": {
      "options": {
        "reportDir": "cypress/results",
        "overwrite": false,
        "html": false,
        "json": true
      },
      "version": "6.2.0"
    }
  }
}