{
  "stats": {
    "suites": 2,
    "tests": 9,
    "passes": 5,
    "pending": 0,
    "failures": 4,
    "start": "2024-04-15T00:22:00.314Z",
    "end": "2024-04-15T00:22:39.060Z",
    "duration": 38746,
    "testsRegistered": 9,
    "passPercent": 55.55555555555556,
    "pendingPercent": 0,
    "other": 0,
    "hasOther": false,
    "skipped": 0,
    "hasSkipped": false
  },
  "results": [
    {
      "uuid": "5b7426c1-1ae0-43fb-b060-92a0c3ecd163",
      "title": "",
      "fullFile": "cypress\\e2e\\frontend\\user.cy.js",
      "file": "cypress\\e2e\\frontend\\user.cy.js",
      "beforeHooks": [],
      "afterHooks": [],
      "tests": [],
      "suites": [
        {
          "uuid": "14b1f9a5-77bb-4e40-bb02-9d7dc7184fc8",
          "title": "Page /users/:userId",
          "fullFile": "",
          "file": "",
          "beforeHooks": [],
          "afterHooks": [],
          "tests": [
            {
              "title": "display products",
              "fullTitle": "Page /users/:userId display products",
              "timedOut": null,
              "duration": 855,
              "state": "passed",
              "speed": "fast",
              "pass": true,
              "fail": false,
              "pending": false,
              "context": null,
              "code": "// Note : Test le scénario de récupération et d'affichage des produits\n(0, _orm.createProduct)().then(({\n  product\n}) => {\n  cy.visit(`http://localhost:5173/users/${_tokens.aliceId}`);\n  cy.get(\"[data-test-product]\").should(\"have.length\", 8);\n  cy.get(\"[data-test-product]\").last().find(\"[data-test-product-name]\").should(\"have.text\", product.name).invoke(\"attr\", \"href\").should(\"contain\", product.id);\n  cy.get(\"[data-test-product]\").last().find(\"[data-test-product-description]\").should(\"have.text\", product.description);\n  cy.get(\"[data-test-product]\").last().find(\"[data-test-product-price]\").should(\"contain.text\", product.originalPrice + \" €\");\n  cy.get(\"[data-test-product]\").last().find(\"[data-test-product-picture]\").invoke(\"attr\", \"src\").should(\"eq\", product.pictureUrl);\n});",
              "err": {},
              "uuid": "90c12ebf-dc27-4dd1-bc6b-ec4f763bd93d",
              "parentUUID": "14b1f9a5-77bb-4e40-bb02-9d7dc7184fc8",
              "isHook": false,
              "skipped": false
            },
            {
              "title": "display bids",
              "fullTitle": "Page /users/:userId display bids",
              "timedOut": null,
              "duration": 351,
              "state": "passed",
              "speed": "fast",
              "pass": true,
              "fail": false,
              "pending": false,
              "context": null,
              "code": "// Note : Test le scénario de récupération et d'affichage des offres\n(0, _orm.createProduct)(\"futur\", _tokens.bobToken).then(({\n  product\n}) => {\n  (0, _orm.createBid)(product.id, product.originalPrice, _tokens.aliceToken).then(({\n    bid\n  }) => {\n    cy.visit(`http://localhost:5173/users/${_tokens.aliceId}`);\n    cy.get(\"[data-test-bid]\").should(\"exist\");\n    cy.get(`[data-test-bid-product][href$=\"${product.id}\"]`).should(\"exist\").first().closest(\"[data-test-bid]\").then(el => {\n      cy.wrap(el).find(\"[data-test-bid-product]\").should(\"have.text\", product.name);\n      cy.wrap(el).find(\"[data-test-bid-price]\").should(\"have.text\", bid.price + \" €\");\n      cy.wrap(el).find(\"[data-test-bid-date]\").should(\"contain.text\", new Date().getDate()).should(\"contain.text\", new Date().getMonth() + 1).should(\"contain.text\", new Date().getFullYear());\n    });\n  });\n});",
              "err": {},
              "uuid": "d36c26e7-3500-410f-bc52-03babf17f8c0",
              "parentUUID": "14b1f9a5-77bb-4e40-bb02-9d7dc7184fc8",
              "isHook": false,
              "skipped": false
            },
            {
              "title": "no admin badge",
              "fullTitle": "Page /users/:userId no admin badge",
              "timedOut": null,
              "duration": 8180,
              "state": "failed",
              "speed": null,
              "pass": false,
              "fail": true,
              "pending": false,
              "context": null,
              "code": "// Note : Vérifie qu'un utilisateur a un badge admin si et seulement si il est admin\ncy.visit(`http://localhost:5173/users/${_tokens.aliceId}`);\ncy.get(\"[data-test-admin]\").should(\"not.exist\");\ncy.visit(`http://localhost:5173/users/${_tokens.adminId}`);\ncy.get(\"[data-test-admin]\").should(\"exist\");",
              "err": {
                "message": "AssertionError: Timed out retrying after 4000ms: Expected to find element: `[data-test-admin]`, but never found it.",
                "estack": "AssertionError: Timed out retrying after 4000ms: Expected to find element: `[data-test-admin]`, but never found it.\n    at Context.eval (webpack://frontend/./cypress/e2e/frontend/user.cy.js:92:32)\n    at runnable.fn (http://localhost:5173/__cypress/runner/cypress_runner.js:138654:19)\n    at callFn (http://localhost:5173/__cypress/runner/cypress_runner.js:157265:21)\n    at Runnable.run (http://localhost:5173/__cypress/runner/cypress_runner.js:157252:7)\n    at <unknown> (http://localhost:5173/__cypress/runner/cypress_runner.js:163176:30)\n    at PassThroughHandlerContext.finallyHandler (http://localhost:5173/__cypress/runner/cypress_runner.js:4072:23)\n    at PassThroughHandlerContext.tryCatcher (http://localhost:5173/__cypress/runner/cypress_runner.js:1807:23)\n    at Promise._settlePromiseFromHandler (http://localhost:5173/__cypress/runner/cypress_runner.js:1519:31)",
                "diff": null
              },
              "uuid": "15239429-20b7-45d3-bc81-69c3c3242055",
              "parentUUID": "14b1f9a5-77bb-4e40-bb02-9d7dc7184fc8",
              "isHook": false,
              "skipped": false
            },
            {
              "title": "loading",
              "fullTitle": "Page /users/:userId loading",
              "timedOut": null,
              "duration": 1840,
              "state": "passed",
              "speed": "fast",
              "pass": true,
              "fail": false,
              "pending": false,
              "context": null,
              "code": "// Note : Vérifie la présence d'un spinner au chargement\ncy.intercept(`http://localhost:3000/api/users/${_tokens.aliceId}`, {\n  delay: 10000\n});\ncy.visit(`http://localhost:5173/users/${_tokens.aliceId}`);\ncy.get(\"[data-test-loading]\").should(\"exist\");\ncy.get(\"[data-test-view]\").should(\"not.exist\");\ncy.get(\"[data-test-error]\").should(\"not.exist\");",
              "err": {},
              "uuid": "53ce71c7-c264-4875-bfb1-f5e411d26244",
              "parentUUID": "14b1f9a5-77bb-4e40-bb02-9d7dc7184fc8",
              "isHook": false,
              "skipped": false
            },
            {
              "title": "error",
              "fullTitle": "Page /users/:userId error",
              "timedOut": null,
              "duration": 1874,
              "state": "passed",
              "speed": "fast",
              "pass": true,
              "fail": false,
              "pending": false,
              "context": null,
              "code": "// Note : Vérifie la présence d'une erreur en cas d'échec de chargement\ncy.intercept(`http://localhost:3000/api/users/${_tokens.aliceId}`, {\n  statusCode: 500\n});\ncy.visit(`http://localhost:5173/users/${_tokens.aliceId}`);\ncy.get(\"[data-test-error]\").should(\"exist\");\ncy.get(\"[data-test-loading]\").should(\"not.exist\");\ncy.get(\"[data-test-view]\").should(\"not.exist\");",
              "err": {},
              "uuid": "726e98c6-0c2e-434c-a280-0119014fce6f",
              "parentUUID": "14b1f9a5-77bb-4e40-bb02-9d7dc7184fc8",
              "isHook": false,
              "skipped": false
            },
            {
              "title": "ready",
              "fullTitle": "Page /users/:userId ready",
              "timedOut": null,
              "duration": 1836,
              "state": "passed",
              "speed": "fast",
              "pass": true,
              "fail": false,
              "pending": false,
              "context": null,
              "code": "// Note : Vérifie la présence du contenu quand tout s'est bien chargé\ncy.visit(`http://localhost:5173/users/${_tokens.aliceId}`);\ncy.get(\"[data-test-error]\").should(\"not.exist\");\ncy.get(\"[data-test-loading]\").should(\"not.exist\");\ncy.get(\"[data-test-view]\").should(\"exist\");",
              "err": {},
              "uuid": "1add7dd7-bd98-414c-8986-56a8a22c7bee",
              "parentUUID": "14b1f9a5-77bb-4e40-bb02-9d7dc7184fc8",
              "isHook": false,
              "skipped": false
            }
          ],
          "suites": [],
          "passes": [
            "90c12ebf-dc27-4dd1-bc6b-ec4f763bd93d",
            "d36c26e7-3500-410f-bc52-03babf17f8c0",
            "53ce71c7-c264-4875-bfb1-f5e411d26244",
            "726e98c6-0c2e-434c-a280-0119014fce6f",
            "1add7dd7-bd98-414c-8986-56a8a22c7bee"
          ],
          "failures": [
            "15239429-20b7-45d3-bc81-69c3c3242055"
          ],
          "pending": [],
          "skipped": [],
          "duration": 14936,
          "root": false,
          "rootEmpty": false,
          "_timeout": 2000
        },
        {
          "uuid": "d3bba7f5-de2d-4293-8cde-7519582fac6d",
          "title": "Page /users/me",
          "fullFile": "",
          "file": "",
          "beforeHooks": [],
          "afterHooks": [],
          "tests": [
            {
              "title": "me as alice",
              "fullTitle": "Page /users/me me as alice",
              "timedOut": null,
              "duration": 5438,
              "state": "failed",
              "speed": null,
              "pass": false,
              "fail": true,
              "pending": false,
              "context": null,
              "code": "// Note : Vérifie que le contenu de la page est bien celui de l'utilisateur courant\ncy.visit(`http://localhost:5173/users/me`, {\n  onBeforeLoad: function (window) {\n    window.localStorage.setItem(\"token\", _tokens.aliceToken);\n  }\n});\ncy.get(\"[data-test-username]\").should(\"contain.text\", \"alice\");\ncy.get(\"[data-test-product]\").should(\"have.length\", 7);",
              "err": {
                "message": "AssertionError: Timed out retrying after 4000ms: expected '<h1.text-center>' to contain text 'alice', but the text was ' Utilisateur charly '",
                "estack": "AssertionError: Timed out retrying after 4000ms: expected '<h1.text-center>' to contain text 'alice', but the text was ' Utilisateur charly '\n    at Context.eval (webpack://frontend/./cypress/e2e/frontend/user.cy.js:144:35)\n    at runnable.fn (http://localhost:5173/__cypress/runner/cypress_runner.js:138654:19)\n    at callFn (http://localhost:5173/__cypress/runner/cypress_runner.js:157265:21)\n    at Runnable.run (http://localhost:5173/__cypress/runner/cypress_runner.js:157252:7)\n    at <unknown> (http://localhost:5173/__cypress/runner/cypress_runner.js:163176:30)\n    at PassThroughHandlerContext.finallyHandler (http://localhost:5173/__cypress/runner/cypress_runner.js:4072:23)\n    at PassThroughHandlerContext.tryCatcher (http://localhost:5173/__cypress/runner/cypress_runner.js:1807:23)\n    at Promise._settlePromiseFromHandler (http://localhost:5173/__cypress/runner/cypress_runner.js:1519:31)",
                "diff": "- ' Utilisateur charly '\n+ 'alice'\n"
              },
              "uuid": "ffea4f07-a951-45df-8893-bc9daaa402ff",
              "parentUUID": "d3bba7f5-de2d-4293-8cde-7519582fac6d",
              "isHook": false,
              "skipped": false
            },
            {
              "title": "me as bob",
              "fullTitle": "Page /users/me me as bob",
              "timedOut": null,
              "duration": 5710,
              "state": "failed",
              "speed": null,
              "pass": false,
              "fail": true,
              "pending": false,
              "context": null,
              "code": "// Note : Vérifie que le contenu de la page est bien celui de l'utilisateur courant\ncy.visit(`http://localhost:5173/users/me`, {\n  onBeforeLoad: function (window) {\n    window.localStorage.setItem(\"token\", _tokens.bobToken);\n  }\n});\ncy.get(\"[data-test-username]\").should(\"contain.text\", \"bob\");\ncy.get(\"[data-test-product]\").should(\"have.length\", 3);",
              "err": {
                "message": "AssertionError: Timed out retrying after 4000ms: expected '<h1.text-center>' to contain text 'bob', but the text was ' Utilisateur charly '",
                "estack": "AssertionError: Timed out retrying after 4000ms: expected '<h1.text-center>' to contain text 'bob', but the text was ' Utilisateur charly '\n    at Context.eval (webpack://frontend/./cypress/e2e/frontend/user.cy.js:157:35)\n    at runnable.fn (http://localhost:5173/__cypress/runner/cypress_runner.js:138654:19)\n    at callFn (http://localhost:5173/__cypress/runner/cypress_runner.js:157265:21)\n    at Runnable.run (http://localhost:5173/__cypress/runner/cypress_runner.js:157252:7)\n    at <unknown> (http://localhost:5173/__cypress/runner/cypress_runner.js:163176:30)\n    at PassThroughHandlerContext.finallyHandler (http://localhost:5173/__cypress/runner/cypress_runner.js:4072:23)\n    at PassThroughHandlerContext.tryCatcher (http://localhost:5173/__cypress/runner/cypress_runner.js:1807:23)\n    at Promise._settlePromiseFromHandler (http://localhost:5173/__cypress/runner/cypress_runner.js:1519:31)",
                "diff": "- ' Utilisateur charly '\n+ 'bob'\n"
              },
              "uuid": "bdad8159-a797-4087-a027-dfdbfb5b7e26",
              "parentUUID": "d3bba7f5-de2d-4293-8cde-7519582fac6d",
              "isHook": false,
              "skipped": false
            },
            {
              "title": "me as admin",
              "fullTitle": "Page /users/me me as admin",
              "timedOut": null,
              "duration": 6657,
              "state": "failed",
              "speed": null,
              "pass": false,
              "fail": true,
              "pending": false,
              "context": null,
              "code": "// Note : Vérifie que le contenu de la page est bien celui de l'utilisateur courant\ncy.visit(`http://localhost:5173/users/me`, {\n  onBeforeLoad: function (window) {\n    window.localStorage.setItem(\"token\", _tokens.adminToken);\n  }\n});\ncy.get(\"[data-test-username]\").should(\"contain.text\", \"admin\");",
              "err": {
                "message": "AssertionError: Timed out retrying after 4000ms: expected '<h1.text-center>' to contain text 'admin', but the text was ' Utilisateur charly Admin'",
                "estack": "AssertionError: Timed out retrying after 4000ms: expected '<h1.text-center>' to contain text 'admin', but the text was ' Utilisateur charly Admin'\n    at Context.eval (webpack://frontend/./cypress/e2e/frontend/user.cy.js:170:35)\n    at runnable.fn (http://localhost:5173/__cypress/runner/cypress_runner.js:138654:19)\n    at callFn (http://localhost:5173/__cypress/runner/cypress_runner.js:157265:21)\n    at Runnable.run (http://localhost:5173/__cypress/runner/cypress_runner.js:157252:7)\n    at <unknown> (http://localhost:5173/__cypress/runner/cypress_runner.js:163176:30)\n    at PassThroughHandlerContext.finallyHandler (http://localhost:5173/__cypress/runner/cypress_runner.js:4072:23)\n    at PassThroughHandlerContext.tryCatcher (http://localhost:5173/__cypress/runner/cypress_runner.js:1807:23)\n    at Promise._settlePromiseFromHandler (http://localhost:5173/__cypress/runner/cypress_runner.js:1519:31)",
                "diff": "- ' Utilisateur charly Admin'\n+ 'admin'\n"
              },
              "uuid": "fe00a56d-82b1-4a93-a02b-cf02532806af",
              "parentUUID": "d3bba7f5-de2d-4293-8cde-7519582fac6d",
              "isHook": false,
              "skipped": false
            }
          ],
          "suites": [],
          "passes": [],
          "failures": [
            "ffea4f07-a951-45df-8893-bc9daaa402ff",
            "bdad8159-a797-4087-a027-dfdbfb5b7e26",
            "fe00a56d-82b1-4a93-a02b-cf02532806af"
          ],
          "pending": [],
          "skipped": [],
          "duration": 17805,
          "root": false,
          "rootEmpty": false,
          "_timeout": 2000
        }
      ],
      "passes": [],
      "failures": [],
      "pending": [],
      "skipped": [],
      "duration": 0,
      "root": true,
      "rootEmpty": true,
      "_timeout": 2000
    }
  ],
  "meta": {
    "mocha": {
      "version": "7.0.1"
    },
    "mochawesome": {
      "options": {
        "quiet": false,
        "reportFilename": "mochawesome",
        "saveHtml": false,
        "saveJson": true,
        "consoleReporter": "spec",
        "useInlineDiffs": false,
        "code": true
      },
      "version": "7.1.3"
    },
    "marge": {
      "options": {
        "reportDir": "cypress/results",
        "overwrite": false,
        "html": false,
        "json": true
      },
      "version": "6.2.0"
    }
  }
}